1552996688760	geckodriver	INFO	geckodriver 0.21.0
1552996688777	geckodriver	INFO	Listening on 127.0.0.1:55166
1552996691817	mozrunner::runner	INFO	Running command: "D:\\常用软件\\火狐\\install\\firefox.exe" "-marionette" "-foreground" "-no-remote" "-profile" "C:\\Users\\chenj\\AppData\\Local\\Temp\\rust_mozprofile.rvoo3TRjiZ0C"
1552996692308	addons.webextension.screenshots@mozilla.org	WARN	Loading extension 'screenshots@mozilla.org': Reading manifest: Invalid host permission: resource://pdf.js/
1552996692308	addons.webextension.screenshots@mozilla.org	WARN	Loading extension 'screenshots@mozilla.org': Reading manifest: Invalid host permission: about:reader*
1552996692458	Marionette	TRACE	Received observer notification profile-after-change
1552996692622	Marionette	TRACE	Received observer notification toplevel-window-ready
1552996692661	Marionette	TRACE	Received observer notification command-line-startup
1552996692661	Marionette	TRACE	Received observer notification nsPref:changed
1552996692661	Marionette	DEBUG	Init aborted (running=false, enabled=true, finalUIStartup=false)
1552996692739	Marionette	TRACE	Received observer notification toplevel-window-ready
1552996693897	Marionette	TRACE	Received observer notification sessionstore-windows-restored
1552996693897	Marionette	TRACE	Waiting until startup recorder finished recording startup scripts...
1552996693998	Marionette	TRACE	All scripts recorded.
1552996693998	Marionette	DEBUG	Setting recommended pref app.update.disabledForTesting to true
1552996693999	Marionette	DEBUG	Setting recommended pref apz.content_response_timeout to 60000
1552996693999	Marionette	DEBUG	Setting recommended pref browser.contentblocking.introCount to 99
1552996693999	Marionette	DEBUG	Setting recommended pref browser.download.panel.shown to true
1552996693999	Marionette	DEBUG	Setting recommended pref browser.newtabpage.enabled to false
1552996694000	Marionette	DEBUG	Setting recommended pref browser.pagethumbnails.capturing_disabled to true
1552996694000	Marionette	DEBUG	Setting recommended pref browser.search.update to false
1552996694001	Marionette	DEBUG	Setting recommended pref browser.tabs.disableBackgroundZombification to false
1552996694001	Marionette	DEBUG	Setting recommended pref browser.tabs.warnOnCloseOtherTabs to false
1552996694001	Marionette	DEBUG	Setting recommended pref browser.tabs.warnOnOpen to false
1552996694002	Marionette	DEBUG	Setting recommended pref browser.usedOnWindows10.introURL to 
1552996694003	Marionette	DEBUG	Setting recommended pref browser.urlbar.suggest.searches to false
1552996694003	Marionette	DEBUG	Setting recommended pref datareporting.policy.dataSubmissionPolicyAccepted to false
1552996694003	Marionette	DEBUG	Setting recommended pref dom.disable_beforeunload to true
1552996694003	Marionette	DEBUG	Setting recommended pref dom.disable_open_during_load to false
1552996694004	Marionette	DEBUG	Setting recommended pref dom.file.createInChild to true
1552996694004	Marionette	DEBUG	Setting recommended pref dom.max_chrome_script_run_time to 0
1552996694004	Marionette	DEBUG	Setting recommended pref dom.max_script_run_time to 0
1552996694004	Marionette	DEBUG	Setting recommended pref extensions.getAddons.cache.enabled to false
1552996694004	Marionette	DEBUG	Setting recommended pref extensions.webservice.discoverURL to http://%(server)s/dummy/discoveryURL
1552996694004	Marionette	DEBUG	Setting recommended pref network.http.prompt-temp-redirect to false
1552996694004	Marionette	DEBUG	Setting recommended pref network.http.speculative-parallel-limit to 0
1552996694004	Marionette	DEBUG	Setting recommended pref security.fileuri.strict_origin_policy to false
1552996694005	Marionette	DEBUG	Setting recommended pref security.notification_enable_delay to 0
1552996694005	Marionette	DEBUG	Setting recommended pref signon.autofillForms to false
1552996694005	Marionette	DEBUG	Setting recommended pref signon.rememberSignons to false
1552996694006	Marionette	DEBUG	Setting recommended pref toolkit.cosmeticAnimations.enabled to false
1552996694064	Marionette	INFO	Listening on port 55177
1552996694064	Marionette	DEBUG	Remote service is active
1552996694536	Marionette	DEBUG	Accepted connection 0 from 127.0.0.1:55193
1552996694543	Marionette	DEBUG	0 -> [0,1,"WebDriver:NewSession",{"acceptInsecureCerts":true,"browserName":"firefox","capabilities":{"desiredCapabilities":{"acceptInsecureCerts":true,"browserName":"firefox"}}}]
1552996694544	Marionette	WARN	TLS certificate errors will be ignored for this session
1552996694591	Marionette	TRACE	[6442450945] Frame script loaded
1552996694592	Marionette	TRACE	[6442450945] Frame script registered
1552996694597	Marionette	DEBUG	0 <- [1,1,null,{"sessionId":"d72cb7e7-d5cf-4698-b7ed-7e84edaa3b0e","capabilities":{"browserName":"firefox","browserVersion":"65.0. ... alse,"moz:webdriverClick":true,"capabilities":{"desiredCapabilities":{"acceptInsecureCerts":true,"browserName":"firefox"}}}}]
1552996694643	Marionette	DEBUG	0 -> [0,2,"WebDriver:Navigate",{"url":"http://sso.vdongchina.com"}]
1552996694651	Marionette	TRACE	[6442450945] Received DOM event beforeunload for about:blank
1552996694847	Marionette	TRACE	[6442450945] Received DOM event pagehide for about:blank
1552996695877	Marionette	TRACE	[6442450945] Received DOM event DOMContentLoaded for https://sso.vdongchina.com/
1552996695884	Marionette	TRACE	[6442450945] Received DOM event pageshow for https://sso.vdongchina.com/
1552996695886	Marionette	DEBUG	0 <- [1,2,null,{"value":null}]
1552996695896	Marionette	DEBUG	0 -> [0,3,"WebDriver:FindElement",{"using":"css selector","value":"[id=\"inphoneinput\"]"}]
1552996695901	Marionette	DEBUG	0 <- [1,3,null,{"value":{"element-6066-11e4-a52e-4f735466cecf":"22b6cf70-4cd5-41b5-9337-0308fdbd1def"}}]
1552996695904	Marionette	DEBUG	0 -> [0,4,"WebDriver:FindElement",{"using":"css selector","value":"[id=\"inphoneinput\"]"}]
1552996695908	Marionette	DEBUG	0 <- [1,4,null,{"value":{"element-6066-11e4-a52e-4f735466cecf":"22b6cf70-4cd5-41b5-9337-0308fdbd1def"}}]
1552996695911	Marionette	DEBUG	0 -> [0,5,"WebDriver:ElementClear",{"id":"22b6cf70-4cd5-41b5-9337-0308fdbd1def"}]
1552996695914	Marionette	DEBUG	0 <- [1,5,null,{"value":null}]
1552996695917	Marionette	DEBUG	0 -> [0,6,"WebDriver:FindElement",{"using":"css selector","value":"[id=\"inphoneinput\"]"}]
1552996695922	Marionette	DEBUG	0 <- [1,6,null,{"value":{"element-6066-11e4-a52e-4f735466cecf":"22b6cf70-4cd5-41b5-9337-0308fdbd1def"}}]
1552996695926	Marionette	DEBUG	0 -> [0,7,"WebDriver:ElementSendKeys",{"id":"22b6cf70-4cd5-41b5-9337-0308fdbd1def","text":"vdongshops","value":["v","d","o","n","g","s","h","o","p","s"]}]
1552996695960	Marionette	DEBUG	0 <- [1,7,null,{"value":null}]
1552996695966	Marionette	DEBUG	0 -> [0,8,"WebDriver:FindElement",{"using":"css selector","value":"[id=\"pasword\"]"}]
1552996695976	Marionette	DEBUG	0 <- [1,8,null,{"value":{"element-6066-11e4-a52e-4f735466cecf":"b40b83e3-97a3-4bd9-a05d-ccca277720ec"}}]
1552996695987	Marionette	DEBUG	0 -> [0,9,"WebDriver:FindElement",{"using":"css selector","value":"[id=\"pasword\"]"}]
1552996695997	Marionette	DEBUG	0 <- [1,9,null,{"value":{"element-6066-11e4-a52e-4f735466cecf":"b40b83e3-97a3-4bd9-a05d-ccca277720ec"}}]
1552996696000	Marionette	DEBUG	0 -> [0,10,"WebDriver:ElementClear",{"id":"b40b83e3-97a3-4bd9-a05d-ccca277720ec"}]
1552996696003	Marionette	DEBUG	0 <- [1,10,null,{"value":null}]
1552996696008	Marionette	DEBUG	0 -> [0,11,"WebDriver:FindElement",{"using":"css selector","value":"[id=\"pasword\"]"}]
1552996696010	Marionette	DEBUG	0 <- [1,11,null,{"value":{"element-6066-11e4-a52e-4f735466cecf":"b40b83e3-97a3-4bd9-a05d-ccca277720ec"}}]
1552996696012	Marionette	DEBUG	0 -> [0,12,"WebDriver:ElementSendKeys",{"id":"b40b83e3-97a3-4bd9-a05d-ccca277720ec","text":"1234567890","value":["1","2","3","4","5","6","7","8","9","0"]}]
1552996696063	Marionette	DEBUG	0 <- [1,12,null,{"value":null}]
1552996696066	Marionette	DEBUG	0 -> [0,13,"WebDriver:FindElements",{"using":"css selector","value":"button"}]
1552996696069	Marionette	DEBUG	0 <- [1,13,null,[{"element-6066-11e4-a52e-4f735466cecf":"80475c26-38e3-4471-a952-aa6192c4bc18"}]]
1552996696077	Marionette	DEBUG	0 -> [0,14,"WebDriver:GetElementText",{"id":"80475c26-38e3-4471-a952-aa6192c4bc18"}]
1552996696089	Marionette	DEBUG	0 <- [1,14,null,{"value":"登录"}]
1552996696093	Marionette	DEBUG	0 -> [0,15,"WebDriver:ElementClick",{"id":"80475c26-38e3-4471-a952-aa6192c4bc18"}]
1552996696309	Marionette	DEBUG	[6442450945] Canceled page load listener because no navigation has been detected
1552996696310	Marionette	DEBUG	0 <- [1,15,null,{"value":null}]
1552996696313	Marionette	DEBUG	0 -> [0,16,"WebDriver:MaximizeWindow",{}]
1552996696572	Marionette	DEBUG	0 <- [1,16,null,{"x":-8,"y":-8,"width":1936,"height":1056,"state":"maximized"}]
1552996696603	Marionette	DEBUG	Closed connection 0
JavaScript error: https://xiao.vdongchina.com/web/index.php?c=utility&a=visit&do=showjs&type=account, line 1: SyntaxError: expected expression, got '<'
console.error: BroadcastService: 
  receivedBroadcastMessage: handler for
  remote-settings/monitor_changes
  threw error:
  Message: Error: Polling for changes failed: NetworkError when attempting to fetch resource..
  Stack:
    remoteSettingsFunction/remoteSettings.pollChanges@resource://services-settings/remote-settings.js:188:13

[Parent 15516, Gecko_IOThread] WARNING: pipe error: 109: file z:/build/build/src/ipc/chromium/src/chrome/common/ipc_channel_win.cc, line 332
[Parent 15516, Gecko_IOThread] WARNING: pipe error: 109: file z:/build/build/src/ipc/chromium/src/chrome/common/ipc_channel_win.cc, line 332
[Child 11820, Chrome_ChildThread] WARNING: pipe error: 232: file z:/build/build/src/ipc/chromium/src/chrome/common/ipc_channel_win.cc, line 493

###!!! [Child][MessageChannel] Error: (msgtype=0x520011,name=PHttpChannel::Msg___delete__) Channel closing: too late to send/recv, messages will be lost


###!!! [Child][RunMessage] Error: Channel closing: too late to send/recv, messages will be lost


###!!! [Child][RunMessage] Error: Channel closing: too late to send/recv, messages will be lost


###!!! [Child][RunMessage] Error: Channel closing: too late to send/recv, messages will be lost


###!!! [Child][RunMessage] Error: Channel closing: too late to send/recv, messages will be lost


###!!! [Child][RunMessage] Error: Channel closing: too late to send/recv, messages will be lost

[Child 11820, Chrome_Chil[Child 16068, Chrome_ChildThread] WARNING: pipe error: 109: file z:/build/build/src/ipc/chromium/src/chrome/common/ipc_channel_win.cc, line 332
[[Parent 15516, Gecko_IOThread] WARNING: pipe error: 109: file z:/build/build/src/ipc/chromium/src/chrome/common/ipc_channel_win.cc, line 332
1552999534627	Marionette	TRACE	Received observer notification xpcom-will-shutdown
1552999534627	Marionette	DEBUG	Resetting recommended pref app.update.disabledForTesting
1552999534627	Marionette	DEBUG	Resetting recommended pref apz.content_response_timeout
1552999534627	Marionette	DEBUG	Resetting recommended pref browser.contentblocking.introCount
1552999534627	Marionette	DEBUG	Resetting recommended pref browser.download.panel.shown
1552999534627	Marionette	DEBUG	Resetting recommended pref browser.newtabpage.enabled
1552999534628	Marionette	DEBUG	Resetting recommended pref browser.pagethumbnails.capturing_disabled
1552999534628	Marionette	DEBUG	Resetting recommended pref browser.search.update
1552999534628	Marionette	DEBUG	Resetting recommended pref browser.tabs.disableBackgroundZombification
1552999534628	Marionette	DEBUG	Resetting recommended pref browser.tabs.warnOnCloseOtherTabs
1552999534628	Marionette	DEBUG	Resetting recommended pref browser.tabs.warnOnOpen
1552999534629	Marionette	DEBUG	Resetting recommended pref browser.usedOnWindows10.introURL
1552999534629	Marionette	DEBUG	Resetting recommended pref browser.urlbar.suggest.searches
1552999534629	Marionette	DEBUG	Resetting recommended pref datareporting.policy.dataSubmissionPolicyAccepted
1552999534629	Marionette	DEBUG	Resetting recommended pref dom.disable_beforeunload
1552999534629	Marionette	DEBUG	Resetting recommended pref dom.disable_open_during_load
1552999534629	Marionette	DEBUG	Resetting recommended pref dom.file.createInChild
1552999534629	Marionette	DEBUG	Resetting recommended pref dom.max_chrome_script_run_time
1552999534629	Marionette	DEBUG	Resetting recommended pref dom.max_script_run_time
1552999534630	Marionette	DEBUG	Resetting recommended pref extensions.getAddons.cache.enabled
1552999534630	Marionette	DEBUG	Resetting recommended pref extensions.webservice.discoverURL
1552999534630	Marionette	DEBUG	Resetting recommended pref network.http.prompt-temp-redirect
1552999534630	Marionette	DEBUG	Resetting recommended pref network.http.speculative-parallel-limit
1552999534630	Marionette	DEBUG	Resetting recommended pref security.fileuri.strict_origin_policy
1552999534630	Marionette	DEBUG	Resetting recommended pref security.notification_enable_delay
1552999534630	Marionette	DEBUG	Resetting recommended pref signon.autofillForms
1552999534630	Marionette	DEBUG	Resetting recommended pref signon.rememberSignons
1552999534630	Marionette	DEBUG	Resetting recommended pref toolkit.cosmeticAnimations.enabled
1552999534630	Marionette	INFO	Stopped listening on port 55177
1552999534630	Marionette	DEBUG	Remote service is inactive

###!!! [Child][MessageChannel::SendAndWait] Error: Channel error: cannot send/recv

