2018-11-12 16:57:13 [scrapy.utils.log] INFO: Scrapy 1.5.1 started (bot: plusSpider)
2018-11-12 16:57:13 [scrapy.utils.log] INFO: Versions: lxml 3.2.1.0, libxml2 2.9.1, cssselect 1.0.3, parsel 1.5.1, w3lib 1.19.0, Twisted 18.9.0, Python 2.7.5 (default, Jul 13 2018, 13:06:57) - [GCC 4.8.5 20150623 (Red Hat 4.8.5-28)], pyOpenSSL 18.0.0 (OpenSSL 1.1.0i  14 Aug 2018), cryptography 2.3.1, Platform Linux-3.10.0-693.el7.x86_64-x86_64-with-centos-7.4.1708-Core
2018-11-12 16:57:13 [scrapy.crawler] INFO: Overridden settings: {'NEWSPIDER_MODULE': 'plusSpider.spiders', 'SPIDER_MODULES': ['plusSpider.spiders'], 'LOG_FILE': 'plus.log', 'BOT_NAME': 'plusSpider'}
2018-11-12 16:57:13 [scrapy.middleware] INFO: Enabled extensions:
['scrapy.extensions.memusage.MemoryUsage',
 'scrapy.extensions.logstats.LogStats',
 'scrapy.extensions.telnet.TelnetConsole',
 'scrapy.extensions.corestats.CoreStats']
2018-11-12 16:57:13 [scrapy.middleware] INFO: Enabled downloader middlewares:
['scrapy.downloadermiddlewares.httpauth.HttpAuthMiddleware',
 'scrapy.downloadermiddlewares.downloadtimeout.DownloadTimeoutMiddleware',
 'scrapy.downloadermiddlewares.defaultheaders.DefaultHeadersMiddleware',
 'scrapy.downloadermiddlewares.useragent.UserAgentMiddleware',
 'scrapy.downloadermiddlewares.retry.RetryMiddleware',
 'scrapy.downloadermiddlewares.redirect.MetaRefreshMiddleware',
 'scrapy.downloadermiddlewares.httpcompression.HttpCompressionMiddleware',
 'scrapy.downloadermiddlewares.redirect.RedirectMiddleware',
 'scrapy.downloadermiddlewares.cookies.CookiesMiddleware',
 'scrapy.downloadermiddlewares.httpproxy.HttpProxyMiddleware',
 'scrapy.downloadermiddlewares.stats.DownloaderStats']
2018-11-12 16:57:13 [scrapy.middleware] INFO: Enabled spider middlewares:
['scrapy.spidermiddlewares.httperror.HttpErrorMiddleware',
 'scrapy.spidermiddlewares.offsite.OffsiteMiddleware',
 'scrapy.spidermiddlewares.referer.RefererMiddleware',
 'scrapy.spidermiddlewares.urllength.UrlLengthMiddleware',
 'scrapy.spidermiddlewares.depth.DepthMiddleware']
2018-11-12 16:57:13 [scrapy.middleware] INFO: Enabled item pipelines:
[]
2018-11-12 16:57:13 [scrapy.core.engine] INFO: Spider opened
2018-11-12 16:57:13 [scrapy.extensions.logstats] INFO: Crawled 0 pages (at 0 pages/min), scraped 0 items (at 0 items/min)
2018-11-12 16:57:13 [scrapy.extensions.telnet] DEBUG: Telnet console listening on 127.0.0.1:6023
2018-11-12 16:57:14 [scrapy.core.engine] DEBUG: Crawled (200) <POST https://portal.xiaodianpu.com/api/auth/login> (referer: None)
2018-11-12 16:57:14 [scrapy.core.scraper] ERROR: Spider error processing <POST https://portal.xiaodianpu.com/api/auth/login> (referer: None)
Traceback (most recent call last):
  File "/usr/lib64/python2.7/site-packages/twisted/internet/defer.py", line 654, in _runCallbacks
    current.result = callback(current.result, *args, **kw)
  File "/root/plusSpider/plusSpider/spiders/plus_spider.py", line 26, in parse
    print username.extract()[0]
IndexError: list index out of range
2018-11-12 16:57:14 [scrapy.core.engine] INFO: Closing spider (finished)
2018-11-12 16:57:14 [scrapy.statscollectors] INFO: Dumping Scrapy stats:
{'downloader/request_bytes': 475,
 'downloader/request_count': 1,
 'downloader/request_method_count/POST': 1,
 'downloader/response_bytes': 940,
 'downloader/response_count': 1,
 'downloader/response_status_count/200': 1,
 'finish_reason': 'finished',
 'finish_time': datetime.datetime(2018, 11, 12, 8, 57, 14, 957247),
 'log_count/DEBUG': 2,
 'log_count/ERROR': 1,
 'log_count/INFO': 7,
 'memusage/max': 45420544,
 'memusage/startup': 45420544,
 'response_received_count': 1,
 'scheduler/dequeued': 1,
 'scheduler/dequeued/memory': 1,
 'scheduler/enqueued': 1,
 'scheduler/enqueued/memory': 1,
 'spider_exceptions/IndexError': 1,
 'start_time': datetime.datetime(2018, 11, 12, 8, 57, 13, 775002)}
2018-11-12 16:57:14 [scrapy.core.engine] INFO: Spider closed (finished)
