1548397039405	geckodriver	INFO	geckodriver 0.21.0
1548397039416	geckodriver	INFO	Listening on 127.0.0.1:14538
1548397042437	mozrunner::runner	INFO	Running command: "F:\\火狐浏览器\\firefox.exe" "-marionette" "-foreground" "-no-remote" "-profile" "C:\\Users\\chenya\\AppData\\Local\\Temp\\rust_mozprofile.buLKioJmNSpM"
1548397044565	Marionette	INFO	Listening on port 14547
1548397044642	Marionette	WARN	TLS certificate errors will be ignored for this session
Unable to read VR Path Registry from C:\Users\chenya\AppData\Local\openvr\openvrpaths.vrpath
JavaScript error: https://test-sso-xiao.vdongchina.com/web/index.php?c=utility&a=visit&do=showjs&type=account, line 1: SyntaxError: expected expression, got '<'
JavaScript error: https://test-sso-xiao.vdongchina.com/web/index.php?c=utility&a=visit&do=showjs&type=account, line 1: SyntaxError: expected expression, got '<'
JavaScript error: https://test-sso-xiao.vdongchina.com/web/index.php?c=utility&a=visit&do=showjs&type=account, line 1: SyntaxError: expected expression, got '<'
Unable to read VR Path Registry from C:\Users\chenya\AppData\Local\openvr\openvrpaths.vrpath
[Parent 9484, Gecko_IOThread] WARNING: pipe error: 109: file z:/build/build/src/ipc/chromium/src/chrome/common/ipc_channel_win.cc, line 346
Unable to read VR Path Registry from C:\Users\chenya\AppData\Local\openvr\openvrpaths.vrpath
[Child 9596, Chrome_ChildThread] WARNING: pipe error: 109: file z:/build/build/src/ipc/chromium/src/chrome/common/ipc_channel_win.cc, line 346
[Parent 9484, Gecko_IOThread] WARNING: pipe error: 109: file z:/build/build/src/ipc/chromium/src/chrome/common/ipc_channel_win.cc, line 346
Unable to read VR Path Registry from C:\Users\chenya\AppData\Local\openvr\openvrpaths.vrpath
[Child 10312, Chrome_ChildThread] WARNING: pipe error: 109: file z:/build/build/src/ipc/chromium/src/chrome/common/ipc_channel_win.cc, line 346
[Child 10312, Chrome_ChildThread] WARNING: pipe error: 109: file z:/build/build/src/ipc/chromium/src/chrome/common/ipc_channel_win.cc, line 346
[Parent 9484, Gecko_IOThread] WARNING: pipe error: 109: file z:/build/build/src/ipc/chromium/src/chrome/common/ipc_channel_win.cc, line 346
Unable to read VR Path Registry from C:\Users\chenya\AppData\Local\openvr\openvrpaths.vrpath
[Child 10508, Chrome_ChildThread] WARNING: pipe error: 109: file z:/build/build/src/ipc/chromium/src/chrome/common/ipc_channel_win.cc, line 346
[Child 10508, Chrome_ChildThread] WARNING: pipe error: 109: file z:/build/build/src/ipc/chromium/src/chrome/common/ipc_channel_win.cc, line 346
[Parent 9484, Gecko_IOThread] WARNING: pipe error: 109: file z:/build/build/src/ipc/chromium/src/chrome/common/ipc_channel_win.cc, line 346
Unable to read VR Path Registry from C:\Users\chenya\AppData\Local\openvr\openvrpaths.vrpath
[Child 1628, Chrome_ChildThread] WARNING: pipe error: 109: file z:/build/build/src/ipc/chromium/src/chrome/common/ipc_channel_win.cc, line 346
[Child 1628, Chrome_ChildThread] WARNING: pipe error: 109: file z:/build/build/src/ipc/chromium/src/chrome/common/ipc_channel_win.cc, line 346
JavaScript error: https://test-sso-xiao.vdongchina.com/web/index.php?c=utility&a=visit&do=showjs&type=account, line 1: SyntaxError: expected expression, got '<'
[Parent 9484, Gecko_IOThread] WARNING: pipe error: 109: file z:/build/build/src/ipc/chromium/src/chrome/common/ipc_channel_win.cc, line 346
JavaScript error: jar:file:///F:/%E7%81%AB%E7%8B%90%E6%B5%8F%E8%A7%88%E5%99%A8/omni.ja!/components/nsAsyncShutdown.js, line 114: Error: We have already registered a distinct blocker with the same name: Crash Reporter: blocking on minidumpgeneration.
JavaScript error: jar:file:///F:/%E7%81%AB%E7%8B%90%E6%B5%8F%E8%A7%88%E5%99%A8/omni.ja!/components/nsAsyncShutdown.js, line 114: Error: We have already registered a distinct blocker with the same name: Crash Reporter: blocking on minidumpgeneration.
JavaScript error: jar:file:///F:/%E7%81%AB%E7%8B%90%E6%B5%8F%E8%A7%88%E5%99%A8/omni.ja!/components/nsAsyncShutdown.js, line 114: Error: We have already registered a distinct blocker with the same name: Crash Reporter: blocking on minidumpgeneration.
Unable to read VR Path Registry from C:\Users\chenya\AppData\Local\openvr\openvrpaths.vrpath
[Child 3644, Chrome_ChildThread] WARNING: pipe error: 109: file z:/build/build/src/ipc/chromium/src/chrome/common/ipc_channel_win.cc, line 346
[Child 3644, Chrome_ChildThread] WARNING: pipe error: 109: file z:/build/build/src/ipc/chromium/src/chrome/common/ipc_channel_win.cc, line 346
[Parent 9484, Gecko_IOThread] WARNING: pipe error: 232: file z:/build/build/src/ipc/chromium/src/chrome/common/ipc_channel_win.cc, line 513
A content process crashed and MOZ_CRASHREPORTER_SHUTDOWN is set, shutting down
[Parent 9484, Gecko_IOThread] WARNING: pipe error: 109: file z:/build/build/src/ipc/chromium/src/chrome/common/ipc_channel_win.cc, line 346
Unable to read VR Path Registry from C:\Users\chenya\AppData\Local\openvr\openvrpaths.vrpath
[Child 3568, Chrome_ChildThread] WARNING: pipe error: 109: file z:/build/build/src/ipc/chromium/src/chrome/common/ipc_channel_win.cc, line 346
[Child 3568, Chrome_ChildThread] WARNING: pipe error: 109: file z:/build/build/src/ipc/chromium/src/chrome/common/ipc_channel_win.cc, line 346
[Parent 9484, Gecko_IOThread] WARNING: pipe error: 109: file z:/build/build/src/ipc/chromium/src/chrome/common/ipc_channel_win.cc, line 346
Unable to read VR Path Registry from C:\Users\chenya\AppData\Local\openvr\openvrpaths.vrpath
[Child 4024, Chrome_ChildThread] WARNING: pipe error: 109: file z:/build/build/src/ipc/chromium/src/chrome/common/ipc_channel_win.cc, line 346
[Child 4024, Chrome_ChildThread] WARNING: pipe error: 109: file z:/build/build/src/ipc/chromium/src/chrome/common/ipc_channel_win.cc, line 346
[Parent 9484, Gecko_IOThread] WARNING: pipe error: 109: file z:/build/build/src/ipc/chromium/src/chrome/common/ipc_channel_win.cc, line 346
path
[Parent 10092, Gecko_IOThread] WARNING: pipe error: 109: file z:/build/build/src/ipc/chromium/src/chrome/common/ipc_channel_win.cc, line 346
Unable to read VR Path Registry from C:\Users\chenya\AppData\Local\openvr\openvrpaths.vrpath
[Child 11500, Chrome_ChildThread] WARNING: pipe error: 109: file z:/build/build/src/ipc/chromium/src/chrome/common/ipc_channel_win.cc, Unable to read VR Path Registry from C:\Users\chenya\AppData\Local\openvr\openvrpaths.vrpath
[Parent 12000, Gecko_IOThread] WARNING: pipe error: 109: file z:/build/build/src/ipc/chromium/src/chrome/common/ipc_channel_win.cc, line 346
[Parent 12000, Gecko_IOThread] WARNING: pipe error: 109: file z:/build/build/src/ipc/chromium/src/chrome/common/ipc_channel_win.cc, line 346
Unable to read VR Path Registry from C:\Users\chenya\AppData\Local\openvr\openvrpaths.vrpath
[Child 9280, Chrome_ChildThread] WARNING: pipe error: 109: file z:/build/build/src/ipc/chromium/src/chrome/common/ipc_channel_win.cc, line 346
[Child 9280, Chrome_ChildThread] WARNING: pipe error: 109: file z:/build/build/src/ipc/chromium/src/chrome/common/ipc_channel_win.cc, line 346
Unable to read VR Path Regist1548400483741	mozrunner::runner	INFO	Running command: "F:\\火狐浏览器\\firefox.exe" "-marionette" "-foreground" "-no-remote" "-profile" "C:\\Users\\chenya\\AppData\\Local\\Temp\\rust_mozprofile.RCIAv6wWPsZ6"
1548400486376	Marionette	INFO	Listening on port 17504
1548400486463	Marionette	WARN	TLS certificate errors will be ignored for this session
Unable to read VR Path Registry from C:\Users\chenya\AppData\Local\openvr\openvrpaths.vrpath
[Parent 11944, Gecko_IOThread] WARNING: pipe error: 109: file z:/build/build/src/ipc/chromium/src/chrome/common/ipc_channel_win.cc, line 346
Unable to read VR Path Registry from C:\Users\chenya\AppData\Local\openvr\openvrpaths.vrpath
[Child 8084, Chrome_ChildThread] WARNING: pipe error: 109: file z:/build/build/src/ipc/chromium/src/chrome/common/ipc_channel_win.cc, line 346
[Child 8084, Chrome_ChildThread] WARNING: pipe error: 109: file z:/build/build/src/ipc/chromium/src/chrome/common/ipc_channel_win.cc, line 346
Unable to read VR Path Registry from C:\Users\chenya\AppData\Local\openvr\openvrpat1548401049699	Marionette	INFO	Listening on port 18014
1548401049953	Marionette	WARN	TLS certificate errors will be ignored for this session
Unable to read VR Path Registry from C:\Users\chenya\AppData\Local\openvr\openvrpaths.vrpath
JavaScript error: , line 0: uncaught exception: cancel
IPDL protocol error: Handler returned error code!

###!!! [Parent][DispatchAsyncMessage] Error: PLayerTransaction::Msg_ReleaseLayer Processing error: message was deserialized, but the handler returned false (indicating failure)

IPDL protocol error: Handler returned error code!

###!!! [Parent][DispatchAsyncMessage] Error: PLayerTransaction::Msg_ReleaseLayer Processing error: message was deserialized, but the handler returned false (indicating failure)

IPDL protocol error: Handler returned error code!

###!!! [Parent][DispatchAsyncMessage] Error: PLayerTransaction::Msg_ReleaseLayer Processing error: message was deserialized, but the handler returned false (indicating failure)

IPDL protocol error: Handler returned error code!

###!!! [Parent][DispatchAsyncMessage] Error: PLayerTransaction::Msg_ReleaseLayer Processing error: message was deserialized, but the handler returned false (indicating failure)

IPDL protocol error: Handler returned error code!

###!!! [Parent][DispatchAsyncMessage] Error: PLayerTransaction::Msg_ReleaseLayer Processing error: message was deserialized, but the handler returned false (indicating failure)

Unable to read VR Path Registry from C:\Users\chenya\AppData\Local\openvr\openvrpaths.vrpath
[Parent 9952, Gecko_IOThread] WARNING: pipe error: 109: file z:/build/build/src/ipc/chromium/src/chrome/common/ipc_channel_win.cc, line 346
[Parent 9952, Gecko_IOThread] WARNING: pipe error: 109: file z:/build/build/src/ipc/chromium/src/chrome/common/ipc_channel_win.cc, line 346
[Child 9784, Chrome_ChildThread] WARNING: pipe error: 109: file z:/build/build/src/ipc/chromium/src/chrome/common/ipc_channel_win.cc, line 346
[Child 9784, Chrome_ChildThread] WARNING: pipe error: 109: file z:/build/build/src/ipc/chromium/src/chrome/common/ipc_channel_win.cc, line 346
Unable to read VR Path Registry from C:\Users\chenya\AppData\Local\openvr\openvrpaths.vrpath
[Child 9928, Chrome_ChildThread] WARNING: pipe error: 109: file z:/build/build/src/ipc/chromium/src/chrome/common/ipc_channel_win.cc, line 346
[Child 9928, Chrome_ChildThread] WARNING: pipe error: 109: file z:/build/build/src/ipc/chromium/src/chrome/common/ipc_channel_win.cc, line 346
Unable to read VR Path Registry from C:\Users\chenya\AppData\Local\openvr\openvrpaths.vrpath
[Child 5588, Chrome_ChildThread] WARNING: pipe error: 109: file z:/build/build/src/ipc/chromium/src/chrome/common/ipc_channel_win.cc, line 346
[Child 5588, Chrome_ChildThread] WARNING: pipe error: 109: file z:/build/build/src/ipc/chromium/src/chrome/common/ipc_channel_win.cc, line 346
erTimer called after profile-before-change notification. Ignoring timer registration for id: telemetry_modules_ping
1548401381338	geckodriver	INFO	geckodriver 0.21.0
1548401381348	geckodriver	INFO	Listening on 127.0.0.1:18520
1548401384390	mozrunner::runner	INFO	Running command: "F:\\火狐浏览器\\firefox.exe" "-marionette" "-foreground" "-no-remote" "-profile" "C:\\Users\\chenya\\AppData\\Local\\Temp\\rust_mozprofile.zXHsnvKqks8N"
1548401386635	Marionette	INFO	Listening on port 18532
1548401387117	Marionette	WARN	TLS certificate errors will be ignored for this session
Unable to read VR Path Registry from C:\Users\chenya\AppData\Local\openvr\openvrpaths.vrpath
[Child 10864, Chrome_ChildThread] WARNING: pipe error: 109: file z:/build/build/src/ipc/chromium/src/chrome/common/ipc_channel_win.cc, line 346
[Child 10864, Chrome_ChildThread] WARNING: pipe error: 109: file z:/build/build/src/ipc/chromium/src/chrome/common/ipc_channel_win.cc, line 346
Unable to read VR Path Registry from C:\Users\chenya\AppData\Local\openvr\openvrpUnable to read VR Path Registry from C:\Users\chenya\AppData\Local\openvr\openvrpaths.vrpath
[Child 11952, Chrome_ChildThread] WARNING: pipe error: 109: file z:/build/build/src/ipc/chromium/src/chrome/common/ipc_channel_win.cc, line 346
Unable to read VR Path Registry from C:\Users\chenya\AppData\Local\openvr\openvrpaths.vrpath
[Child 6232, Chrome_ChildThread] WARNING: pipe error: 109: file z:/build/build/src/ipc/chromium/src/chrome/common/ipc_channel_win.cc, line 346
[Child 6232, Chrome_ChildThread] WARNING: pipe error: 109: file z:/build/build/src/ipc/chromium/src/chrome/common/ipc_channel_win.cc, line 346
Unable to read VR Path Registry from C:\Users\chenya\AppData\Local\openvr\openvrpaths.vrpath
[Parent 10544, Gecko_IOThread] WARNING: file z:/build/build/src/ipc/chromium/src/base/process_util_win.cc, line 188
9: file z:/build/build/src/ipc/chromium/src/chrome/common/ipc_channel_win.cc, line 346
Unable to read VR Path Registry from C:\Users\chenya\AppData\Local\openvr\openvrpaths.vrpath
[Child 12144, Chrome_ChildThread] WARNING: pipe error: 109: file z:/build/build/src/ipc/chromium/src/chrome/common/ipc_channel_win.cc, line 346
[Child 12144, Chrome_ChildThread] WARNING: pipe error: 109: file z:/build/build/src/ipc/chromium/src/chrome/common/ipc_channel_win.cc, line 346
1548402832095	geckodriver	INFO	geckodriver 0.21.0
1548402832104	geckodriver	INFO	Listening on 127.0.0.1:20790
1548402835107	mozrunner::runner	INFO	Running command: "F:\\火狐浏览器\\firefox.exe" "-marionette" "-foreground" "-no-remote" "-profile" "C:\\Users\\chenya\\AppData\\Local\\Temp\\rust_mozprofile.Lo2OTW97xnhh"
1548402837375	Marionette	INFO	Listening on port 20802
1548402837434	Marionette	WARN	TLS certificate errors will be ignored for this session
Unable to read VR Path Registry from C:\Users\chenya\AppData\Local\openvr\openvrpaths.vrpath
[Child 10740, Chrome_ChildThread] WARNING: pipe error: 109: file z:/build/build/src/ipc/chromium/src/chrome/common/ipc_channel_win.cc, line 346
[Child 10740, Chrome_ChildThread] WARNING: pipe error: 109: file z:/build/build/src/ipc/chromium/src/chrome/common/ipc_channel_win.cc, line 346
Unable to read VR Path Registry from C:\Users\chenya\AppData\Local\openvr\openvrpaths.vrpath
[Parent 9756, Gecko_IOThread] WARNING: pipe error: 109: file z:/build/build/src/ipc/chromium/src/chrome/common/ipc_channel_win.cc, line 346
1548403150008	geckodriver	INFO	geckodriver 0.21.0
1548403150017	geckodriver	INFO	Listening on 127.0.0.1:21490
1548403153035	mozrunner::runner	INFO	Running command: "F:\\火狐浏览器\\firefox.exe" "-marionette" "-foreground" "-no-remote" "-profile" "C:\\Users\\chenya\\AppData\\Local\\Temp\\rust_mozprofile.RDCtLocdKNRs"
1548403155172	Marionette	INFO	Listening on port 21503
1548403155222	Marionette	WARN	TLS certificate errors will be ignored for this session
Unable to read VR Path Registry from C:\Users\chenya\AppData\Local\openvr\openvrpaths.vrpath
JavaScript error: https://test-sso-xiao.vdongchina.com/web/index.php?c=utility&a=visit&do=showjs&type=account, line 1: SyntaxError: expected expression, got '<'
Unable to read VR Path Registry from C:\Users\chenya\AppData\Local\openvr\openvrpaths.vrpath
[Child 10976, Chrome_ChildThread] WARNING: pipe error: 109: file z:/build/build/src/ipc/chromium/src/chrome/common/ipc_channel_win.cc, line 346
[Child 10976, Chrome_ChildThread] WARNING: pipe error: 109: file z:/build/build/src/ipc/chromium/src/chrome/common/ipc_channel_win.cc, line 346
Unable to read VR Path Registry from C:\Users\chenya\AppData\Local\openvr\openvrpUnable to read VR Path Registry from C:\Users\chenya\AppData\Local\openvr\openvrpaths.vrpath
[Parent 9964, Gecko_IOThread] WARNING: pipe error: 109: file z:/build/build/src/ipc/chromium/src/chrome/common/ipc_channel_win.cc, line 346
[Parent 9964, Gecko_IOThread] WARNING: pipe error: 109: file z:/build/build/src/ipc/chromium/src/chrome/common/ipc_channel_win.cc, line 346
Unable to read VR Path Registry from C:\Users\chenya\AppData\Local\openvr\openvrpaths.vrpath
[Child 10488, Chrome_ChildThread] WARNING: pipe error: 109: file z:/build/build/src/ipc/chromium/src/chrome/common/ipc_channel_win.cc, line 346
[Child 10488, Chrome_ChildThread] WARNING: pipe error: 109: file z:/build/build/src/ipc/chromium/src/chrome/common/ipc_channel_win.cc, line 346
Unable to read VR Path Registry from C:\Users\chenya\AppData\Local\openvr\openvrpaths.vrpath
[Child 1164, Chrome_ChildThread] WARNING: pipe error: 109: file z:/build/build/src/ipc/chromium/src/chrome/common/ipc_channel_win.cc, line 346
[Child 1164, Chrome_ChildThread] WARNING: pipe error: 109: file z:/build/build/src/ipc/chromium/src/chrome/common/ipc_channel_win.cc, line 346
1548404532874	geckodriver	INFO	geckodriver 0.21.0
1548404532883	geckodriver	INFO	Listening on 127.0.0.1:24277
1548404535911	mozrunner::runner	INFO	Running command: "F:\\火狐浏览器\\firefox.exe" "-marionette" "-foreground" "-no-remote" "-profile" "C:\\Users\\chenya\\AppData\\Local\\Temp\\rust_mozprofile.JHzwtzUOXWYf"
1548404537923	Marionette	INFO	Listening on port 24288
1548404538035	Marionette	WARN	TLS certificate errors will be ignored for this session
Unable to read VR Path Registry from C:\Users\chenya\AppData\Local\openvr\openvrpaths.vrpath
[Child 7932, Chrome_ChildThread] WARNING: pipe error: 109: file z:/build/build/src/ipc/chromium/src/chrome/common/ipc_channel_win.cc, line 346
Unable to read VR Path Registry from C:\Users\chenya\AppData\Local\openvr\openvrpaths.vrpath
[Child 7672, Chrome_ChildThread] WARNING: pipe error: 109: file z:/build/build/src/ipc/chromium/src/chrome/common/ipc_channel_win.cc, line 346
[Child 7672, Chrome_ChildThread] WARNING: pipe error: 109: file z:/build/build/src/ipc/chromium/src/chrome/common/ipc_channel_win.cc, line 346
Unable to read VR Path Registry from C:\Users\chenya\AppData\Local\openvr\openvrpaths.vrpath
[Child 12320, Chrome_ChildThread] WARNING: pipe error: 109: file z:/build/build/src/ipc/chromium/src/chrome/common/ipc_channel_win.cc, line 346
Unable to read VR Path Registry from C:\Users\chenya\AppData\Local\openvr\openvrpaths.vrpath
1548404700488	geckodriver	INFO	geckodriver 0.21.0
1548404700497	geckodriver	INFO	Listening on 127.0.0.1:24659
1548404703517	mozrunner::runner	INFO	Running command: "F:\\火狐浏览器\\firefox.exe" "-marionette" "-foreground" "-no-remote" "-profile" "C:\\Users\\chenya\\AppData\\Local\\Temp\\rust_mozprofile.ryRg0amMhr01"
1548404705564	Marionette	INFO	Listening on port 24672
1548404705638	Marionette	WARN	TLS certificate errors will be ignored for this session
Unable to read VR Path Registry from C:\Users\chenya\AppData\Local\openvr\openvrpaths.vrpath
[Parent 10404, Gecko_IOThread] WARNING: pipe error: 109: file z:/build/build/src/ipc/chromium/src/chrome/common/ipc_channel_win.cc, line 346
Unable to read VR Path Registry from C:\Users\chenya\AppData\Local\openvr\openvrpaths.vrpath
[Child 9872, Chrome_ChildThread] WARNING: pipe error: 109: file z:/build/build/src/ipc/chromium/src/chrome/common/ipc_channel_win.cc, line 346
[Child 9872, Chrome_ChildThread] WARNING: pipe error: 109: file z:/build/build/src/ipc/chromium/src/chrome/common/ipc_channel_win.cc, line 346
[Parent 10404, Gecko_IOThread] WARNING: pipe error: 109: file z:/build/build/src/ipc/chromium/src/chrome/common/ipc_channel_win.cc, line 346
Unable to read VR Path Registry from C:\Users\chenya\AppData\Local\openvr\openvrpaths.vrpath
[Child 8608, Chrome_ChildThread] WARNING: pipe error: 109: file z:/build/build/src/ipc/chromium/src/chrome/common/ipc_channel_win.cc, line 346
[Child 8608, Chrome_ChildThread] WARNING: pipe error: 109: file z:/build/build/src/ipc/chromium/src/chrome/common/ipc_channel_win.cc, line 346
Unable to read VR Path Registry from C:\Users\chenya\AppData\Local\openvr\openvrpaths.vrpath
[Child 1164, Chrome_ChildThread] WARNING: pipe error: 109: file z:/build/build/src/ipc/chromium/src/chrome/common/ipc_channel_win.cc, line 346
[Child 1164, Chrome_ChildThread] WARNING: pipe error: 109: file z:/build/build/src/ipc/chromium/src/chrome/common/ipc_channel_win.cc, line 346
xe" "-marionette" "-foreground" "-no-remote" "-profile" "C:\\Users\\chenya\\AppData\\Local\\Temp\\rust_mozprofile.1xwRi6cEY742"
1548404892554	Marionette	INFO	Listening on port 25148
1548404892621	Marionette	WARN	TLS certificate errors will be ignored for this session
Unable to read VR Path Registry from C:\Users\chenya\AppData\Local\openvr\openvrpaths.vrpath
[Parent 11748, Gecko_IOThread] WARNING: pipe error: 109: file z:/build/build/src/ipc/chromium/src/chrome/common/ipc_channel_win.cc, line 346
[Parent 11748, Gecko_IOThread] WARNING: pipe error: 109: file z:/build/build/src/ipc/chromium/src/chrome/common/ipc_channel_win.cc, line 346
Unable to read VR Path Registry from C:\Users\chenya\AppData\Local\openvr\openvrpaths.vUnable to read VR Path Registry from C:\Users\chenya\AppData\Local\openvr\openvrpaths.vrpath
[Parent 5672, Gecko_IOThread] WARNING: pipe error: 109: file z:/build/build/src/ipc/chromium/src/chrome/common/ipc_channel_win.cc, line 346
[Parent 5672, Gecko_IOThread] WARNING: pipe error: 109: file z:/build/build/src/ipc/chromium/src/chrome/common/ipc_channel_win.cc, line 346
Unable to read VR Path Registry from C:\Users\chenya\AppData\Local\openvr\openvrpaths.vrpUnable to read VR Path Registry from C:\Users\chenya\AppData\Local\openvr\openvrpaths.vrpath
[Child 8024, Chrome_ChildThread] WARNING: pipe error: 109: file z:/build/build/src/ipc/chromium/src/chrome/common/ipc_channel_win.cc, line 346
[Child 8024, Chrome_ChildThread] WARNING: pipe error: 109: file z:/build/build/src/ipc/chromium/src/chrome/common/ipc_channel_win.cc, line 346
Unable to read VR Path Registry from C:\Users\chenya\AppData\Local\openvr\openvrpaths.vrpath
[Child 8436, Chrome_ChildThread] WARNING: pipe error: 109: file z:/build/build/src/ipc/chromium/src/chrome/common/ipc_channel_win.cc, line 346
[Child 8436, Chrome_ChildThread] WARNING: pipe error: 109: file z:/build/build/src/ipc/chromium/src/chrome/common/ipc_channel_win.cc, line 346
Unable to read VR Path Registry from C:\Users\chenya\AppData\Local\openvr\openvrpaths.vrpath
[Child 12464, Chrome_ChildThread] WARNING: pipe error: 109: file z:/build/build/src/ipc/chromium/src/chrome/common/ipc_channel_win.cc, line 346
[Child 12464, Chrome_ChildThread] WARNING: pipe error: 109: file z:/build/build/src/ipc/chromium/src/chrome/common/ipc_channel_win.cc, line 346
Unable to read VR Path Registry from C:\Users\chenya\AppData\Local\openvr\openvrpaths.vrpath
1548405509159	geckodriver	INFO	geckodriver 0.21.0
1548405509168	geckodriver	INFO	Listening on 127.0.0.1:26503
1548405512199	mozrunner::runner	INFO	Running command: "F:\\火狐浏览器\\firefox.exe" "-marionette" "-foreground" "-no-remote" "-profile" "C:\\Users\\chenya\\AppData\\Local\\Temp\\rust_mozprofile.4VBvFF4fxYE9"
1548405514435	Marionette	INFO	Listening on port 26516
1548405514928	Marionette	WARN	TLS certificate errors will be ignored for this session
Unable to read VR Path Registry from C:\Users\chenya\AppData\Local\openvr\openvrpaths.vrpath
[Child 9336, Chrome_ChildThread] WARNING: pipe error: 109: file z:/build/build/src/ipc/chromium/src/chrome/common/ipc_channel_win.cc, line 346
Unable to read VR Path Registry from C:\Users\chenya\AppData\Local\openvr\openvrpaths.vrpath
[Parent 3808, Gecko_IOThread] WARNING: pipe error: 109: file z:/build/build/src/ipc/chromium/src/chrome/common/ipc_channel_win.cc, line 346
Unable to read VR Path Registry from C:\Users\chenya\AppData\Local\openvr\openvrpaths.vrpath
[Child 11704, Chrome_ChildThread] WARNING: pipe error: 109: file z:/build/build/src/ipc/chromium/src/chrome/common/ipc_channel_win.cc, line 346
[Parent 3808, Gecko_IOThread] WARNING: file z:/build/build/src/ipc/chromium/src/base/process_util_win.cc, line 188
[Parent 3808, Gecko_IOThread] WARNING: pipe error: 109: file z:/build/build/src/ipc/chromium/src/chrome/common/ipc_channel_win.cc, line 346
Unable to read VR Path Registry from C:\Users\chenya\AppData\Local\openvr\openvrpaths.vrpath
[Child 8732, Chrome_ChildThread] WARNING: pipe error: 109: file z:/build/build/src/ipc/chromium/src/chrome/common/ipc_channel_win.cc, line 346
[Child 8732, Chrome_ChildThread] WARNING: pipe error: 109: file z:/build/build/src/ipc/chromium/src/chrome/common/ipc_channel_win.cc, line 346
win.cc, line 346
Unable to read VR Path Registry from C:\Users\chenya\AppData\Local\openvr\openvrpaths.vrpath
[Child 12900, Chrome_ChildThread] WARNING: pipe error: 109: file z:/build/build/src/ipc/chromium/src/chrome/common/ipc_channel_win.cc, line 346
[Parent 10668, Gecko_IOThread] WARNING: pipe error: 109: file z:/build/build/src/ipc/chromium/src/chrome/common/ipc_channel_win.cc, line 346
[Parent 10668, Gecko_IOThread] WARNING: pipe error: 109: file z:/build/build/src/ipc/chromium/src/chrome/common/ipc_channel_win.cc, line 346
Unable to read VR Path Registry from C:\Users\chenya\AppData\Local\openvr\openvrpaths.vrpath
[Child 13072, Chrome_ChildThread] WARNING: pipe error: 109: file z:/build/build/src/ipc/chromium/src/chrome/common/ipc_channel_win.cc, line 346
[Child 13072, Chrome_ChildThread] WARNING: pipe error: 109: file z:/build/build/src/ipc/chromium/src/chrome/common/ipc_channel_win.cc, line 346
Unable to read VR Path Registry from C:\Users\chenya\AppData\Local\openvr\openvrpaths.vrpath
[Child 10536, Chrome_ChildThread] WARNING: pipe error: 109: file z:/build/build/src/ipc/chromium/src/chrome/common/ipc_channel_win.cc, line 346
[Child 10536, Chrome_ChildThread] WARNING: pipe error: 109: file z:/build/build/src/ipc/chromium/src/chrome/common/ipc_channel_win.cc, line 346
[Parent 10668, Gecko_IOThread] WARNING: pipe error: 109: file z:/build/build/src/ipc/chromium/src/chrome/common/ipc_channel_win.cc, line 346
[Parent 10668, Gecko_IOThread] WARNING: file z:/build/build/src/ipc/chromium/src/base/process_util_win.cc, line 188
Unable to read VR Path Registry from C:\Users\chenya\AppData\Local\openvr\openvrpaths.vrpath
[Child 11508, Chrome_ChildThread] WARNING: pipe error: 109: file z:/build/build/src/ipc/chromium/src/chrome/common/ipc_channel_win.cc, line 346
[Child 11508, Chrome_ChildThread] WARNING: pipe error: 109: file z:/build/build/src/ipc/chromium/src/chrome/common/ipc_channel_win.cc, line 346
Unable to read VR Path Registry from C:\Users\chenya\AppData\Local\openvr\openvrpaths.vrpath
[Child 12660, Chrome_ChildThread] WARNING: pipe error: 109: file z:/build/build/src/ipc/chromium/src/chrome/common/ipc_channel_win.cc, line 346
: file z:/build/build/src/ipc/chromium/src/chrome/common/ipc_channel_win.cc, line 346
[Child 9992, Chrome_ChildThread] WARNING: pipe error: 109: file z:/build/build/src/ipc/chromium/src/chrome/common/ipc_channel_win.cc, line 346
[Parent 9140, Gecko_IOThread] WARNING: pipe error: 109: file z:/build/build/src/ipc/chromium/src/chrome/common/ipc_channel_win.cc, line 346
Unable to read VR Path Registry from C:\Users\chenya\AppData\Local\openvr\openvrpaths.vrpath
[Child 12172, Chrome_ChildThread] WARNING: pipe error: 109: file z:/build/build/src/ipc/chromium/src/chrome/common/ipc_channel_win.cc, line 346
[Child 12172, Chrome_ChildThread] WARNING: pipe error: 109: file z:/build/build/src/ipc/chromium/src/chrome/common/ipc_channel_win.cc, line 346
1548411019729	geckodriver	INFO	geckodriver 0.21.0
1548411019739	geckodriver	INFO	Listening on 127.0.0.1:37416
1548411022738	mozrunner::runner	INFO	Running command: "F:\\火狐浏览器\\firefox.exe" "-marionette" "-foreground" "-no-remote" "-profile" "C:\\Users\\chenya\\AppData\\Local\\Temp\\rust_mozprofile.3FtyDEGrG2bQ"
1548411025281	Marionette	INFO	Listening on port 37427
1548411025531	Marionette	WARN	TLS certificate errors will be ignored for this session
Unable to read VR Path Registry from C:\Users\chenya\AppData\Local\openvr\openvrpaths.vrpath
[Child 12600, Chrome_ChildThread] WARNING: pipe error: 109: file z:/build/build/src/ipc/chromium/src/chrome/common/ipc_channel_win.cc, line 346
[Child 12600, Chrome_ChildThread] WARNING: pipe error: 109: file z:/build/build/src/ipc/chromium/src/chrome/common/ipc_channel_win.cc, line 346
Unable to read VR Path Registry from C:\Users\chenya\AppData\Local\openvr\openvrpUnable to read VR Path Registry from C:\Users\chenya\AppData\Local\openvr\openvrpaths.vrpath
[Parent 11188, Gecko_IOThread] WARNING: pipe error: 109: file z:/build/build/src/ipc/chromium/src/chrome/common/ipc_channel_win.cc, line 346
[Parent 11188, Gecko_IOThread] WARNING: pipe error: 109: file z:/build/build/src/ipc/chromium/src/chrome/common/ipc_channel_win.cc, line 346
Unable to read VR Path Registry from C:\Users\chenya\AppData\Local\openvr\openvrpaths.vrpath
[Child 11892, Chrome_ChildThread] WARNING: pipe error: 109: file z:/build/build/src/ipc/chromium/src/chrome/common/ipc_channel_win.cc, line 346
[Child 11892, Chrome_ChildThread] WARNING: pipe error: 109: file z:/build/build/src/ipc/chromium/src/chrome/common/ipc_channel_win.cc, line 346
Unable to read VR Path Registry from C:\Users\chenya\AppData\Local\openvr\openvrpaths.vrpath
[Child 12740, Chrome_ChildThread] WARNING: pipe error: 109: file z:/build/build/src/ipc/chromium/src/chrome/common/ipc_channel_win.cc, line 346
[CUnable to read VR Path Registry from C:\Users\chenya\AppData\Local\openvr\openvrpaths.vrpath
[Child 11684, Chrome_ChildThread] WARNING: pipe error: 109: file z:/build/build/src/ipc/chromium/src/chrome/common/ipc_channel_win.cc, line 346
[Child 11684, Chrome_ChildThread] WARNING: pipe error: 109: file z:/build/build/src/ipc/chromium/src/chrome/common/ipc_channel_win.cc, line 346
Unable to read VR Path Registry from C:\Users\chenya\AppData\Local\openvr\openvrpaths.vrpath
[Child 10936, Chrome_ChildThread] WARNING: pipe error: 109: file z:/build/build/src/ipc/chromium/src/chrome/common/ipc_channel_win.cc, line 346
[Child 10936, Chrome_ChildThread] WARNING: pipe error: 109: file z:/build/build/src/ipc/chromium/src/chrome/common/ipc_channel_win.cc, line 346
Unable to read VR Path Registry from C:\Users\chenya\AppData\Local\openvr\openvrpaths.vrpath
[Parent 10964, Gecko_IOThread] WARNING: pipe error: 109: file z:/build/build/src/ipc/chromium/src/chrome/common/ipc_channel_win.cc, line 346
1548411634031	geckodriver	INFO	geckodriver 0.21.0
1548411634041	geckodriver	INFO	Listening on 127.0.0.1:38894
1548411637051	mozrunner::runner	INFO	Running command: "F:\\火狐浏览器\\firefox.exe" "-marionette" "-foreground" "-no-remote" "-profile" "C:\\Users\\chenya\\AppData\\Local\\Temp\\rust_mozprofile.vZQLjHGH5QnL"
1548411639256	Marionette	INFO	Listening on port 38907
1548411639299	Marionette	WARN	TLS certificate errors will be ignored for this session
Unable to read VR Path Registry from C:\Users\chenya\AppData\Local\openvr\openvrpaths.vrpath
[Child 7440, Chrome_ChildThread] WARNING: pipe error: 109: file z:/build/build/src/ipc/chromium/src/chrome/common/ipc_channel_win.cc, line 346
[Child 7440, Chrome_ChildThread] WARNING: pipe error: 109: file z:/build/build/src/ipc/chromium/src/chrome/common/ipc_channel_win.cc, line 346
Unable to read VR Path Registry from C:\Users\chenya\AppData\Local\openvr\openvrpaths.vrpath
[Parent 12900, Gecko_IOThread] WARNING: pipe error: 109: file z:/build/build/src/ipc/chromium/src/chrome/common/ipc_channel_win.cc, line 346
Unable to read VR Path Registry from C:\Users\chenya\AppData\Local\openvr\openvrpaths.vrpath
[Child 11560, Chrome_ChildThread] WARNING: pipe error: 109: file z:/build/build/src/ipc/chromium/src/chrome/common/ipc_channel_win.cc, line 346
[Child 11560, Chrome_ChildThread] WARNING: pipe error: 109: file z:/build/build/src/ipc/chromium/src/chrome/common/ipc_channel_win.cc, line 346
Unable to read VR Path Registry from C:\Users\chenya\AppData\Local\openvr\openvrpaths.Unable to read VR Path Registry from C:\Users\chenya\AppData\Local\openvr\openvrpaths.vrpath
[Child 11588, Chrome_ChildThread] WARNING: pipe error: 109: file z:/build/build/src/ipc/chromium/src/chrome/common/ipc_channel_win.cc, line 346
[Child 11588, Chrome_ChildThread] WARNING: pipe error: 109: file z:/build/build/src/ipc/chromium/src/chrome/common/ipc_channel_win.cc, line 346
Unable to read VR Path Registry from C:\Users\chenya\AppData\Local\openvr\openvrpaths.vrpath
[Child 12356, Chrome_ChildThread] WARNING: pipe error: 109: file z:/build/build/src/ipc/chromium/src/chrome/common/ipc_channel_win.cc, line 346
[Child 12356, Chrome_ChildThread] WARNING: pipe error: 109: file z:/build/build/src/ipc/chromium/src/chrome/common/ipc_channel_win.cc, line 346
Unable to read VR Path Registry from C:\Users\chenya\AppData\Local\openvr\openvrpaths.vrpath
1548412039810	geckodriver	INFO	geckodriver 0.21.0
1548412039819	geckodriver	INFO	Listening on 127.0.0.1:39798
1548412042827	mozrunner::runner	INFO	Running command: "F:\\火狐浏览器\\firefox.exe" "-marionette" "-foreground" "-no-remote" "-profile" "C:\\Users\\chenya\\AppData\\Local\\Temp\\rust_mozprofile.shkoTJXu9cbQ"
1548412045756	Marionette	INFO	Listening on port 39810
1548412046212	Marionette	WARN	TLS certificate errors will be ignored for this session
Unable to read VR Path Registry from C:\Users\chenya\AppData\Local\openvr\openvrpaths.vrpath
[Child 12964, Chrome_ChildThread] WARNING: pipe error: 109: file z:/build/build/src/ipc/chromium/src/chrome/common/ipc_channel_win.cc, line 346
[Child 12964, Chrome_ChildThread] WARNING: pipe error: 109: file z:/build/build/src/ipc/chromium/src/chrome/common/ipc_channel_win.cc, line 346
Unable to read VR Path Registry from C:\Users\chenya\AppData\Local\openvr\openvrpaths.vrpath
[Parent 7232, Gecko_IOThread] WARNING: pipe error: 109: file z:/build/build/src/ipc/chromium/src/chrome/common/ipc_channel_win.cc, line 346
[Parent 7232, Gecko_IOThread] WARNING: pipe error: 109: file z:/build/build/src/ipc/chromium/src/chrome/common/ipc_channel_win.cc, line 346
Unable to read VR Path Registry from C:\Users\chenya\AppData\Local\openvr\openvrpaths.vrpUnable to read VR Path Registry from C:\Users\chenya\AppData\Local\openvr\openvrpaths.vrpath
[Child 11496, Chrome_ChildThread] WARNING: pipe error: 109: file z:/build/build/src/ipc/chromium/src/chrome/common/ipc_channel_win.cc, line 346
[Child 11496, Chrome_ChildThread] WARNING: pipe error: 109: file z:/build/build/src/ipc/chromium/src/chrome/common/ipc_channel_win.cc, line 346
Unable to read VR Path Registry from C:\Users\chenya\AppData\Local\openvr\openvrpaths.vrpath
[Child 5100, Chrome_ChildThread] WARNING: pipe error: 109: file z:/build/build/src/ipc/chromium/src/chrome/common/ipc_channel_win.cc, line 346
Unable to read VR Path Registry from C:\Users\chenya\AppData\Local\openvr\openvrpaths.vrpath
[Child 6172, Chrome_ChildThread] WARNING: pipe error: 109: file z:/b1548413084639	mozrunner::runner	INFO	Running command: "F:\\火狐浏览器\\firefox.exe" "-marionette" "-foreground" "-no-remote" "-profile" "C:\\Users\\chenya\\AppData\\Local\\Temp\\rust_mozprofile.uQSa7yeKL00M"
1548413086663	Marionette	INFO	Listening on port 42007
1548413086863	Marionette	WARN	TLS certificate errors will be ignored for this session
Unable to read VR Path Registry from C:\Users\chenya\AppData\Local\openvr\openvrpaths.vrpath
[Child 12936, Ch1548413143613	mozrunner::runner	INFO	Running command: "F:\\火狐浏览器\\firefox.exe" "-marionette" "-foreground" "-no-remote" "-profile" "C:\\Users\\chenya\\AppData\\Local\\Temp\\rust_mozprofile.mHME59WPOkNq"
1548413145763	Marionette	INFO	Listening on port 42159
1548413145830	Marionette	WARN	TLS certificate errors will be ignored for this session
Unable to read VR Path Registry from C:\Users\chenya\AppData\Local\openvr\openvrpaths.vrpath
[Child 10352, Chrome_ChildThread] WARNING: pipe error: 109: file z:/build/build/src/ipc/chromium/src/chrome/common/ipc_channel_win.cc, line 346
[Child 10352, Chrome_ChildThread] WARNING: pipe error: 109: file z:/build/build/src/ipc/chromium/src/chrome/common/ipc_channel_win.cc, line 346
Unable to read VR Path Registry from C:\Users\chenya\AppData\Local\openvr\openvrpaths.vrpath
[Child 8376, Chrome_ChildThread] WARNING: pipe error: 109: file z:/build/build/src/ipc/chromium/src/chrome/common/ipc_channel_win.cc, line 346
[Child 8376, Chrome_ChildThread] WARNING: pipe error: 109: file z:/build/build/src/ipc/chromium/src/chrome/common/ipc_channel_win.cc, line 346
Unable to read VR Path Registry from C:\Users\chenya\AppData\Local\openvr\openvrpaths.vrpath
[Parent 11684, Gecko_IOThread] WARNING: pipe error: 109: file z:/build/build/src/ipc/chromium/src/chrome/common/ipc_channel_win.cc, line 346
Unable to read VR Path Registry from C:\Users\chenya\AppData\Local\openvr\openvrpaths.vrpath
[Child 13028, Chrome_ChildThread] WARNING: pipe error: 109: file z:/build/build/src/ipc/chromium/src/chrome/common/ipc_channel_win.cc, line 346
1548413587578	geckodriver	INFO	geckodriver 0.21.0
1548413587589	geckodriver	INFO	Listening on 127.0.0.1:43087
1548413590617	mozrunner::runner	INFO	Running command: "F:\\火狐浏览器\\firefox.exe" "-marionette" "-foreground" "-no-remote" "-profile" "C:\\Users\\chenya\\AppData\\Local\\Temp\\rust_mozprofile.MJK6NQj4Skod"
1548413592687	Marionette	INFO	Listening on port 43099
1548413592735	Marionette	WARN	TLS certificate errors will be ignored for this session
Unable to read VR Path Registry from C:\Users\chenya\AppData\Local\openvr\openvrpaths.vrpath
JavaScript error: resource://devtools/shared/base-loader.js -> resource://devtools/client/shared/widgets/tooltip/HTMLTooltip.js, line 189: TypeError: quads[0] is undefined
Unable to read VR Path Registry from C:\Users\chenya\AppData\Local\openvr\openvrpaths.vrpath
JavaScript error: resource://devtools/shared/base-loader.js -> resource://devtools/server/actors/highlighters/auto-refresh.js, line 202: TypeError: this.win is null
JavaScript error: resource://devtools/shared/base-loader.js -> resource://devtools/server/actors/highlighters/auto-refresh.js, line 202: TypeError: this.win is null
JavaScript error: resource://devtools/shared/base-loader.js -> resource://devtools/server/actors/highlighters/auto-refresh.js, line 202: TypeError: this.win is null
JavaScript error: resource://devtools/shared/base-loader.js -> resource1548414718352	addons.productaddons	WARN	Failed downloading via XHR, status: 0, reason: error
Unable to read VR Path Registry from C:\Users\chenya\AppData\Local\openvr\openvrpaths.vrpath
[Child 6888, Chrome_ChildThread] WARNING: pipe error: 109: file z:/build/build/src/ipc/chromium/src/chrome/common/ipc_channel_win.cc, line 346
[Child 6888, Chrome_ChildThread] WARNING: pipe error: 109: file z:/build/build/src/ipc/chromium/src/chrome/common/ipc_channel_win.cc, line 346
Unable to read VR Path Registry from C:\Users\chenya\AppData\Local\openvr\openvrpaths.vrpath
[Child 10004, Chrome_ChildThread] WARNING: pipe error: 109: file z:/build/build/src/ipc/chromium/src/chrome/common/ipc_channel_win.cc, line 346
[Child 10004, Chrome_ChildThread] WARNING: pipe error: 109: file z:/build/build/src/ipc/chromium/src/chrome/common/ipc_channel_win.cc, line 346
Unable to read VR Path Registry from C:\Users\chenya\AppData\Local\openvr\openvrpaths.vrpath
[Parent 5836, Gecko_IOThread] WARNING: pipe error: 109: file z:/build/build/src/ipc/chromium/src/chrome/common/ipc_channel_win.cc, line 346
Unable to read VR Path Registry from C:\Users\chenya\AppData\Local\openvr\openvrpaths.vrpath
[Child 11052, Chrome_ChildThread] WARNING: pipe error: 109: file z:/build/build/src/ipc/chromium/src/chrome/common/ipc_channel_win.cc, line 346
tools/server/actors/highlighters/auto-refresh.js, line 202: TypeError: this.win is null
JavaScript error: resource://devtools/shared/base-loader.js -> resource://devtools/server/actors/highlighters/auto-refresh.js, line 202: TypeError: this.win is null
JavaScript error: resource://devtools/shared/base-loader.js -> resource://devtools/server/actors/highlighters/auto-refresh.js, line 202: TypeError: this.win is null
JavaScript error: resource://devtools/shared/base-loader.js -> resource://devtools/server/actors/highlighters/auto-refresh.js, line 202: TypeError: this.win is null
JavaScript error: resource://devtools/shared/base-loader.js -> resource://devtools/server/actors/highlighters/auto-refresh.js, line 202: TypeError: this.win is null
JavaScript error: resource://devtools/shared/base-loader.js -> resource://devtools/server/actors/highlighters/auto-refresh.js, line 202: TypeError: this.win is null
JavaScript error: resource://devtools/shared/base-loader.js -> resource://devtools/server/actors/highlighters/auto-refresh.js, line 202: TypeError: this.win is null
JavaScript error: resource://devtools/shared/base-loader.js -> resource://devtools/server/actors/highlighters/auto-refresh.js, line 202: TypeError: this.win is null
JavaScript error: resource://devtools/shared/base-loader.js -> resource://devtools/server/actors/highlighters/auto-refresh.js, line 202: TypeError: this.win is null
JavaScript error: resource://devtools/shared/base-loader.js -> resource://devtools/server/actors/highlighters/auto-refresh.js, line 202: TypeError: this.win is null
JavaScript error: resource://devtools/shared/base-loader.js -> resource://devtools/server/actors/highlighters/auto-refresh.js, line 202: TypeError: this.win is null
1548414717792	addons.productaddons	WARN	Failed downloading via XHR, status: 0, reason: error
[Parent 12040, Gecko_IOThread] WARNING: pipe error: 109: file z:/build/build/src/ipc/chromium/src/chrome/common/ipc_channel_win.cc, line 346
[Parent 12040, Gecko_IOThread] WARNING: pipe error: 109: file z:/build/build/src/ipc/chromium/src/chrome/common/ipc_channel_win.cc, line 346
[Parent 12040, Gecko_IOThread] WARNING: pipe error: 109: file z:/build/build/src/ipc/chromium/src/chrome/common/ipc_channel_win.cc, line 346
[Parent 12040, Gecko_IOThread] WARNING:Unable to read VR Path Registry from C:\Users\chenya\AppData\Local\openvr\openvrpaths.vrpath
[Parent 9468, Gecko_IOThread] WARNING: pipe error: 109: file z:/build/build/src/ipc/chromium/src/chrome/common/ipc_channel_win.cc, line 346
Unable to read VR Path Registry from C:\Users\chenya\AppData\Local\openvr\openvrpaths.vrpath
[Child 11832, Chrome_ChildThread] WARNING: pipe error: 109: file z:/build/build/src/ipc/chromium/src/chrome/common/ipc_channel_win.cc, lUnable to read VR Path Registry from C:\Users\chenya\AppData\Local\openvr\openvrpaths.vrpath
[Parent 10732, Gecko_IOThread] WARNING: pipe error: 109: file z:/build/build/src/ipc/chromium/src/chrome/common/ipc_channel_win.cc, line 346
Unable to read VR Path Registry from C:\Users\chenya\AppData\Local\openvr\openvrpaths.vrpath
[Child 6896, Chrome_ChildThread] WARNING: pipe error: 109: file z:/build/build/src/ipc/chromium/src/chrome/common/ipc_channel_win.cc, line 346
[Parent 10732, Gecko_IOThread] WARNING: pipe error: 109: file z:/build/build/src/ipc/chromium/src/chrome/common/ipc_channel_win.cc, line 346
Unable to read VR Path Registry from C:\Users\chenya\AppData\Local\openvr\openvrpaths.vrpath
[Child 10816, Chrome_ChildThread] WARNING: pipe error: 109: file z:/build/build/src/ipc/chromium/src/chrome/common/ipc_channel_win.cc, line 346
[Parent 10732, Gecko_IOThread] WARNING: pipe error: 109: file z:/build/build/src/ipc/chromium/src/chrome/common/ipc_channel_win.cc, line 346
Unable to read VR Path Registry from C:\Users\chenya\AppData\Local\openvr\openvrpaths.vrpath
[Child 13276, Chrome_ChildThread] WARNING: pipe error: 109: file z:/build/build/src/ipc/chromium/src/chrome/common/ipc_channel_win.cc, line 346
*** UTM:SVC TimerManager:registerTimer called after profile-before-change notification. Ignoring timer registration for id: telemetry_modules_ping
/build/src/ipc/chromium/src/chrome/common/ipc_channel_win.cc, line 346
1548414906941	geckodriver	INFO	geckodriver 0.21.0
1548414906951	geckodriver	INFO	Listening on 127.0.0.1:45917
1548414909969	mozrunner::runner	INFO	Running command: "F:\\火狐浏览器\\firefox.exe" "-marionette" "-foreground" "-no-remote" "-profile" "C:\\Users\\chenya\\AppData\\Local\\Temp\\rust_mozprofile.Xfv8GCnC1DSb"
1548414911779	Marionette	INFO	Listening on port 45929
1548414912093	Marionette	WARN	TLS certificate errors will be ignored for this session
1548415013750	addons.productaddons	WARN	Failed downloading via XHR, status: 0, reason: error
console.error: "Protocol error (noSuchActor): No such actor for ID: server1.conn0.child1/memoryActor11"
Unable to read VR Path Registry from C:\Users\chenya\AppData\Local\openvr\openvrpaths.vrpath
[Child 12720, Chrome_ChildThread] WARNING: pipe error: 109: file z:/build/build/src/ipc/chromium/src/chrome/common/ipc_channel_win.cc, line 346
[Child 12720, Chrome_ChildThread] WARNING: pipe error: 109: file z:/build/build/src/ipc/chromium/src/chrome/common/ipc_channel_win.cc, line 346
Unable to read VR Path Registry from C:\Users\chenya\AppData\Local\openvr\openvrpaths.vrpath
[Child 12268, Chrome_ChildThread] WARNING: pipe error: 109: file z:/build/build/src/ipc/chromium/src/chrome/common/ipc_channel_win.cc, line 346
[Child 12268, Chrome_ChildThread] WARNING: pipe error: 109: file z:/build/build/src/ipc/chromium/src/chrome/common/ipc_channel_win.cc, line 346
Unable to read VR Path Registry from C:\Users\chenya\AppData\Local\openvr\openvrpaths.vrpath
[Child 10308, Chrome_ChildThread] WARNING: pipe error: 10Unable to read VR Path Registry from C:\Users\chenya\AppData\Local\openvr\openvrpaths.vrpath
[Child 8404, Chrome_ChildThread] WARNING: pipe error: 109: file z:/build/build/src/ipc/chromium/src/chrome/common/ipc_channel_win.cc, line 346
[Child 8404, Chrome_ChildThread] WARNING: pipe error: 109: file z:/build/build/src/ipc/chromium/src/chrome/common/ipc_channel_win.cc, line 346
Unable to read VR Path Registry from C:\Users\chenya\AppData\Local\openvr\openvrpaths.vrpath
[Child 12768, Chrome_ChildThread] WARNING: pipe error: 109: file z:/build/build/src/ipc/chromium/src/chrome/common/ipc_channel_win.cc, line 346
[Child 12768, Chrome_ChildThread] WARNING: pipe error: 109: file z:/build/build/src/ipc/chromium/src/chrome/common/ipc_channel_win.cc, line 346
Unable to read VR Path Registry from C:\Users\chenya\AppData\Local\openvr\openvrpaths.vrpath
c/ipc/chromium/src/chrome/common/ipc_channel_win.cc, line 346
1548415370855	geckodriver	INFO	geckodriver 0.21.0
1548415370864	geckodriver	INFO	Listening on 127.0.0.1:47121
1548415373887	mozrunner::runner	INFO	Running command: "F:\\火狐浏览器\\firefox.exe" "-marionette" "-foreground" "-no-remote" "-profile" "C:\\Users\\chenya\\AppData\\Local\\Temp\\rust_mozprofile.oL02uJzd4GUr"
1548415375826	Marionette	INFO	Listening on port 47135
1548415376002	Marionette	WARN	TLS certificate errors will be ignored for this session
Unable to read VR Path Registry from C:\Users\chenya\AppData\Local\openvr\openvrpaths.vrpath
[Parent 11440, Gecko_IOThread] WARNING: pipe error: 109: file z:/build/build/src/ipc/chromium/src/chrome/common/ipc_channel_win.cc, line 346
[Parent 11440, Gecko_IOThread] WARNING: pipe error: 109: file z:/build/build/src/ipc/chromium/src/chrome/common/ipc_channel_win.cc, line 346
Unable to read VR Path Registry from C:\Users\chenya\AppData\Local\openvr\openvrpaths.vrpath
[Child 10076, Chrome_ChildThread] WARNING: pipe error: 109: file z:/build/build/src/ipc/chromium/src/chrome/common/ipc_channel_win.cc, line 346
[Child 10076, Chrome_ChildThread] WARNING: pipe error: 109: file z:/build/build/src/ipc/chromium/src/chrome/common/ipc_channel_win.cc, line 346
Unable to read VR Path Registry from C:\Users\chenya\AppData\Local\openvr\openvrpaths.vrpath
[Child 6844, Chrome_ChildThread] WARNING: pipe error: 109: file z:/build/build/src/ipc/chromium/src/chrome/common/ipc_channel_win.cc, line 346
1548639427120	geckodriver	INFO	geckodriver 0.21.0
1548639427130	geckodriver	INFO	Listening on 127.0.0.1:2324
1548639430187	mozrunner::runner	INFO	Running command: "F:\\火狐浏览器\\firefox.exe" "-marionette" "-foreground" "-no-remote" "-profile" "C:\\Users\\chenya\\AppData\\Local\\Temp\\rust_mozprofile.NuCuPn8T7aLt"
1548639432983	Marionette	INFO	Listening on port 2333
1548639433479	Marionette	WARN	TLS certificate errors will be ignored for this session
Unable to read VR Path Registry from C:\Users\chenya\AppData\Local\openvr\openvrpaths.vrpath
[Child 7232, Chrome_ChildThread] WARNING: pipe error: 109: file z:/build/build/src/ipc/chromium/src/chrome/common/ipc_channel_win.cc, line 346
[Child 7232, Chrome_ChildThread] WARNING: pipe error: 109: file z:/build/build/src/ipc/chromium/src/chrome/common/ipc_channel_win.cc, line 346
Unable to read VR Path Registry from C:\Users\chenya\AppData\Local\openvr\openvrpaths.vrpath
[Child 8928, Chrome_ChildThread] WARNING: pipe error: 109: file z:/build/build/src/ipc/chromium/src/chrome/common/ipc_channel_win.cc, line 346
[Child 8928, Chrome_ChildThread] WARNING: pipe error: 109: file z:/build/build/src/ipc/chromium/src/chrome/common/ipc_channel_win.cc, line 346
Unable to read VR Path Registry from C:\Users\chenya\AppData\Local\openvr\openvrpaths.vrpath
[Child 6344, Chrome_ChildThread] WARNING: pipe error: 109: file z:/build/build/src/ipc/chromium/src/chrome/common/ipc_channel_win.cc, line 346
[Child 6344, Chrome_ChildThread] WARNING: pipe error: 109: file z:/build/build/src/ipc/chromium/src/chrome/common/ipc_channel_win.cc, line 346
Unable to read VR Path Registry from C:\Users\chenya\AppData\Local\openvr\openvrpaths.vrpath
[Child 3812, Chrome_ChildThread] WARNING: pipe error: 109: file z:/build/build/src/ipc/chromium/src/chrome/common/ipc_channel_win.cc, line 346
[Child 3812, Chrome_ChildThread] WARNING: pipe error: 109: file z:/build/build/src/ipc/chromium/src/chrome/common/ipc_channel_win.cc, line 346
Unable to read VR Path Registry from C:\Users\chenya\AppData\Local\openvr\openvrpaths.vrpath
[Child 9120, Chrome_ChildThread] WARNING: pipe error: 109: file z:/build/build/src/ipc/chromium/src/chrome/common/ipc_channel_win.cc, line 346
[Child 9120, Chrome_ChildThread] WARNING: pipe error: 109: file z:/build/build/src/ipc/chromium/src/chrome/common/ipc_channel_win.cc, line 346
Unable to read VR Path Registry from C:\Users\chenya\AppData\Local\openvr\openvrpaths.vrpath
from C:\Users\chenya\AppData\Local\openvr\openvrpaths.vrpath
[Child 9616, Chrome_ChildThread] WARNING1548642197385	Marionette	INFO	Listening on port 6130
1548642197921	Marionette	WARN	TLS certificate errors will be ignored for this session
Unable to read VR Path Registry from C:\Users\chenya\AppData\Local\openvr\openvrpaths.vrpath
[Parent 10700, Gecko_IOThread] WARNING: pipe error: 109: file z:/build/build/src/ipc/chromium/src/chrome/common/ipc_channel_win.cc, line 346
Unable to read VR Path Registry from C:\Users\chenya\AppData\Local\openvr\openvrpaths.vrpath
[Child 10268, Chrome_ChildThread] WARNING: pipe error: 109: file z:/build/build/src/ipc/chromium/src/chrome/common/ipc_channel_win.cc, line 346
Unable to read VR Path Registry from C:\Users\chenya\AppData\Local\openvr\openvrpaths.vrpath
[Child 7204, Chrome_ChildThread] WARNING: pipe error: 109: file z:/build/build/src/ipc/chromium/src/chrome/common/ipc_channel_win.cc, line 346
[Child 7204, Chrome_ChildThread] WARNING: pipe error: 109: file z:/build/build/src/ipc/chromium/src/chrome/common/ipc_channel_win.cc, line 346
[Parent 10700, Gecko_IOThread] WARNING: pipe error: 109: file z:/build/build/src/ipc/chromium/src/chrome/common/ipc_channel_win.cc, line 346
*** UTM:SVC TimerManager:registerTimer called after profile-before-change notification. Ignoring timer registration for id: telemetry_modules_ping
1548642365810	geckodriver	INFO	geckodriver 0.21.0
1548642365820	geckodriver	INFO	Listening on 127.0.0.1:6282
1548642368834	mozrunner::runner	INFO	Running command: "F:\\火狐浏览器\\firefox.exe" "-marionette" "-foreground" "-no-remote" "-profile" "C:\\Users\\chenya\\AppData\\Local\\Temp\\rust_mozprofile.pGeoYE5YGqLH"
1548642371289	Marionette	INFO	Listening on port 6291
1548642371552	Marionette	WARN	TLS certificate errors will be ignored for this session
1548642475124	addons.productaddons	WARN	Failed downloading via XHR, status: 0, reason: error
Unable to read VR Path Registry from C:\Users\chenya\AppData\Local\openvr\openvrpaths.vrpath
[Child 8508, Ch1548646752679	mozrunner::runner	INFO	Running command: "F:\\火狐浏览器\\firefox.exe" "-marionette" "-foreground" "-no-remote" "-profile" "C:\\Users\\chenya\\AppData\\Local\\Temp\\rust_mozprofile.goneIId3bRrt"
1548646755524	Marionette	INFO	Listening on port 9184
1548646756032	Marionette	WARN	TLS certificate errors will be ignored for this session
Unable to read VR Path Registry from C:\Users\chenya\AppData\Local\openvr\openvrpaths.vrpath
[Parent 10012, Gecko_IOThread] WARNING: pipe error: 109: file z:/build/build/src/ipc/chromium/src/chrome/common/ipc_channel_win.cc, line 346
Unable to read VR Path Registry from C:\Users\chenya\AppData\Local\openvr\openvrpaths.vrpath
JavaScript error: https://xiao.vdongchina.cn/addons/zjhj_mall/core/web/index.php?r=mch%2Fstore%2Fcat, line 1025: TypeError: $(...).find(...)[0] is undefined
JavaScript error: https://xiao.vdongchina.cn/addons/zjhj_mall/core/web/index.php?r=mch%2Fstore%2Fcat, line 1027: TypeError: $(...).find(...)[0] is undefined
JavaScript error: https://xiao.vdongchina.cn/addons/zjhj_mall/core/web/index.php?r=mch%2Fstore%2Fcat, line 1027: TypeError: $(...).find(...)[0] is undefined
[Parent 10012, Gecko_IOThread] WARNING: pipe error: 109: file z:/build/build/src/ipc/chromium/src/chrome/common/ipc_channel_win.cc, line 346
Unable to read VR Path Registry from C:\Users\chenya\AppData\Local\openvr\openvrpaths.vrpath
[Child 10088, Chrome_ChildThread] WARNING: pipe error: 109: file z:/build/build/src/ipc/chromium/src/chrome/common/ipc_channel_win.cc, line 346
[Parent 10012, Gecko_IOThread] WARNING: pipe error: 109: file z:/build/build/src/ipc/chromium/src/chrome/common/ipc_channel_win.cc, line 346
Unable to read VR Path Registry from C:\Users\chenya\AppData\Local\openvr\openvrpaths.vrpath
[Child 6400, Chrome_ChildThread] WARNING: pipe error: 109: file z:/build/build/src/ipc/chromium/src/chrome/common/ipc_channel_win.cc, line 346
[Child 6400, Chrome_ChildThread] WARNING: pipe error: 109: file z:/build/build/src/ipc/chromium/src/chrome/common/ipc_channel_win.cc, line 346
Unable to read VR Path Registry from C:\Users\chenya\AppData\Local\openvr\openvrpaths.vrpath
[Child 7864, Chrome_ChildThread] WARNING: pipe error: 109: file z:/build/build/src/ipc/chromium/src/chrome/common/ipc_channel_win.cc, line 346
[Parent 10012, Gecko_IOThread] WARNING: file z:/build/build/src/ipc/chromium/src/base/process_util_win.cc, line 188
[Parent 10012, Gecko_IOThread] WARNING: pipe error: 109: file z:/build/build/src/ipc/chromium/src/chrome/common/ipc_channel_win.cc, line 346
[Parent 10012, Gecko_IOThread] WARNING: pipe error: 109: file z:/build/build/src/ipc/chromium/src/chrome/common/ipc_channel_win.cc, line 346
Unable to read VR Path Registry from C:\Users\chenya\AppData\Local\openvr\openvrpaths.vrpath
[Child 11068, Chrome_ChildThread] WARNING: pipe error: 109: file z:/build/build/src/ipc/chromium/src/chrome/common/ipc_channel_win.cc, line 346
[Child 8172, Chrome_ChildThread] WARNING: pipe error: 109: file z:/build/build/src/ipc/chromium/src/chrome/common/ipc_channel_win.cc, line 346
[Child 8172, Chrome_ChildThread] WARNING: pipe error: 109: file z:/build/build/src/ipc/chromium/src/chrome/common/ipc_channel_win.cc, line 346
nel_win.cc, line 346
[Child 6616, Chrome_ChildThread] WARNING: pipe error: 109: file z:/build/build/src/ipc/chromium/src/chrome/common/ipc_channel_win.cc, line 346
\Local\openvr\openvrpaths.vrpath
[Child 8692, Chrome_ChildThread] WARNING: pipe error: 109: file z:/build/build/src/ipc/chromium/src/chrome/common/ipc_channel_win.cc, line 346
1548661742712	geckodriver	INFO	geckodriver 0.21.0
1548661742721	geckodriver	INFO	Listening on 127.0.0.1:23601
1548661745744	mozrunner::runner	INFO	Running command: "F:\\火狐浏览器\\firefox.exe" "-marionette" "-foreground" "-no-remote" "-profile" "C:\\Users\\chenya\\AppData\\Local\\Temp\\rust_mozprofile.n2I6yQd3j8Ar"
1548661748302	Marionette	INFO	Listening on port 23612
1548661748471	Marionette	WARN	TLS certificate errors will be ignored for this session
Unable to read VR Path Registry from C:\Users\chenya\AppData\Local\openvr\openvrpaths.vrpath
JavaScript error: https://ss1.bdstatic.com/5eN1bjq8AAUYm2zgoY3K/r/www/cache/static/protocol/https/plugins/every_cookie_4644b13.js, line 4: ReferenceError: c is not defined
Unable to read VR Path Registry from C:\Users\chenya\AppData\Local\openvr\openvrpaths.vrpath
[Parent 8620, Gecko_IOThread] WARNING: pipe error: 109: file z:/build/build/src/ipc/chromium/src/chrome/common/ipc_channel_win.cc, line 346
Unable to read VR Path Registry from C:\Users\chenya\AppData\Local\openvr\openvrpaths.vrpath
[Child 6920, Chrome_ChildThread] WARNING: pipe error: 109: file z:/build/build/src/ipc/chromium/src/chrome/common/ipc_channel_win.cc, line 346
[Child 6920, Chrome_ChildThread] WARNING: pipe error: 109: file z:/build/build/src/ipc/chromium/src/chrome/common/ipc_channel_win.cc, line 346
Unable to read VR Path Registry from C:\Users\chenya\AppData\Local\openvr\openvrpaths.vrpath
[Child 8500, Chrome_ChildThread] WARNING: pipe error: 109: file z:/build/build/src/ipc/chromium/src/chrome/common/ipc_channel_win.cc, line 346
[Child 8500, Chrome_ChildThread] WARNING: pipe error: 109: file z:/build/build/src/ipc/chromium/src/chrome/common/ipc_channel_win.cc, line 346
[Child 11604, Chrome_ChildThread] WARNING: pipe error: 109: file z:/build/build/src/ipc/chromium/src/chrome/common/ipc_channel_win.cc, line 346
[Child 11604, Chrome_ChildThread] WARNING: pipe error: 109: file z:/build/build/src/ipc/chromium/src/chrome/common/ipc_channel_win.cc, line 346
Unable to read VR Path Registry from C:\Users\chenya\AppData\Local\openvr\openvrpaths.vrpath
[Child 12264, Chrome_ChildThread] WARNING: pipe error: 109: file z:/build/build/src/ipc/chromium/src/chrome/common/ipc_channel_win.cc, line 346
[Child 12264, Chrome_ChildThread] WARNING: pipe error: 109: file z:/build/build/src/ipc/chromium/src/chrome/common/ipc_channel_win.cc, line 346
[Parent 8620, Gecko_IOThread] WARNING: pipe error: 109: file z:/build/build/src/ipc/chromium/src/chrome/common/ipc_channel_win.cc, line 346
Unable to read VR Path Registry from C:\Users\chenya\AppData\Local\openvr\openvrpaths.vrpath
[Child 4840, Chrome_ChildThread] WARNING: pipe error: 109: file z:/build/build/src/ipc/chromium/src/chrome/common/ipc_channel_win.cc, line 346
1548724662422	geckodriver	INFO	geckodriver 0.21.0
1548724662432	geckodriver	INFO	Listening on 127.0.0.1:2025
1548724665451	mozrunner::runner	INFO	Running command: "F:\\火狐浏览器\\firefox.exe" "-marionette" "-foreground" "-no-remote" "-profile" "C:\\Users\\chenya\\AppData\\Local\\Temp\\rust_mozprofile.18n2OkKYsRyU"
1548724668758	Marionette	INFO	Listening on port 2033
1548724669087	Marionette	WARN	TLS certificate errors will be ignored for this session
1548724834945	addons.productaddons	WARN	Failed downloading via XHR, status: 0, reason: error
Unable to read VR Path Registry from C:\Users\chenya\AppData\Local\openvr\openvrpaths.vrpath
[Parent 2544, Gecko_IOThread] WARNING: pipe error: 109: file z:/build/build/src/ipc/chromium/src/chrome/common/ipc_channel_win.cc, line 346
Unable to read VR Path Registry from C:\Users\chenya\AppData\Local\openvr\openvrpaths.vrpath
[Child 6468, Chrome_ChildThread] WARNING: pipe error: 109: file z:/build/build/src/ipc/chromium/src/chrome/common/ipc_channel_win.cc, line 346
[Child 6468, Chrome_ChildThread] WARNING: pipe error: 109: file z:/build/build/src/ipc/chromium/src/chrome/common/ipc_channel_win.cc, line 346
Unable to read VR Path Registry from C:\Users\chenya\AppData\Local\openvr\openvrpaths.vrpath
[Child 1216, Chrome_ChildThread] WARNING: pipe error: 109: file z:/build/build/src/ipc/chromium/src/chrome/common/ipc_channel_win.cc, line 346
[Child 1216, Chrome_ChildThread] WARNING: pipe error: 109: file z:/build/build/src/ipc/chromium/src/chrome/common/ipc_channel_win.cc, line 346
1548725372796	geckodriver	INFO	geckodriver 0.21.0
1548725372806	geckodriver	INFO	Listening on 127.0.0.1:2442
1548725375847	mozrunner::runner	INFO	Running command: "F:\\火狐浏览器\\firefox.exe" "-marionette" "-foreground" "-no-remote" "-profile" "C:\\Users\\chenya\\AppData\\Local\\Temp\\rust_mozprofile.1w9G3RJw7XoA"
1548725378449	Marionette	INFO	Listening on port 2450
1548725378597	Marionette	WARN	TLS certificate errors will be ignored for this session
1548725686204	addons.productaddons	WARN	Failed downloading via XHR, status: 0, reason: error
Unable to read VR Path Registry from C:\Users\chenya\AppData\Local\openvr\openvrpaths.vrpath
[Parent 8380, Gecko_IOThread] WARNING: pipe error: 109: file z:/build/build/src/ipc/chromium/src/chrome/common/ipc_channel_win.cc, line 346
[Parent 8380, Gecko_IOThread] WARNING: pipe error: 109: file z:/build/build/src/ipc/chromium/src/chrome/common/ipc_channel_win.cc, line 346
[Parent 8380, Gecko_IOThread] WARNING: pipe error: 109: file z:/build/build/src/ipc/chromium/src/chrome/common/ipc_channel_win.cc, line 346
Unable to read VR Path Registry from C:\Users\chenya\AppData\Local\openvr\openvrpaths.vrpath
[Child 8300, Chrome_ChildThread] WARNING: pipe error: 109: file z:/build/build/src/ipc/chromium/src/chrome/common/ipc_channel_win.cc, line 346
[Parent 8380, Gecko_IOThread] WARNING: pipe error: 109: file z:/build/build/src/ipc/chromium/src/chrome/common/ipc_channel_win.cc, line 346
Unable to read VR Path Registry from C:\Users\chenya\AppData\Local\openvr\openvrpaths.vrpath
[Child 7804, Chrome_ChildThread] WARNING: pipe error: 109: file z:/build/build/src/ipc/chromium/src/chrome/common/ipc_channel_win.cc, line 346
[Child 7804, Chrome_ChildThread] WARNING: pipe error: 109: file z:/build/build/src/ipc/chromium/src/chrome/common/ipc_channel_win.cc, line 346
Unable to read VR Path Registry from C:\Users\chenya\AppData\Local\openvr\openvrpaths.vrpath
[Child 9184, Chrome_ChildThread] WARNING: pipe error: 109: file z:/build/build/src/ipc/chromium/src/chrome/common/ipc_channel_win.cc, line 346
[Child 9184, Chrome_ChildThread] WARNING: pipe error: 109: file z:/build/build/src/ipc/chromium/src/chrome/common/ipc_channel_win.cc, line 346
Unable to read VR Path Registry from C:\Users\chenya\AppData\Local\openvr\openvrpaths.vrpath
[Child 3568, Chrome_ChildThread] WARNING: pipe error: 109: file z:/build/build/src/ipc/chromium/src/chrome/common/ipc_channel_win.cc, line 346
[Child 3568, Chrome_ChildThread] WARNING: pipe error: 109: file z:/build/build/src/ipc/chromium/src/chrome/common/ipc_channel_win.cc, line 346
Unable to read VR Path Registry from C:\Users\chenya\AppData\Local\openvr\openvrpaths.vrpath
[Child 8252, Chrome_ChildThread] WARNING: pipe error: 109: file z:/build/build/src/ipc/chromium/src/chrome/common/ipc_channel_win.cc, line 346
1548726156932	geckodriver	INFO	geckodriver 0.21.0
1548726156943	geckodriver	INFO	Listening on 127.0.0.1:2688
1548726159976	mozrunner::runner	INFO	Running command: "F:\\火狐浏览器\\firefox.exe" "-marionette" "-foreground" "-no-remote" "-profile" "C:\\Users\\chenya\\AppData\\Local\\Temp\\rust_mozprofile.4igR9ZEkjOvu"
1548726162078	Marionette	INFO	Listening on port 2698
1548726162117	Marionette	WARN	TLS certificate errors will be ignored for this session
Unable to read VR Path Registry from C:\Users\chenya\AppData\Local\openvr\openvrpaths.vrpath
[Child 6648, Chrome_ChildThread] WARNING: pipe error: 109: file z:/build/build/src/ipc/chromium/src/chrome/common/ipc_channel_win.cc, line 346
[Child 6648, Chrome_ChildThread] WARNING: pipe error: 109: file z:/build/build/src/ipc/chromium/src/chrome/common/ipc_channel_win.cc, line 346
Unable to read VR Path Registry from C:\Users\chenya\AppData\Local\openvr\openvrpUnable to read VR Path Registry from C:\Users\chenya\AppData\Local\openvr\openvrpaths.vrpath
[Child 11208, Chrome_ChildThread] WARNING: pipe error: 109: file z:/build/build/src/ipc/chromium/src/chrome/common/ipc_channel_win.cc, line 346
Unable to read VR Path Registry from C:\Users\chenya\AppData\Local\openvr\openvrpaths.vrpath
[Child 10372, Chrome_ChildThread] WARNING: pipe error: 109: file z:/build/build/src/ipc/chromium/src/chrome/common/ipc_channel_win.cc, line 346
[Child 10372, Chrome_ChildThread] WARNING: pipe error: 109: file z:/build/build/src/ipc/chromium/src/chrome/common/ipc_channel_win.cc, line 346
Unable to read VR Path Registry from C:\Users\chenya\AppData\Local\openvr\openvrpaths.vrpath
[Parent 6976, Gecko_IOThread] WARNING: pipe error: 109: file z:/build/build/src/ipc/chromium/src/chrome/common/ipc_channel_win.cc, line 346
Unable to read VR Path Registry from C:\Users\chenya\AppData\Local\openvr\openvrpaths.vrpath
[Child 10520, Chrome_ChildThread] WARNING: pipe error: 109: file z:/build/build/src/ipc/chromium/src/chrome/common/ipc_channel_win.cc, line 346
/chromium/src/chrome/common/ipc_channel_win.cc, line 346
[Child 852, Chrome_ChildThread] WARNING: pipe error: 109: file z:/build/build/src/ipc/chromium/src/chrome/common/ipc_channel_win.cc, line 346
