1532510333242	geckodriver	INFO	geckodriver 0.21.0
1532510333252	geckodriver	INFO	Listening on 127.0.0.1:58176
1532510336214	mozrunner::runner	INFO	Running command: "F:\\火狐浏览器\\firefox.exe" "-marionette" "-foreground" "-no-remote" "-profile" "C:\\Users\\chenya\\AppData\\Local\\Temp\\rust_mozprofile.YWtTewavOCor"
1532510341586	Marionette	INFO	Listening on port 58190
1532510341784	Marionette	WARN	TLS certificate errors will be ignored for this session
Unable to read VR Path Registry from C:\Users\chenya\AppData\Local\openvr\openvrpaths.vrpath
JavaScript error: https://test-xiao.vdongtx.com/web/index.php?c=utility&a=visit&do=showjs&type=system, line 1: SyntaxError: expected expression, got '<'
JavaScript error: https://test-xiao.vdongtx.com/web/index.php?c=user&a=login&, line 124: ReferenceError: cookie is not defined
JavaScript error: https://test-xiao.vdongtx.com/web/index.php?c=utility&a=visit&do=showjs&type=FRAME, line 1: SyntaxError: expected expression, got '<'
JavaScript error: https://test-xiao.vdongtx.com/web/index.php?c=utility&a=visit&do=showjs&type=FRAME, line 1: SyntaxError: expected expression, got '<'
Unable to read VR Path Registry from C:\Users\chenya\AppData\Local\openvr\openvrpaths.vrpath
[Parent 12996, Gecko_IOThread] WARNING: pipe error: 109: file z:/build/build/src/ipc/chromium/src/chrome/common/ipc_channel_win.cc, line 346
Unable to read VR Path Registry from C:\Users\chenya\AppData\Local\openvr\openvrpaths.vrpath
[Child 9292, Chrome_ChildThread] WARNING: pipe error: 109: file z:/build/build/src/ipc/chromium/src/chrome/common/ipc_channel_win.cc, line 346
[Child 10076, Chrome_ChildThread] WARNING: pipe error: 109: file z:/build/build/src/ipc/chromium/src/chrome/common/ipc_channel_win.cc, line 346
[Child 10076, Chrome_ChildThread] WARNING: pipe error: 109: file z:/build/build/src/ipc/chromium/src/chrome/common/ipc_channel_win.cc, line 346
[Parent 12996, Gecko_IOThread] WARNING: pipe error: 109: file z:/build/build/src/ipc/chromium/src/chrome/common/ipc_channel_win.cc, line 346
Unable to read VR Path Registry from C:\Users\chenya\AppData\Local\openvr\openvrpaths.vrpath
[Child 11412, Chrome_ChildThread] WARNING: pipe error: 109: file z:/build/build/src/ipc/chromium/src/chrome/common/ipc_channel_win.cc, line 346
1532510732650	geckodriver	INFO	geckodriver 0.21.0
1532510732676	geckodriver	INFO	Listening on 127.0.0.1:59088
1532510735676	mozrunner::runner	INFO	Running command: "F:\\火狐浏览器\\firefox.exe" "-marionette" "-foreground" "-no-remote" "-profile" "C:\\Users\\chenya\\AppData\\Local\\Temp\\rust_mozprofile.tFkbqjJQzsbs"
1532510738017	Marionette	INFO	Listening on port 59102
1532510738429	Marionette	WARN	TLS certificate errors will be ignored for this session
Unable to read VR Path Registry from C:\Users\chenya\AppData\Local\openvr\openvrpaths.vrpath
JavaScript error: https://test-xiao.vdongtx.com/web/index.php?c=utility&a=visit&do=showjs&type=system, line 1: SyntaxError: expected expression, got '<'
JavaScript error: https://test-xiao.vdongtx.com/web/index.php?c=user&a=login&, line 124: ReferenceError: cookie is not defined
JavaScript error: https://test-xiao.vdongtx.com/web/index.php?c=utility&a=visit&do=showjs&type=FRAME, line 1: SyntaxError: expected expression, got '<'
Unable to read VR Path Registry from C:\Users\chenya\AppData\Local\openvr\openvrpaths.vrpath
[Parent 22920, Gecko_IOThread] WARNING: pipe error: 109: file z:/build/build/src/ipc/chromium/src/chrome/common/ipc_channel_win.cc, line 346
Unable to read VR Path Registry from C:\Users\chenya\AppData\Local\openvr\openvrpaths.vrpath
[Child 9576, Chrome_ChildThread] WARNING: pipe error: 109: file z:/build/build/src/ipc/chromium/src/chrome/common/ipc_channel_win.cc, line 346
[Child 9576, Chrome_ChildThread] WARNING: pipe error: 109: file z:/build/build/src/ipc/chromium/src/chrome/common/ipc_channel_win.cc, line 346
[Child 23612, Chrome_ChildThread] WARNING: pipe error: 109: file z:/build/build/src/ipc/chromium/src/chrome/common/ipc_channel_win.cc, line 346
[Child 23612, Chrome_ChildThread] WARNING: pipe error: 109: file z:/build/build/src/ipc/chromium/src/chrome/common/ipc_channel_win.cc, line 346
Unable to read VR Path Registry from C:\Users\chenya\AppData\Local\openvr\openvrpaths.vrpath
[Child 36540, Chrome_ChildThread] WARNING: pipe error: 109: file z:/build/build/src/ipc/chromium/src/chrome/common/ipc_channel_win.cc, line 346
Unable to read VR Path Registry from C:\Users\chenya\AppData\Local\openvr\openvrpaths.vrpath
[Parent 29440, Gecko_IOThread] WARNING: pipe error: 109: file z:/build/build/src/ipc/chromium/src/chrome/common/ipc_channel_win.cc, line 346
Unable to read VR Path Registry from C:\Users\chenya\AppData\Local\openvr\openvrpaths.vrpath
[Child 7292, Chrome_ChildThread] WARNING: pipe error: 109: file z:/build/build/src/ipc/chromium/src/chrome/common/ipc_channel_win.cc, line 346
[Child 11932, Chrome_ChildThread] WARNING: pipe error: 109: file z:/build/build/src/ipc/chromium/src/chrome/common/ipc_channel_win.cc, line 346
[Child 11932, Chrome_ChildThread] WARNING: pipe error: 109: file z:/build/build/src/ipc/chromium/src/chrome/common/ipc_channel_win.cc, line 346
[Parent 29440, Gecko_IOThread] WARNING: pipe error: 109: file z:/build/build/src/ipc/chromium/src/chrome/common/ipc_channel_win.cc, line 346
Unable to read VR Path Registry from C:\Users\chenya\AppData\Local\openvr\openvrpaths.vrJavaScript error: https://test-xiao.vdongtx.com/web/index.php?c=utility&a=visit&do=showjs&type=FRAME, line 1: SyntaxError: expected expression, got '<'
JavaScript error: https://test-xiao.vdongtx.com/addons/ewei_shopv2/static/js/require.js, line 5: Error: Script error for "../addons/ewei_shopv2/static/js/web/table.js?v=1532511556833"
http://requirejs.org/docs/errors.html#scripterror
JavaScript error: https://test-xiao.vdongtx.com/addons/ewei_shopv2/static/js/require.js, line 5: Error: Script error for "../addons/ewei_shopv2/static/js/web/biz.js?v=1532511556833"
http://requirejs.org/docs/errors.html#scripterror
JavaScript error: https://test-xiao.vdongtx.com/addons/ewei_shopv2/static/js/require.js, line 5: Error: Script error for "../addons/ewei_shopv2/static/js/web/tip.js?v=1532511556833"
http://requirejs.org/docs/errors.html#scripterror
JavaScript error: https://test-xiao.vdongtx.com/addons/ewei_shopv2/static/js/require.js, line 5: Error: Script error for "../addons/ewei_shopv2/static/js/dist/jquery/jquery.gcjs.js?v=1532511556833"
http://requirejs.org/docs/errors.html#scripterror
JavaScript error: https://test-xiao.vdongtx.com/addons/ewei_shopv2/static/js/require.js, line 5: Error: Script error for "../addons/ewei_shopv2/static/js/dist/tooltipbox.js?v=1532511556833"
http://requirejs.org/docs/errors.html#scripterror
Unable to read VR Path Registry from C:\Users\chenya\AppData\Local\openvr\openvrpaths.vrpath
[Parent 29396, Gecko_IOThread] WARNING: pipe error: 109: file z:/build/build/src/ipc/chromium/src/chrome/common/ipc_channel_win.cc, line 346
[Child 29904, Chrome_ChildThread] WARNING: pipe error: 109: file z:/build/build/src/ipc/chromium/src/chrome/common/ipc_channel_win.cc, line 346
Unable to read VR Path Registry from C:\Users\chenya\AppData\Local\openvr\openvrpaths.vrpath
[Child 27532, Chrome_ChildThread] WARNING: pipe error: 109: file z:/build/build/src/ipc/chromium/src/chrome/common/ipc_channel_win.cc, line 346
[Child 27532, Chrome_ChildThread] WARNING: pipe error: 109: file z:/build/build/src/ipc/chromJavaScript error: https://test-xiao.vdongtx.com/web/index.php?c=user&a=login&, line 124: ReferenceError: cookie is not defined
JavaScript error: https://test-xiao.vdongtx.com/web/index.php?c=utility&a=visit&do=showjs&type=FRAME, line 1: SyntaxError: expected expression, got '<'
JavaScript error: https://test-xiao.vdongtx.com/web/index.php?c=utility&a=visit&do=showjs&type=FRAME, line 1: SyntaxError: expected expression, got '<'
JavaScript error: https://test-xiao.vdongtx.com/addons/ewei_shopv2/static/js/require.js, line 5: Error: Script error for "../addons/ewei_shopv2/static/js/web/table.js?v=1532511625915"
http://requirejs.org/docs/errors.html#scripterror
JavaScript error: https://test-xiao.vdongtx.com/addons/ewei_shopv2/static/js/require.js, line 5: Error: Script error for "../addons/ewei_shopv2/static/js/dist/jquery/jquery.gcjs.js?v=1532511625915"
http://requirejs.org/docs/errors.html#scripterror
JavaScript error: https://test-xiao.vdongtx.com/addons/ewei_shopv2/static/js/require.js, line 5: Error: Script error for "../addons/ewei_shopv2/static/js/web/tip.js?v=1532511625915"
http://requirejs.org/docs/errors.html#scripterror
JavaScript error: https://test-xiao.vdongtx.com/addons/ewei_shopv2/static/js/require.js, line 5: Error: Script error for "../addons/ewei_shopv2/static/js/dist/tooltipbox.js?v=1532511625915"
http://requirejs.org/docs/errors.html#scripterror
JavaScript error: https://test-xiao.vdongtx.com/addons/ewei_shopv2/static/js/require.js, line 5: Error: Script error for "../addons/ewei_shopv2/static/js/web/biz.js?v=1532511625915"
http://requirejs.org/docs/errors.html#scripterror
[Child 36648, Chrome_ChildThread] WARNING: pipe error: 109: file z:/build/build/src/ipc/chromium/src/chrome/common/ipc_channel_win.cc, line 346
[Child 36648, Chrome_ChildThread] WARNING: pipe error: 109: file z:/build/build/src/ipc/chromium/src/chrome/common/ipc_channel_win.cc, line 346
Unable to read VR Path Registry from C:\Users\chenya\AppData\Local\openvr\openvrpaths.vrpath
[Child 36480, Chrome_ChildThread] WARNING: pipe error: 109: file z:/build/build/src/ipc/chromium/src/chrome/common/ipc_channel_win.cc, line 346
Unable to read VR Path Registry from C:\Users\chenya\AppData\Local\openvr\openvrpaths.vrpath
1532512128141	geckodriver	INFO	geckodriver 0.21.0
1532512128152	geckodriver	INFO	Listening on 127.0.0.1:49480
1532512131162	mozrunner::runner	INFO	Running command: "F:\\火狐浏览器\\firefox.exe" "-marionette" "-foreground" "-no-remote" "-profile" "C:\\Users\\chenya\\AppData\\Local\\Temp\\rust_mozprofile.p7oSnEiquPwf"
1532512133461	Marionette	INFO	Listening on port 49504
1532512133876	Marionette	WARN	TLS certificate errors will be ignored for this session
Unable to read VR Path Registry from C:\Users\chenya\AppData\Local\openvr\openvrpaths.vrpath
JavaScript error: https://test-xiao.vdongtx.com/web/index.php?c=utility&a=visit&do=showjs&type=system, line 1: SyntaxError: expected expression, got '<'
JavaScript error: https://test-xiao.vdongtx.com/web/index.php?c=user&a=login&, line 124: ReferenceError: cookie is not defined
JavaScript error: https://test-xiao.vdongtx.com/web/index.php?c=utility&a=visit&do=showjs&type=FRAME, line 1: SyntaxError: expected expression, got '<'
JavaScript error: https://test-xiao.vdongtx.com/web/index.php?c=utility&a=visit&do=showjs&type=FRAME, line 1: SyntaxError: expected expression, got '<'
JavaScript error: https://test-xiao.vdongtx.com/addons/ewei_shopv2/static/js/require.js, line 5: Error: Script error for "../addons/ewei_shopv2/static/js/web/table.js?v=1532512158258"
http://requirejs.org/docs/errors.html#scripterror
JavaScript error: https://test-xiao.vdongtx.com/addons/ewei_shopv2/static/js/require.js, line 5: Error: Script error for "../addons/ewei_shopv2/static/js/dist/jquery/jquery.gcjs.js?v=1532512158258"
http://requirejs.org/docs/errors.html#scripterror
JavaScript error: https://test-xiao.vdongtx.com/addons/ewei_shopv2/static/js/require.js, line 5: Error: Script error for "../addons/ewei_shopv2/static/js/web/tip.js?v=1532512158258"
http://requirejs.org/docs/errors.html#scripterror
JavaScript error: https://test-xiao.vdongtx.com/addons/ewei_shopv2/static/js/require.js, line 5: Error: Script error for "../addons/ewei_shopv2/static/js/dist/tooltipbox.js?v=1532512158258"
http://requirejs.org/docs/errors.html#scripterror
JavaScript error: https://test-xiao.vdongtx.com/addons/ewei_shopv2/static/js/require.js, line 5: Error: Script error for "../addons/ewei_shopv2/static/js/web/biz.js?v=1532512158258"
http://requirejs.org/docs/errors.html#scripterror
console.warn: LoginRecipes: getRecipes: falling back to a synchronous message for: https://test-xiao.vdongtx.com
Unable to read VR Path Registry from C:\Users\chenya\AppData\Local\openvr\openvrpaths.vrpath
[Parent 27384, Gecko_IOThread] WARNING: pipe error: 109: file z:/build/build/src/ipc/chromium/src/chrome/common/ipc_channel_win.cc, line 346
[Child 26336, Chrome_ChildThread] WARNING: pipe error: 109: file z:/build/build/src/ipc/chromium/src/chrome/common/ipc_channel_win.cc, line 346
Unable to read VR Path Registry from C:\Users\chenya\AppData\Local\openvr\openvrpaths.vrpath
[Child 28900, Chrome_ChildThread] WARNING: pipe error: 109: file z:/build/build/src/ipc/chromium/src/chrome/common/ipc_channel_win.cc, line 346
[Child 28900, Chrome_ChildThread] WARNING: pipe error: 109: file z:/build/build/src/ipc/chromium/src/chrome/common/ipc_channel_win.cc, line 346
Unable to read VR Path Registry from C:\Users\chenya\AppData\Local\openvr\openvrpaths.vrpath
[Child 24896, Chrome_ChildThread] WARNING: pipe error: 109: file z:/build/build/src/ipc/chromium/src/chrome/common/ipc_channel_win.cc, line 346
1532512573452	geckodriver	INFO	geckodriver 0.21.0
1532512573462	geckodriver	INFO	Listening on 127.0.0.1:51659
1532512576485	mozrunner::runner	INFO	Running command: "F:\\火狐浏览器\\firefox.exe" "-marionette" "-foreground" "-no-remote" "-profile" "C:\\Users\\chenya\\AppData\\Local\\Temp\\rust_mozprofile.omy4Q8zacKCd"
1532512578828	Marionette	INFO	Listening on port 51682
1532512579215	Marionette	WARN	TLS certificate errors will be ignored for this session
Unable to read VR Path Registry from C:\Users\chenya\AppData\Local\openvr\openvrpaths.vrpath
JavaScript error: https://test-xiao.vdongtx.com/web/index.php?c=utility&a=visit&do=showjs&type=system, line 1: SyntaxError: expected expression, got '<'
JavaScript error: https://test-xiao.vdongtx.com/web/index.php?c=user&a=login&, line 124: ReferenceError: cookie is not defined
JavaScript error: https://test-xiao.vdongtx.com/web/index.php?c=utility&a=visit&do=showjs&type=FRAME, line 1: SyntaxError: expected expression, got '<'
JavaScript error: https://test-xiao.vdongtx.com/web/index.php?c=utility&a=visit&do=showjs&type=FRAME, line 1: SyntaxError: expected expression, got '<'
Unable to read VR Path Registry from C:\Users\chenya\AppData\Local\openvr\openvrpaths.vrpath
[Child 16756, Ch1532512636364	mozrunner::runner	INFO	Running command: "F:\\火狐浏览器\\firefox.exe" "-marionette" "-foreground" "-no-remote" "-profile" "C:\\Users\\chenya\\AppData\\Local\\Temp\\rust_mozprofile.EDMXFkAWNs0C"
1532512639138	Marionette	INFO	Listening on port 52007
1532512639612	Marionette	WARN	TLS certificate errors will be ignored for this session
Unable to read VR Path Registry from C:\Users\chenya\AppData\Local\openvr\openvrpaths.vrpath
JavaScript error: https://test-xiao.vdongtx.com/web/index.php?c=utility&a=visit&do=showjs&type=system, line 1: SyntaxError: expected expression, got '<'
JavaScript error: https://test-xiao.vdongtx.com/web/index.php?c=user&a=login&, line 124: ReferenceError: cookie is not defined
JavaScript error: https://test-xiao.vdongtx.com/web/index.php?c=utility&a=visit&do=showjs&type=FRAME, line 1: SyntaxError: expected expression, got '<'
JavaScript error: https://test-xiao.vdongtx.com/web/index.php?c=utility&a=visit&do=showjs&type=FRAME, line 1: SyntaxError: expected expression, got '<'
JavaScript error: https://test-xiao.vdongtx.com/addons/ewei_shopv2/static/js/require.js, line 5: Error: Script error for "../addons/ewei_shopv2/static/js/dist/jquery/jquery.gcjs.js?v=1532512671696"
http://requirejs.org/docs/errors.html#scripterror
JavaScript error: https://test-xiao.vdongtx.com/addons/ewei_shopv2/static/js/require.js, line 5: Error: Script error for "../addons/ewei_shopv2/static/js/web/tip.js?v=1532512671696"
http://requirejs.org/docs/errors.html#scripterror
JavaScript error: https://test-xiao.vdongtx.com/addons/ewei_shopv2/static/js/require.js, line 5: Error: Script error for "../addons/ewei_shopv2/static/js/dist/tooltipbox.js?v=1532512671696"
http://requirejs.org/docs/errors.html#scripterror
JavaScript error: https://test-xiao.vdongtx.com/addons/ewei_shopv2/static/js/require.js, line 5: Error: Script error for "../addons/ewei_shopv2/static/js/web/biz.js?v=1532512671696"
http://requirejs.org/docs/errors.html#scripterror
Unable to read VR Path Registry from C:\Users\chenya\AppData\Local\openvr\openvrpaths.vrpath
[Parent 15264, Gecko_IOThread] WARNING: pipe error: 109: file z:/build/build/src/ipc/chromium/src/chrome/common/ipc_channel_win.cc, line 346
Unable to read VR Path Registry from C:\Users\chenya\AppData\Local\openvr\openvrpaths.vrpath
[Child 18724, Chrome_ChildThread] WARNING: pipe error: 109: file z:/build/build/src/ipc/chromium/src/chrome/common/ipc_channel_win.cc, line 346
[Child 18724, Chrome_ChildThread] WARNING: pipe error: 109: file z:/build/build/src/ipc/chromium/src/chrome/common/ipc_channel_win.cc, line 346
[Child 16892, Chrome_ChildThread] WARNING: pipe error: 109: file z:/build/build/src/ipc/chromium/src/chrome/common/ipc_channel_win.cc, line 346
[Child 16892, Chrome_ChildThread] WARNING: pipe error: 109: file z:/build/build/src/ipc/chromium/src/chrome/common/ipc_channel_win.cc, line 346
Unable to read VR Path Registry from C:\Users\chenya\AppData\Local\openvr\openvrpaths.vrpath
[Child 19320, Chrome_ChildThread] WARNING: pipe error: 109: file z:/build/build/src/ipc/chromium/src/chrome/common/ipc_channel_win.cc, line 346
vaScript error: https://test-xiao.vdongtx.com/addons/ewei_shopv2/static/js/require.js, line 5: Error: Script error for "../addons/ewei_shopv2/static/js/dist/tooltipbox.js?v=1532512851261"
http://requirejs.org/docs/errors.html#scripterror
JavaScript error: https://test-xiao.vdongtx.com/addons/ewei_shopv2/static/js/require.js, line 5: Error: Script error for "../addons/ewei_shopv2/static/js/web/biz.js?v=1532512851261"
http://requirejs.org/docs/errors.html#scripterror
[Child 11940, Chrome_ChildThread] WARNING: pipe error: 109: file z:/build/build/src/ipc/chromium/src/chrome/common/ipc_channel_win.cc, line 346
[Child 11940, Chrome_ChildThread] WARNING: pipe error: 109: file z:/build/build/src/ipc/chromium/src/chrome/common/ipc_channel_win.cc, line 346
Unable to read VR Path Registry from C:\Users\chenya\AppData\Local\openvr\openvrpaths.vrpath
[Child 22496, Chrome_ChildThread] WARNING: pipe error: 109: file z:/build/build/src/ipc/chromium/src/chrome/common/ipc_channel_win.cc, line 346
[Child 22496, Chrome_ChildThread] WARNING: pipe error: 109: file z:/build/build/src/ipc/chromium/src/chrome/common/ipc_channel_win.cc, line 346
Unable to read VR Path Registry from C:\Users\chenya\AppData\Local\openvr\openvrpaths.vrpath
[Parent 24548, Gecko_IOThread] WARNING: pipe error: 109: file z:/build/build/src/ipc/chromium/src/chrome/common/ipc_channel_win.cc, line 346
Unable to read VR Path Registry from C:\Users\chenya\AppData\Local\openvr\openvrpaths.vrpath
[Child 40576, Chrome_ChildThread] WARNING: pipe error: 109: file z:/build/build/src/ipc/chromium/src/chrome/common/ipc_channel_win.cc, line 346
vaScript error: https://test-xiao.vdongtx.com/addons/ewei_shopv2/static/js/require.js, line 5: Error: Script error for "../addons/ewei_shopv2/static/js/web/biz.js?v=1532512936110"
http://requirejs.org/docs/errors.html#scripterror
Unable to read VR Path Registry from C:\Users\chenya\AppData\Local\openvr\openvrpaths.vrpath
[Parent 28360, Gecko_IOThread] WARNING: pipe error: 109: file z:/build/build/src/ipc/chromium/src/chrome/common/ipc_channel_win.cc, line 346
[Child 24624, Chrome_ChildThread] WARNING: pipe error: 109: file z:/build/build/src/ipc/chromium/src/chrome/common/ipc_channel_win.cc, line 346
Unable to read VR Path Registry from C:\Users\chenya\AppData\Local\openvr\openvrpaths.vrpath
[Child 27172, Chrome_ChildThread] WARNING: pipe error: 109: file z:/build/build/src/ipc/chromium/src/chrome/common/ipc_channel_win.cc, line 346
Unable to read VR Path Registry from C:\Users\chenya\AppData\Local\openvr\openvrpaths.vrpath
[Child 15852, Chrome_ChildThread] WARNING: pipe error: 109: file z:/build/build/src/ipc/chromium/src/chrome/common/ipc_channel_win.cc, line 346
[Child 15852, Chrome_ChildThread] WARNING: pipe error: 109: file z:/build/build/src/ipc/chromium/src/chrome/common/ipc_channel_win.cc, line 346
1532513354125	geckodriver	INFO	geckodriver 0.21.0
1532513354135	geckodriver	INFO	Listening on 127.0.0.1:55708
1532513357116	mozrunner::runner	INFO	Running command: "F:\\火狐浏览器\\firefox.exe" "-marionette" "-foreground" "-no-remote" "-profile" "C:\\Users\\chenya\\AppData\\Local\\Temp\\rust_mozprofile.AXQw093GrxUB"
1532513359453	Marionette	INFO	Listening on port 55731
1532513359955	Marionette	WARN	TLS certificate errors will be ignored for this session
Unable to read VR Path Registry from C:\Users\chenya\AppData\Local\openvr\openvrpaths.vrpath
JavaScript error: https://test-xiao.vdongtx.com/web/index.php?c=utility&a=visit&do=showjs&type=system, line 1: SyntaxError: expected expression, got '<'
JavaScript error: https://test-xiao.vdongtx.com/web/index.php?c=user&a=login&, line 124: ReferenceError: cookie is not defined
JavaScript error: https://test-xiao.vdongtx.com/web/index.php?c=utility&a=visit&do=showjs&type=FRAME, line 1: SyntaxError: expected expression, got '<'
JavaScript error: https://test-xiao.vdongtx.com/web/index.php?c=utility&a=visit&do=showjs&type=FRAME, line 1: SyntaxError: expected expression, got '<'
Unable to read VR Path Registry from C:\Users\chenya\AppData\Local\openvr\openvrpaths.vrpath
[Child 14384, Ch1532513554342	mozrunner::runner	INFO	Running command: "F:\\火狐浏览器\\firefox.exe" "-marionette" "-foreground" "-no-remote" "-profile" "C:\\Users\\chenya\\AppData\\Local\\Temp\\rust_mozprofile.lHeyh0sRfYWg"
1532513557399	Marionette	INFO	Listening on port 56802
1532513557576	Marionette	WARN	TLS certificate errors will be ignored for this session
Unable to read VR Path Registry from C:\Users\chenya\AppData\Local\openvr\openvrpaths.vrpath
JavaScript error: https://test-xiao.vdongtx.com/web/index.php?c=utility&a=visit&do=showjs&type=system, line 1: SyntaxError: expected expression, got '<'
JavaScript error: https://test-xiao.vdongtx.com/web/index.php?c=user&a=login&, line 124: ReferenceError: cookie is not defined
JavaScript error: https://test-xiao.vdongtx.com/web/index.php?c=utility&a=visit&do=showjs&type=FRAME, line 1: SyntaxError: expected expression, got '<'
JavaScript error: https://test-xiao.vdongtx.com/web/index.php?c=utility&a=visit&do=showjs&type=FRAME, line 1: SyntaxError: expected expression, got '<'
JavaScript error: https://test-xiao.vdongtx.com/addons/ewei_shopv2/static/js/require.js, line 5: Error: Script error for "../addons/ewei_shopv2/static/js/dist/tooltipbox.js?v=1532513606303"
http://requirejs.org/docs/errors.html#scripterror
JavaScript error: https://test-xiao.vdongtx.com/addons/ewei_shopv2/static/js/require.js, line 5: Error: Script error for "../addons/ewei_shopv2/static/js/web/biz.js?v=1532513606303"
http://requirejs.org/docs/errors.html#scripterror
JavaScript error: https://test-xiao.vdongtx.com/web/index.php?c=utility&a=visit&do=showjs&type=system, line 1: SyntaxError: expected expression, got '<'
console.warn: LoginRecipes: getRecipes: falling back to a synchronous message for: https://test-xiao.vdongtx.com
console.warn: nsLoginManager: searchLogins: `formSubmitURL` or `httpRealm` is recommended
Unable to read VR Path Registry from C:\Users\chenya\AppData\Local\openvr\openvrpaths.vrpath
[Child 40208, Chrome_ChildThread] WARNING: pipe error: 109: file z:/build/build/src/ipc/chromium/src/chrome/common/ipc_channel_win.cc, line 346
[Child 40208, Chrome_ChildThread] WARNING: pipe error: 109: file z:/build/build/src/ipc/chromium/src/chrome/common/ipc_channel_win.cc, line 346
[Child 3856, Chrome_ChildThread] WARNING: pipe error: 109: file z:/build/build/src/ipc/chromium/src/chrome/common/ipc_channel_win.cc, line 346
[Child 3856, Chrome_ChildThread] WARNING: pipe error: 109: file z:/build/build/src/ipc/chromium/src/chrome/common/ipc_channel_win.cc, line 346
Unable to read VR Path Registry from C:\Users\chenya\AppData\Local\openvr\openvrpaths.vrpath
1532513834131	geckodriver	INFO	geckodriver 0.21.0
1532513834142	geckodriver	INFO	Listening on 127.0.0.1:58233
1532513837178	mozrunner::runner	INFO	Running command: "F:\\火狐浏览器\\firefox.exe" "-marionette" "-foreground" "-no-remote" "-profile" "C:\\Users\\chenya\\AppData\\Local\\Temp\\rust_mozprofile.Y7ISGkEyuEBK"
1532513839589	Marionette	INFO	Listening on port 58255
1532513839897	Marionette	WARN	TLS certificate errors will be ignored for this session
Unable to read VR Path Registry from C:\Users\chenya\AppData\Local\openvr\openvrpaths.vrpath
JavaScript error: https://test-xiao.vdongtx.com/web/index.php?c=utility&a=visit&do=showjs&type=system, line 1: SyntaxError: expected expression, got '<'
JavaScript error: https://test-xiao.vdongtx.com/web/index.php?c=user&a=login&, line 124: ReferenceError: cookie is not defined
JavaScript error: https://test-xiao.vdongtx.com/web/index.php?c=utility&a=visit&do=showjs&type=FRAME, line 1: SyntaxError: expected expression, got '<'
JavaScript error: https://test-xiao.vdongtx.com/web/index.php?c=utility&a=visit&do=showjs&type=FRAME, line 1: SyntaxError: expected expression, got '<'
JavaScript error: https://test-xiao.vdongtx.com/addons/ewei_shopv2/static/js/require.js, line 5: Error: Script error for "../addons/ewei_shopv2/static/js/dist/jquery/jquery.gcjs.js?v=1532513859977"
http://requirejs.org/docs/errors.html#scripterror
JavaScript error: https://test-xiao.vdongtx.com/addons/ewei_shopv2/static/js/require.js, line 5: Error: Script error for "../add1532513860576	Marionette	WARN	TLS certificate errors will be ignored for this session
Unable to read VR Path Registry from C:\Users\chenya\AppData\Local\openvr\openvrpaths.vrpath
JavaScript error: https://test-xiao.vdongtx.com/web/index.php?c=utility&a=visit&do=showjs&type=system, line 1: SyntaxError: expected expression, got '<'
JavaScript error: https://test-xiao.vdongtx.com/web/index.php?c=user&a=login&, line 124: ReferenceError: cookie is not defined
JavaScript error: https://test-xiao.vdongtx.com/web/index.php?c=utility&a=visit&do=showjs&type=FRAME, line 1: SyntaxErrUnable to read VR Path Registry from C:\Users\chenya\AppData\Local\openvr\openvrpaths.vrpath
[Child 36448, Chrome_ChildThread] WARNING: pipe error: 109: file z:/build/build/src/ipc/chromium/src/chrome/common/ipc_channel_win.cc, line 346
[Child 35380, Chrome_ChildThread] WARNING: pipe error: 109: file z:/build/build/src/ipc/chromium/src/chrome/common/ipc_channel_win.cc, line 346
[Child 35380, Chrome_ChildThread] WARNING: pipe error: 109: file z:/build/build/src/ipc/chromium/src/chrome/common/ipc_channel_win.cc, line 346
Unable to read VR Path Registry from C:\Users\chenya\AppData\Local\openvr\openvrpaths.vrpath
[Child 11528, Chrome_ChildThread] WARNING: pipe error: 109: file z:/build/build/src/ipc/chromium/src/chrome/common/ipc_channel_win.cc, line 346
[Child 11528, Chrome_ChildThread] WARNING: pipe error: 109: file z:/build/build/src/ipc/chromium/src/chrome/common/ipc_channel_win.cc, line 346
Unable to read VR Path Registry from C:\Users\chenya\AppData\Local\openvr\openvrpaths.vrpath
mon/ipc_channel_win.cc, line 346
[Child 17456, Chrome_ChildThread] WARNING: pipe error: 109: file z:/build/build/src/ipc/chromium/src/chrome/common/ipc_channel_win.cc, line 346
index.php?c=user&a=login&, line 124: ReferenceError: cookie is not defined
JavaScript error: https://test-xiao.vdongtx.com/web/index.php?c=utility&a=visit&do=showjs&type=FRAME, line 1: SyntaxError: expected expression, got '<'
JavaScript error: https://test-xiao.vdongtx.com/web/index.php?c=utility&a=visit&do=showjs&type=FRAME, line 1: SyntaxError: expected expression, got '<'
JavaScript error: https://test-xiao.vdongtx.com/addons/ewei_shopv2/static/js/require.js, line 5: Error: Script error for "../addons/ewei_shopv2/static/js/web/tip.js?v=1532514021829"
http://requirejs.org/docs/errors.html#scripterror
JavaScript error: https://test-xiao.vdongtx.com/addons/ewei_shopv2/static/js/require.js, line 5: Error: Script error for "../addons/ewei_shopv2/static/js/web/biz.js?v=1532514021829"
http://requirejs.org/docs/errors.html#scripterror
JavaScript error: https://test-xiao.vdongtx.com/addons/ewei_shopv2/static/js/require.js, line 5: Error: Script error for "../addons/ewei_shopv2/static/js/dist/jquery/jquery.gcjs.js?v=1532514021829"
http://requirejs.org/docs/errors.html#scripterror
JavaScript error: https://test-xiao.vdongtx.com/addons/ewei_shopv2/static/js/require.js, line 5: Error: Script error for "../addons/ewei_shopv2/static/js/dist/tooltipbox.js?v=1532514021829"
http://requirejs.org/docs/errors.html#scripterror
JavaScript error: https://test-xiao.vdongtx.com/addons/ewei_shopv2/static/js/require.js, line 5: Error: Script error for "../addons/ewei_shopv2/static/js/web/table.js?v=1532514021829"
http://requirejs.org/docs/errors.html#scripterror
[Child 20592, Chrome_ChildThread] WARNING: pipe error: 109: file z:/build/build/src/ipc/chromium/src/chrome/common/ipc_channel_win.cc, line 346
[Child 20592, Chrome_ChildThread] WARNING: pipe error: 109: file z:/build/build/src/ipc/chromium/src/chrome/common/ipc_channel_win.cc, line 346
Unable to read VR Path Registry from C:\Users\chenya\AppData\Local\openvr\openvrpaths.vrpath
[Child 23252, Chrome_ChildThread] WARNING: pipe error: 109: file z:/build/build/src/ipc/chromium/src/chrome/common/ipc_channel_win.cc, line 346
Unable to read VR Path Registry from C:\Users\chenya\AppData\Local\openvr\openvrpaths.vrpath
[Child 26904, Chrome_ChildThread] WARNING: pipe error: 109: file z:/build/build/src/ipc/chromium/src/chrome/common/ipc_channel_win.cc, line 346
[Child 26904, Chrome_ChildThread] WARNING: pipe error: 109: file z:/build/build/src/ipc/chromium/src/chrome/common/ipc_channel_win.cc, line 346
Unable to read VR Path Registry from C:\Users\chenya\AppData\Local\openvr\openvrpaths.vrpath
1532570100152	geckodriver	INFO	geckodriver 0.21.0
1532570100162	geckodriver	INFO	Listening on 127.0.0.1:51386
1532570103207	mozrunner::runner	INFO	Running command: "F:\\火狐浏览器\\firefox.exe" "-marionette" "-foreground" "-no-remote" "-profile" "C:\\Users\\chenya\\AppData\\Local\\Temp\\rust_mozprofile.ogmwX3dn7LKf"
1532570106302	Marionette	INFO	Listening on port 51394
1532570106633	Marionette	WARN	TLS certificate errors will be ignored for this session
Unable to read VR Path Registry from C:\Users\chenya\AppData\Local\openvr\openvrpaths.vrpath
JavaScript error: https://test-xiao.vdongtx.com/web/index.php?c=utility&a=visit&do=showjs&type=system, line 1: SyntaxError: expected expression, got '<'
JavaScript error: https://test-xiao.vdongtx.com/web/index.php?c=user&a=login&, line 124: ReferenceError: cookie is not defined
JavaScript error: https://test-xiao.vdongtx.com/web/index.php?c=utility&a=visit&do=showjs&type=FRAME, line 1: SyntaxError: expected expression, got '<'
JavaScript error: https://test-xiao.vdongtx.com/web/index.php?c=utility&a=visit&do=showjs&type=FRAME, line 1: SyntaxError: expected expression, got '<'
Unable to read VR Path Registry from C:\Users\chenya\AppData\Local\openvr\openvrpaths.vrpath
[Parent 6248, Ge1532570497952	mozrunner::runner	INFO	Running command: "F:\\火狐浏览器\\firefox.exe" "-marionette" "-foreground" "-no-remote" "-profile" "C:\\Users\\chenya\\AppData\\Local\\Temp\\rust_mozprofile.agp0DvzYCyCA"
1532570500246	Marionette	INFO	Listening on port 51846
1532570500827	Marionette	WARN	TLS certificate errors will be ignored for this session
Unable to read VR Path Registry from C:\Users\chenya\AppData\Local\openvr\openvrpaths.vrpath
JavaScript error: https://test-xiao.vdongtx.com/web/index.php?c=utility&a=visit&do=showjs&type=system, line 1: SyntaxError: expected expression, got '<'
JavaScript error: https://test-xiao.vdongtx.com/web/index.php?c=user&a=login&, line 124: ReferenceError: cookie is not defined
JavaScript error: https://test-xiao.vdongtx.com/web/index.php?c=utility&a=visit&do=showjs&type=FRAME, line 1: SyntaxError: expected expression, got '<'
JavaScript error: https://test-xiao.vdongtx.com/web/index.php?c=utility&a=visit&do=showjs&type=FRAME, line 1: SyntaxError: expected expression, got '<'
JavaScript error: https://test-xiao.vdongtx.com/addons/ewei_shopv2/static/js/require.js, line 5: Error: Script error for "../addons/ewei_shopv2/static/js/dist/jquery/jquery.gcjs.js?v=1532570519811"
http://requirejs.org/docs/errors.html#scripterror
JavaScript error: https://test-xiao.vdongtx.com/addons/ewei_shopv2/static/js/require.js, line 5: Error: Script error for "../addons/ewei_shopv2/static/js/web/tip.js?v=1532570519811"
http://requirejs.org/docs/errors.html#scripterror
JavaScript error: https://test-xiao.vdongtx.com/addons/ewei_shopv2/static/js/require.js, line 5: Error: Script error for "../addons/ewei_shopv2/static/js/dist/tooltipbox.js?v=1532570519811"
http://requirejs.org/docs/errors.html#scripterror
JavaScript error: https://test-xiao.vdongtx.com/addons/ewei_shopv2/static/js/require.js, line 5: Error: Script error for "../addons/ewei_shopv2/static/js/web/biz.js?v=1532570519811"
http://requirejs.org/docs/errors.html#scripterror
Unable to read VR Path Registry from C:\Users\chenya\AppData\Local\openvr\openvrpaths.vrpath
[Parent 10004, G1532570708355	mozrunner::runner	INFO	Running command: "F:\\火狐浏览器\\firefox.exe" "-marionette" "-foreground" "-no-remote" "-profile" "C:\\Users\\chenya\\AppData\\Local\\Temp\\rust_mozprofile.nRZhccHmualZ"
1532570710438	Marionette	INFO	Listening on port 51924
1532570710482	Marionette	WARN	TLS certificate errors will be ignored for this session
Unable to read VR Path Registry from C:\Users\chenya\AppData\Local\openvr\openvrpaths.vrpath
JavaScript error: https://test-xiao.vdongtx.com/web/index.php?c=utility&a=visit&do=showjs&type=system, line 1: SyntaxError: expected expression, got '<'
JavaScript error: https://test-xiao.vdongtx.com/web/index.php?c=user&a=login&, line 124: ReferenceError: cookie is not defined
JavaScript error: https://test-xiao.vdongtx.com/web/index.php?c=utility&a=visit&do=showjs&type=FRAME, line 1: SyntaxError: expected expression, got '<'
JavaScript error: https://test-xiao.vdongtx.com/web/index.php?c=utility&a=visit&do=showjs&type=FRAME, line 1: SyntaxError: expected expression, got '<'
Unable to read VR Path Registry from C:\Users\chenya\AppData\Local\openvr\openvrpaths.vrpath
[Parent 8108, Gecko_IOThread] WARNING: pipe error: 109: file z:/build/build/src/ipc/chromium/src/chrome/common/ipc_channel_win.cc, line 346
[Parent 8108, Gecko_IOThread] WARNING: pipe error: 109: file z:/build/build/src/ipc/chromium/src/chrome/common/ipc_channel_win.cc, line 346
Unable to read VR Path Registry from C:\Users\chenya\AppData\Local\openvr\openvrpaths.vrpath
[Child 8784, Chrome_ChildThread] WARNING: pipe error: 109: file z:/build/build/src/ipc/chromium/src/chrome/common/ipc_channel_win.ccUnable to read VR Path Registry from C:\Users\chenya\AppData\Local\openvr\openvrpaths.vrpath
JavaScript error: https://test-xiao.vdongtx.com/web/index.php?c=utility&a=visit&do=showjs&type=system, line 1: SyntaxError: expected expression, got '<'
JavaScript error: https://test-xiao.vdongtx.com/web/index.php?c=user&a=login&, line 124: ReferenceError: cookie is not defined
JavaScript error: https://test-xiao.vdongtx.com/web/index.php?c=utility&a=visit&do=showjs&type=FRAME, line 1: SyntaxError: expected expression, got '<'
JavaScript error: https://test-xiao.vdongtx.com/web/index.php?c=utility&a=visit&do=showjs&type=FRAME, line 1: SyntaxError: expected expression, got '<'
[Child 4852, Chrome_ChildThread] WARNING: pipe error: 109: file z:/build/build/src/ipc/chromium/src/chrome/common/ipc_channel_win.cc, line 346
[Child 4852, Chrome_ChildThread] WARNING: pipe error: 109: file z:/build/build/src/ipc/chromium/src/chrome/common/ipc_channel_win.cc, line 346
Unable to read VR Path Registry from C:\Users\chenya\AppData\Local\openvr\openvrpaths.vrpath
[Child 8316, Chrome_ChildThread] WARNING: pipe error: 109: file z:/build/build/src/ipc/chromium/src/chrome/common/ipc_channel_win.cc, line 346
[Child 8316, Chrome_ChildThread] WARNING: pipe error: 109: file z:/build/build/sUnable to read VR Path Registry from C:\Users\chenya\AppData\Local\openvr\openvrpaths.vrpath
JavaScript error: https://test-xiao.vdongtx.com/web/index.php?c=utility&a=visit&do=showjs&type=system, line 1: SyntaxError: expected expression, got '<'
JavaScript error: https://test-xiao.vdongtx.com/web/index.php?c=user&a=login&, line 124: ReferenceError: cookie is not defined
JavaScript error: https://test-xiao.vdongtx.com/web/index.php?c=utility&a=visit&do=showjs&type=FRAME, line 1: SyntaxError: expected expression, got '<'
JavaScript error: https://test-xiao.vdongtx.com/web/index.php?c=utility&a=visit&do=showjs&type=FRAME, line 1: SyntaxError: expected expression, got '<'
Unable to read VR Path Registry from C:\Users\chenya\AppData\Local\openvr\openvrpaths.vrpath
[Child 9716, Chrome_ChildThread] WARNING: pipe error: 109: file z:/build/build/src/ipc/chromium/src/chrome/common/ipc_channel_win.cc, line 346
[Child 9716, Chrome_ChildThread] WARNING: pipe error: 109: file z:/build/build/src/ipc/chromium/src/chrome/common/ipc_channel_win.cc, line 346
Unable to read VR Path Registry from C:\Users\chenya\AppData\Local\openvr\openvrpaths.vrpath
[Parent 9944, Gecko_IOThread] WARNING: pipe error: 109: file z:/build/build/src/ipc/chromium/src/chrome/common/ipc_channel_win.cc, line 346
[Child 3416, Chrome_ChildThread] WARNING: pipe error: 109: file z:/build/build/src/ipc/chromium/JavaScript error: https://test-xiao.vdongtx.com/web/index.php?c=user&a=login&, line 124: ReferenceError: cookie is not defined
JavaScript error: https://test-xiao.vdongtx.com/web/index.php?c=utility&a=visit&do=showjs&type=FRAME, line 1: SyntaxError: expected expression, got '<'
JavaScript error: https://test-xiao.vdongtx.com/web/index.php?c=utility&a=visit&do=showjs&type=FRAME, line 1: SyntaxError: expected expression, got '<'
JavaScript error: https://test-xiao.vdongtx.com/addons/ewei_shopv2/static/js/require.js, line 5: Error: Script error for "../addons/ewei_shopv2/static/js/web/tip.js?v=1532571185623"
http://requirejs.org/docs/errors.html#scripterror
JavaScript error: https://test-xiao.vdongtx.com/addons/ewei_shopv2/static/js/require.js, line 5: Error: Script error for "../addons/ewei_shopv2/static/js/web/table.js?v=1532571185623"
http://requirejs.org/docs/errors.html#scripterror
JavaScript error: https://test-xiao.vdongtx.com/addons/ewei_shopv2/static/js/require.js, line 5: Error: Script error for "../addons/ewei_shopv2/static/js/web/biz.js?v=1532571185623"
http://requirejs.org/docs/errors.html#scripterror
JavaScript error: https://test-xiao.vdongtx.com/addons/ewei_shopv2/static/js/require.js, line 5: Error: Script error for "../addons/ewei_shopv2/static/js/dist/tooltipbox.js?v=1532571185623"
http://requirejs.org/docs/errors.html#scripterror
JavaScript error: https://test-xiao.vdongtx.com/addons/ewei_shopv2/static/js/require.js, line 5: Error: Script error for "../addons/ewei_shopv2/static/js/dist/jquery/jquery.gcjs.js?v=1532571185623"
http://requirejs.org/docs/errors.html#scripterror
Unable to read VR Path Registry from C:\Users\chenya\AppData\Local\openvr\openvrpaths.vrpath
JavaScript warning: resource://devtools/shared/base-loader.js -> resource://devtools/client/shared/demangle.js, line 0: Successfully compiled asm.js code (total compilation time 64ms; unable to cache asm.js in synchronous scripts; try loading asm.js via <script async> or createElement('script'))
console.error: "Got a removal of an actor we didn't know about: server1.conn0.child1/domnode324"
console.error: "Got a removal of an actor we didn't know about: server1.conn0.child1/domnode360"
JavaScript error: resource://devtools/shared/base-loader.js -> resource://devtools/client/shared/vendor/react-dom.js, line 32: Error: Minified React error #188; visit http://facebook.github.io/react/docs/error-decoder.html?invariant=188 for the full message or use the non-minified dev environment for full errors and additional helpful warnings.
1532572968171	addons.productaddons	WARN	Failed downloading via XHR, status: 0, reason: error
JavaScript error: resource://devtools/shared/base-loader.js -> resource://devtools/server/actors/highlighters/auto-refresh.js, line 202: TypeError: this.win is null
JavaScript error: resource://devtools/shared/base-loader.js -> resource://devtools/server/actors/highlighters/auto-refresh.js, line 202: TypeError: this.win is null
JavaScript error: resource://devtools/shared/base-loader.js -> resource://devtools/server/actors/highlighters/auto-refresh.js, line 202: TypeError: this.win is null
JavaScript error: resource://devtools/shared/base-loader.js -> resource://devtools/server/actors/tab.js, line 1446: TypeError: this._tabPool is null
JavaScript error: resource://devtools/shared/base-loader.js -> resource://devtools/server/actors/tab.js, line 1446: TypeError: this._tabPool is null
JavaScript error: resource://devtools/shared/base-loader.js -> resource://devtools/server/actors/tab.js, line 1446: TypeError: this._tabPool is null
JavaScript error: resource://devtools/shared/base-loader.js -> resource://devtools/server/actors/tab.js, line 1446: TypeError: this._tabPool is null
JavaScript error: resource://devtools/shared/base-loader.js -> resource://devtools/server/actors/tab.js, line 1446: TypeError: this._tabPool is null
JavaScript error: resource://devtools/shared/base-loader.js -> resource://devtools/server/actors/tab.js, line 1446: TypeError: this._tabPool is null
JavaScript error: resource://devtools/shared/base-loader.js -> resource://devtools/server/actors/tab.js, line 1446: TypeError: this._tabPool is null
JavaScript error: resource://devtools/shared/base-loader.js -> resource://devtools/server/actors/highlighters/auto-refresh.js, line 202: TypeError: this.win is null
JavaScript error: resource://devtools/shared/base-loader.js -> resource://devtools/server/actors/highlighters/auto-refresh.js, line 202: TypeError: this.win is null
JavaScript error: resource://devtools/shared/base-loader.js -> resource://devtools/server/actors/highlighters/auto-refresh.js, line 202: TypeError: this.win is null
JavaScript error: resource://devtools/shared/base-loader.js -> resource://devtools/server/actors/highlighters/auto-refresh.js, line 202: TypeError: this.win is null
JavaScript error: resource://devtools/shared/base-loader.js -> resource://devtools/server/actors/highlighters/auto-refresh.js, line 202: TypeError: this.win is null
JavaScript error: resource://devtools/shared/base-loader.js -> resource://devtools/server/actors/highlighters/auto-refresh.js, line 202: TypeError: this.win is null
JavaScript error: resource://devtools/shared/base-loader.js -> resource://devtools/server/actors/highlighters/auto-refresh.js, line 202: TypeError: this.win is null
JavaScript error: resource://devtools/shared/base-loader.js -> resource://devtools/server/actors/highlighters/box-model.js, line 416: TypeError: quads is undefined
console.error: "Got a removal of an actor we didn't know about: server1.conn1.child1/domnode510"
JavaScript error: resource://devtools/shared/base-loader.js -> resource://devtools/server/actors/highlighters/auto-refresh.js, line 202: TypeError: this.win is null
JavaScript error: resource://devtools/shared/base-loader.js -> resource://devtools/server/actors/highlighters/auto-refresh.js, line 202: TypeError: this.win is null
JavaScript error: resource://devtools/shared/base-loader.js -> resource://devtools/server/actors/highlighters/auto-refresh.js, line 202: TypeError: this.win is null
JavaScript error: resource://devtools/shared/base-loader.js -> resource://devtools/server/actors/tab.js, line 1446: TypeError: this._tabPool is null
JavaScript error: resource://devtools/shared/base-loader.js -> resource://devtools/server/actors/tab.js, line 1446: TypeError: this._tabPool is null
JavaScript error: resource://devtools/shared/base-loader.js -> resource://devtools/server/actors/tab.js, line 1446: TypeError: this._tabPool is null
JavaScript error: resource://devtools/shared/base-loader.js -> resource://devtools/server/actors/tab.js, line 1446: TypeError: this._tabPool is null
JavaScript error: resource://devtools/shared/base-loader.js -> resource://devtools/server/actors/tab.js, line 1446: TypeError: this._tabPool is null
JavaScript error: resource://devtools/shared/base-loader.js -> resource://devtools/server/actors/tab.js, line 1446: TypeError: this._tabPool is null
JavaScript error: resource://devtools/shared/base-loader.js -> resource://devtools/server/actors/tab.js, line 1446: TypeError: this._tabPool is null
JavaScript error: resource://devtools/shared/base-loader.js -> resource://devtools/server/actors/tab.js, line 1446: TypeError: this._tabPool is null
JavaScript error: resource://devtools/shared/base-loader.js -> resource://devtools/server/actors/tab.js, line 1446: TypeError: this._tabPool is null
JavaScript error: resource://devtools/shared/base-loader.js -> resource://devtools/server/actors/tab.js, line 1446: TypeError: this._tabPool is null
JavaScript error: resource://devtools/shared/base-loader.js -> resource://devtools/server/actors/tab.js, line 1446: TypeError: this._tabPool is null
JavaScript error: resource://devtools/shared/base-loader.js -> resource://devtools/server/actors/tab.js, line 1446: TypeError: this._tabPool is null
JavaScript error: resource://devtools/shared/base-loader.js -> resource://devtools/server/actors/tab.js, line 1446: TypeError: this._tabPool is null
JavaScript error: resource://devtools/shared/base-loader.js -> resource://devtools/server/actors/tab.js, line 1446: TypeError: this._tabPool is null
JavaScript error: resource://devtools/shared/base-loader.js -> resource://devtools/server/actors/tab.js, line 1446: TypeError: this._tabPool is null
JavaScript error: resource://devtools/shared/base-loader.js -> resource://devtools/server/actors/tab.js, line 1446: TypeError: this._tabPool is null
JavaScript error: resource://devtools/shared/base-loader.js -> resource://devtools/server/actors/tab.js, line 1446: TypeError: this._tabPool is null
JavaScript error: resource://devtools/shared/base-loader.js -> resource://devtools/server/actors/tab.js, line 1446: TypeError: this._tabPool is null
JavaScript error: resource://devtools/shared/base-loader.js -> resource://devtools/server/actors/tab.js, line 1446: TypeError: this._tabPool is null
JavaScript error: resource://devtools/shared/base-loader.js -> resource://devtools/server/actors/tab.js, line 1446: TypeError: this._tabPool is null
JavaScript error: resource://devtools/shared/base-loader.js -> resource://devtools/server/actors/tab.js, line 1446: TypeError: this._tabPool is null
JavaScript error: resource://devtools/shared/base-loader.js -> resource://devtools/server/actors/tab.js, line 1446: TypeError: this._tabPool is null
JavaScript error: resource://devtools/shared/base-loader.js -> resource://devtools/server/actors/tab.js, line 1446: TypeError: this._tabPool is null
JavaScript error: resource://devtools/shared/base-loader.js -> resource://devtools/server/actors/tab.js, line 1446: TypeError: this._tabPool is null
JavaScript error: resource://devtools/shared/base-loader.js -> resource://devtools/server/actors/tab.js, line 1446: TypeError: this._tabPool is null
JavaScript error: resource://devtools/shared/base-loader.js -> resource://devtools/server/actors/tab.js, line 1446: TypeError: this._tabPool is null
JavaScript error: resource://devtools/shared/base-loader.js -> resource://devtools/server/actors/tab.js, line 1446: TypeError: this._tabPool is null
JavaScript error: resource://devtools/shared/base-loader.js -> resource://devtools/server/actors/tab.js, line 1446: TypeError: this._tabPool is null
JavaScript error: resource://devtools/shared/base-loader.js -> resource://devtools/server/actors/tab.js, line 1446: TypeError: this._tabPool is null
JavaScript error: resource://devtools/shared/base-loader.js -> resource://devtools/server/actors/tab.js, line 1446: TypeError: this._tabPool is null
JavaScript error: resource://devtools/shared/base-loader.js -> resource://devtools/server/actors/tab.js, line 1446: TypeError: this._tabPool is null
JavaScript error: resource://devtools/shared/base-loader.js -> resource://devtools/server/actors/tab.js, line 1446: TypeError: this._tabPool is null
JavaScript error: resource://devtools/shared/base-loader.js -> resource://devtools/server/actors/tab.js, line 1446: TypeError: this._tabPool is null
JavaScript error: resource://devtools/shared/base-loader.js -> resource://devtools/server/actors/tab.js, line 1446: TypeError: this._tabPool is null
JavaScript error: resource://devtools/shared/base-loader.js -> resource://devtools/server/actors/tab.js, line 1446: TypeError: this._tabPool is null
JavaScript error: resource://devtools/shared/base-loader.js -> resource://devtools/server/actors/tab.js, line 1446: TypeError: this._tabPool is null
JavaScript error: resource://devtools/shared/base-loader.js -> resource://devtools/server/actors/tab.js, line 1446: TypeError: this._tabPool is null
JavaScript error: resource://devtools/shared/base-loader.js -> resource://devtools/server/actors/tab.js, line 1446: TypeError: this._tabPool is null
JavaScript error: resource://devtools/shared/base-loader.js -> resource://devtools/server/actors/tab.js, line 1446: TypeError: this._tabPool is null
JavaScript error: resource://devtools/shared/base-loader.js -> resource://devtools/server/actors/tab.js, line 1446: TypeError: this._tabPool is null
JavaScript error: resource://devtools/shared/base-loader.js -> resource://devtools/server/actors/tab.js, line 1446: TypeError: this._tabPool is null
JavaScript error: resource://devtools/shared/base-loader.js -> resource://devtools/server/actors/tab.js, line 1446: TypeError: this._tabPool is null
JavaScript error: resource://devtools/shared/base-loader.js -> resource://devtools/server/actors/tab.js, line 1446: TypeError: this._tabPool is null
JavaScript error: resource://devtools/shared/base-loader.js -> resource://devtools/server/actors/tab.js, line 1446: TypeError: this._tabPool is null
JavaScript error: resource://devtools/shared/base-loader.js -> resource://devtools/server/actors/tab.js, line 1446: TypeError: this._tabPool is null
JavaScript error: resource://devtools/shared/base-loader.js -> resource://devtools/server/actors/tab.js, line 1446: TypeError: this._tabPool is null
JavaScript error: resource://devtools/shared/base-loader.js -> resource://devtools/server/actors/tab.js, line 1446: TypeError: this._tabPool is null
JavaScript error: resource://devtools/shared/base-loader.js -> resource://devtools/server/actors/tab.js, line 1446: TypeError: this._tabPool is null
JavaScript error: resource://devtools/shared/base-loader.js -> resource://devtools/server/actors/tab.js, line 1446: TypeError: this._tabPool is null
JavaScript error: resource://devtools/shared/base-loader.js -> resource://devtools/server/actors/tab.js, line 1446: TypeError: this._tabPool is null
JavaScript error: resource://devtools/shared/base-loader.js -> resource://devtools/server/actors/tab.js, line 1446: TypeError: this._tabPool is null
JavaScript error: resource://devtools/shared/base-loader.js -> resource://devtools/server/actors/tab.js, line 1446: TypeError: this._tabPool is null
JavaScript error: resource://devtools/shared/base-loader.js -> resource://devtools/server/actors/tab.js, line 1446: TypeError: this._tabPool is null
JavaScript error: resource://devtools/shared/base-loader.js -> resource://devtools/server/actors/tab.js, line 1446: TypeError: this._tabPool is null
JavaScript error: resource://devtools/shared/base-loader.js -> resource://devtools/server/actors/tab.js, line 1446: TypeError: this._tabPool is null
JavaScript error: resource://devtools/shared/base-loader.js -> resource://devtools/server/actors/tab.js, line 1446: TypeError: this._tabPool is null
JavaScript error: resource://devtools/shared/base-loader.js -> resource://devtools/server/actors/tab.js, line 1446: TypeError: this._tabPool is null
JavaScript error: resource://devtools/shared/base-loader.js -> resource://devtools/server/actors/tab.js, line 1446: TypeError: this._tabPool is null
JavaScript error: resource://devtools/shared/base-loader.js -> resource://devtools/server/actors/tab.js, line 1446: TypeError: this._tabPool is null
JavaScript error: resource://devtools/shared/base-loader.js -> resource://devtools/server/actors/tab.js, line 1446: TypeError: this._tabPool is null
JavaScript error: resource://devtools/shared/base-loader.js -> resource://devtools/server/actors/tab.js, line 1446: TypeError: this._tabPool is null
JavaScript error: resource://devtools/shared/base-loader.js -> resource://devtools/server/actors/tab.js, line 1446: TypeError: this._tabPool is null
JavaScript error: resource://devtools/shared/base-loader.js -> resource://devtools/server/actors/tab.js, line 1446: TypeError: this._tabPool is null
JavaScript error: resource://devtools/shared/base-loader.js -> resource://devtools/server/actors/tab.js, line 1446: TypeError: this._tabPool is null
JavaScript error: resource://devtools/shared/base-loader.js -> resource://devtools/server/actors/tab.js, line 1446: TypeError: this._tabPool is null
JavaScript error: resource://devtools/shared/base-loader.js -> resource://devtools/server/actors/tab.js, line 1446: TypeError: this._tabPool is null
JavaScript error: resource://devtools/shared/base-loader.js -> resource://devtools/server/actors/tab.js, line 1446: TypeError: this._tabPool is null
JavaScript error: resource://devtools/shared/base-loader.js -> resource://devtools/server/actors/tab.js, line 1446: TypeError: this._tabPool is null
JavaScript error: resource://devtools/shared/base-loader.js -> resource://devtools/server/actors/tab.js, line 1446: TypeError: this._tabPool is null
JavaScript error: resource://devtools/shared/base-loader.js -> resource://devtools/server/actors/tab.js, line 1446: TypeError: this._tabPool is null
JavaScript error: resource://devtools/shared/base-loader.js -> resource://devtools/server/actors/tab.js, line 1446: TypeError: this._tabPool is null
JavaScript error: resource://devtools/shared/base-loader.js -> resource://devtools/server/actors/tab.js, line 1446: TypeError: this._tabPool is null
JavaScript error: resource://devtools/shared/base-loader.js -> resource://devtools/server/actors/tab.js, line 1446: TypeError: this._tabPool is null
JavaScript error: resource://devtools/shared/base-loader.js -> resource://devtools/server/actors/tab.js, line 1446: TypeError: this._tabPool is null
JavaScript error: resource://devtools/shared/base-loader.js -> resource://devtools/server/actors/tab.js, line 1446: TypeError: this._tabPool is null
JavaScript error: resource://devtools/shared/base-loader.js -> resource://devtools/server/actors/tab.js, line 1446: TypeError: this._tabPool is null
JavaScript error: resource://devtools/shared/base-loader.js -> resource://devtools/server/actors/tab.js, line 1446: TypeError: this._tabPool is null
JavaScript error: resource://devtools/shared/base-loader.js -> resource://devtools/server/actors/tab.js, line 1446: TypeError: this._tabPool is null
JavaScript error: resource://devtools/shared/base-loader.js -> resource://devtools/server/actors/tab.js, line 1446: TypeError: this._tabPool is null
JavaScript error: resource://devtools/shared/base-loader.js -> resource://devtools/server/actors/tab.js, line 1446: TypeError: this._tabPool is null
JavaScript error: resource://devtools/shared/base-loader.js -> resource://devtools/server/actors/tab.js, line 1446: TypeError: this._tabPool is null
JavaScript error: resource://devtools/shared/base-loader.js -> resource://devtools/server/actors/tab.js, line 1446: TypeError: this._tabPool is null
JavaScript error: resource://devtools/shared/base-loader.js -> resource://devtools/server/actors/tab.js, line 1446: TypeError: this._tabPool is null
JavaScript error: resource://devtools/shared/base-loader.js -> resource://devtools/server/actors/tab.js, line 1446: TypeError: this._tabPool is null
JavaScript error: resource://devtools/shared/base-loader.js -> resource://devtools/server/actors/tab.js, line 1446: TypeError: this._tabPool is null
JavaScript error: resource://devtools/shared/base-loader.js -> resource://devtools/server/actors/tab.js, line 1446: TypeError: this._tabPool is null
JavaScript error: resource://devtools/shared/base-loader.js -> resource://devtools/server/actors/tab.js, line 1446: TypeError: this._tabPool is null
JavaScript error: resource://devtools/shared/base-loader.js -> resource://devtools/server/actors/tab.js, line 1446: TypeError: this._tabPool is null
JavaScript error: resource://devtools/shared/base-loader.js -> resource://devtools/server/actors/tab.js, line 1446: TypeError: this._tabPool is null
JavaScript error: resource://devtools/shared/base-loader.js -> resource://devtools/server/actors/tab.js, line 1446: TypeError: this._tabPool is null
JavaScript error: resource://devtools/shared/base-loader.js -> resource://devtools/server/actors/tab.js, line 1446: TypeError: this._tabPool is null
JavaScript error: resource://devtools/shared/base-loader.js -> resource://devtools/server/actors/tab.js, line 1446: TypeError: this._tabPool is null
JavaScript error: resource://devtools/shared/base-loader.js -> resource://devtools/server/actors/tab.js, line 1446: TypeError: this._tabPool is null
JavaScript error: resource://devtools/shared/base-loader.js -> resource://devtools/server/actors/tab.js, line 1446: TypeError: this._tabPool is null
JavaScript error: resource://devtools/shared/base-loader.js -> resource://devtools/server/actors/tab.js, line 1446: TypeError: this._tabPool is null
JavaScript error: resource://devtools/shared/base-loader.js -> resource://devtools/server/actors/tab.js, line 1446: TypeError: this._tabPool is null
JavaScript error: resource://devtools/shared/base-loader.js -> resource://devtools/server/actors/tab.js, line 1446: TypeError: this._tabPool is null
JavaScript error: resource://devtools/shared/base-loader.js -> resource://devtools/server/actors/tab.js, line 1446: TypeError: this._tabPool is null
JavaScript error: resource://devtools/shared/base-loader.js -> resource://devtools/server/actors/tab.js, line 1446: TypeError: this._tabPool is null
JavaScript error: resource://devtools/shared/base-loader.js -> resource://devtools/server/actors/tab.js, line 1446: TypeError: this._tabPool is null
JavaScript error: resource://devtools/shared/base-loader.js -> resource://devtools/server/actors/tab.js, line 1446: TypeError: this._tabPool is null
JavaScript error: resource://devtools/shared/base-loader.js -> resource://devtools/server/actors/tab.js, line 1446: TypeError: this._tabPool is null
IPDL protocol error: Handler returned error code!

###!!! [Parent][DispatchAsyncMessage] Error: PLayerTransaction::Msg_ReleaseLayer Processing error: message was deserialized, but the handler returned false (indicating failure)

IPDL protocol error: Handler returned error code!

###!!! [Parent][DispatchAsyncMessage] Error: PLayerTransaction::Msg_ReleaseLayer Processing error: message was deserialized, but the handler returned false (indicating failure)

IPDL protocol error: Handler returned error code!

###!!! [Parent][DispatchAsyncMessage] Error: PLayerTransaction::Msg_ReleaseLayer Processing error: message was deserialized, but the handler returned false (indicating failure)

IPDL protocol error: Handler returned error code!

###!!! [Parent][DispatchAsyncMessage] Error: PLayerTransaction::Msg_ReleaseLayer Processing error: message was deserialized, but the handler returned false (indicating failure)

IPDL protocol error: Handler returned error code!

###!!! [Parent][DispatchAsyncMessage] Error: PLayerTransaction::Msg_ReleaseLayer Processing error: message was deserialized, but the handler returned false (indicating failure)

IPDL protocol error: Handler returned error code!

###!!! [Parent][DispatchAsyncMessage] Error: PLayerTransaction::Msg_ReleaseLayer Processing error: message was deserialized, but the handler returned false (indicating failure)

IPDL protocol error: Handler returned error code!

###!!! [Parent][DispatchAsyncMessage] Error: PLayerTransaction::Msg_ReleaseLayer Processing error: message was deserialized, but the handler returned false (indicating failure)

IPDL protocol error: Handler returned error code!

###!!! [Parent][DispatchAsyncMessage] Error: PLayerTransaction::Msg_ReleaseLayer Processing error: message was deserialized, but the handler returned false (indicating failure)

IPDL protocol error: Handler returned error code!

###!!! [Parent][DispatchAsyncMessage] Error: PLayerTransaction::Msg_ReleaseLayer Processing error: message was deserialized, but the handler returned false (indicating failure)

IPDL protocol error: Handler returned error code!

###!!! [Parent][DispatchAsyncMessage] Error: PLayerTransaction::Msg_ReleaseLayer Processing error: message was deserialized, but the handler returned false (indicating failure)

IPDL protocol error: Handler returned error code!

###!!! [Parent][DispatchAsyncMessage] Error: PLayerTransaction::Msg_ReleaseLayer Processing error: message was deserialized, but the handler returned false (indicating failure)

IPDL protocol error: Handler returned error code!

###!!! [Parent][DispatchAsyncMessage] Error: PLayerTransaction::Msg_ReleaseLayer Processing error: message was deserialized, but the handler returned false (indicating failure)

IPDL protocol error: Handler returned error code!

###!!! [Parent][DispatchAsyncMessage] Error: PLayerTransaction::Msg_ReleaseLayer Processing error: message was deserialized, but the handler returned false (indicating failure)

[Parent 10140, Gecko_IOThread] WARNING: pipe error: 109: file z:/build/build/src/ipc/chromium/src/chrome/common/ipc_channel_win.cc, line 346
Unable to read VR Path Registry from C:\Users\chenya\AppData\Local\openvr\openvrpaths.vrpath
[Child 4896, Chrome_ChildThread] WARNING: pipe error: 109: file z:/build/build/src/ipc/chromium/src/chrome/common/ipc_channel_win.cc, line 346
[Parent 10140, Gecko_IOThread] WARNING: pipe error: 109: file z:/build/build/src/ipc/chromium/src/chrome/common/ipc_channel_win.cc, line 346
Unable to read VR Path Registry from C:\Users\chenya\AppData\Local\openvr\openvrpaths.vrpath
[Child 2932, Chrome_ChildThread] WARNING: pipe error: 109: file z:/build/build/src/ipc/chromium/src/chrome/common/ipc_channel_win.cc, line 346
[Child 2932, Chrome_ChildThread] WARNING: pipe error: 109: file z:/build/build/src/ipc/chromium/src/chrome/common/ipc_channel_win.cc, line 346
ild/src/ipc/chromium/src/chrome/common/ipc_channel_win.cc, line 346
[Child 7976, Chrome_ChildThread] WARNING: pipe error: 109: file z:/build/build/src/ipc/chromium/src/chrome/common/ipc_channel_win.cc, line 346

JavaScript error: https://test-xiao.vdongtx.com/addons/ewei_shopv2/static/js/require.js, line 5: Error: Script error for "../addons/ewei_shopv2/static/js/dist/jquery/jquery.gcjs.js?v=1532583549483"
http://requirejs.org/docs/errors.html#scripterror
JavaScript error: https://test-xiao.vdongtx.com/addons/ewei_shopv2/static/js/require.js, line 5: Error: Script error for "../addons/ewei_shopv2/static/js/web/tip.js?v=1532583549483"
http://requirejs.org/docs/errors.html#scripterror
JavaScript error: https://test-xiao.vdongtx.com/addons/ewei_shopv2/static/js/require.js, line 5: Error: Script error for "../addons/ewei_shopv2/static/js/dist/tooltipbox.js?v=1532583549483"
http://requirejs.org/docs/errors.html#scripterror
JavaScript error: https://test-xiao.vdongtx.com/addons/ewei_shopv2/static/js/require.js, line 5: Error: Script error for "../addons/ewei_shopv2/static/js/web/biz.js?v=1532583549483"
http://requirejs.org/docs/errors.html#scripterror
Unable to read VR Path Registry from C:\Users\chenya\AppData\Local\openvr\openvrpaths.vrpath
[Parent 11768, Gecko_IOThread] WARNING: pipe error: 109: file z:/build/build/src/ipc/chromium/src/chrome/common/ipc_channel_win.cc, line 346
Unable to read VR Path Registry from C:\Users\chenya\AppData\Local\openvr\openvrpaths.vrpath
[Child 7520, Chrome_ChildThread] WARNING: pipe error: 109: file z:/build/build/src/ipc/chromium/src/chrome/common/ipc_channel_win.cc, line 346
[Child 7520, Chrome_ChildThread] WARNING: pipe error: 109: file z:/build/build/src/ipc/chromium/src/chrome/common/ipc_channel_win.cc, line 346
[Parent 11768, Gecko_IOThread] WARNING: pipe error: 109: file z:/build/build/src/ipc/chromium/src/chrome/common/ipc_channel_win.cc, line 346
[Child 10876, Chrome_ChildThread] WARNING: pipe error: 109: file z:/build/build/src/ipc/chromium/src/chrome/common/ipc_channel_win.cc, line 346
Unable to read VR Path Registry from C:\Users\chenya\AppData\Local\openvr\openvrpaths.vrpath
[Child 1008, Chrome_ChildThread] WARNING: pipe error: 109: file z:/build/build/src/ipc/chromium/src/chrome/common/ipc_channel_win.cc, line 346
[Chiconsole.warn: LoginRecipes: getRecipes: falling back to a synchronous message for: https://test-xiao.vdongtx.com
JavaScript error: resource://devtools/shared/base-loader.js -> resource://devtools/server/actors/highlighters/box-model.js, line 416: TypeError: quads is undefined
JavaScript error: resource://devtools/shared/base-loader.js -> resource://devtools/server/actors/highlighters/auto-refresh.js, line 202: TypeError: this.win is null
JavaScript error: resource://devtools/shared/base-loader.js -> resource://devtools/server/actors/highlighters/auto-refresh.js, line 202: TypeError: this.win is null
JavaScript error: resource://devtools/shared/base-loader.js -> resource://devtools/server/actors/highlighters/auto-refresh.js, line 202: TypeError: this.win is null
JavaScript error: resource://devtools/shared/base-loader.js -> resource://devtools/server/actors/highlighters/auto-refresh.js, line 202: TypeError: this.win is null
JavaScript error: resource://devtools/shared/base-loader.js -> resource://devtools/server/actors/highlighters/auto-refresh.js, line 202: TypeError: this.win is null
JavaScript error: resource://devtools/shared/base-loader.js -> resource://devtools/server/actors/highlighters/auto-refresh.js, line 202: TypeError: this.win is null
JavaScript error: resource://devtools/shared/base-loader.js -> resource://devtools/server/actors/highlighters/auto-refresh.js, line 202: TypeError: this.win is null
JavaScript error: resource://devtools/shared/base-loader.js -> resource://devtools/server/actors/highlighters/auto-refresh.js, line 202: TypeError: this.win is null
JavaScript error: resource://devtools/shared/base-loader.js -> resource://devtools/server/actors/highlighters/auto-refresh.js, line 202: TypeError: this.win is null
JavaScript error: resource://devtools/shared/base-loader.js -> resource://devtools/server/actors/highlighters/auto-refresh.js, line 202: TypeError: this.win is null
JavaScript error: resource://devtools/shared/base-loader.jUnable to read VR Path Registry from C:\Users\chenya\AppData\Local\openvr\openvrpaths.vrpath
[Child 6568, Chrome_ChildThread] WARNING: pipe error: 109: file z:/build/build/src/ipc/chromium/src/chrome/common/ipc_channel_win.cc, line 346
[Child 6568, Chrome_ChildThread] WARNING: pipe error: 109: file z:/build/build/src/ipc/chromium/src/chrome/common/ipc_channel_win.cc, line 346
[Child 10444, Chrome_ChildThread] WARNING: pipe error: 109: file z:/build/build/src/ipc/chromium/src/chrome/common/ipc_channel_win.cc, line 346
[Child 10444, Chrome_ChildThread] WARNING: pipe error: 109: file z:/build/build/src/ipc/chromium/src/chrome/common/ipc_channel_win.cc, line 346
Unable to read VR Path Registry from C:\Users\chenya\AppData\Local\openvr\openvrpaths.vrpath
[Child 8372, Chrome_ChildThread] WARNING: pipe error: 109: file z:/build/build/src/ipc/chromium/src/chrome/common/ipc_channel_win.cc, line 346
[Child 8372, Chrome_ChildThread] WARNING: pipe error: 109: file z:/build/build/src/ipc/chromium/src/chrome/common/ipc_channel_win.cc, line 346
Unable to read VR Path Registry from C:\Users\chenya\AppData\Local\openvr\openvrpaths.vrpath
/base-loader.js -> resource://devtools/server/actors/highlighters/auto-refresh.js, line 202: TypeError: this.win is null
JavaScript error: resource://devtools/shared/base-loader.js -> resource://devtools/server/actors/highlighters/auto-refresh.js, line 202: TypeError: this.win is null
JavaScript error: resource://devtools/shared/base-loader.js -> resource://devtools/server/actors/highlighters/auto-refresh.js, line 202: TypeError: this.win is null
JavaScript error: resource://devtools/shared/base-loader.js -> resource://devtools/server/actors/highlighters/auto-refresh.js, line 202: TypeError: this.win is null
JavaScript error: resource://devtools/shared/base-loader.js -> resource://devtools/server/actors/highlighters/auto-refresh.js, line 202: TypeError: this.win is null
JavaScript error: resource://devtools/shared/base-loader.js -> resource://devtools/server/actors/highlighters/auto-refresh.js, line 202: TypeError: this.win is null
JavaScript error: resource://devtools/shared/base-loader.js -> resource://devtools/server/actors/highlighters/auto-refresh.js, line 202: TypeError: this.win is null
JavaScript error: resource://devtools/shared/base-loader.js -> resource://devtools/server/actors/highlighters/auto-refresh.js, line 202: TypeError: this.win is null
JavaScript error: resource://devtools/shared/base-loader.js -> resource://devtools/server/actors/highlighters/auto-refresh.js, line 202: TypeError: this.win is null
JavaScript error: resource://devtools/shared/base-loader.js -> resource://devtools/server/actors/highlighters/auto-refresh.js, line 202: TypeError: this.win is null
JavaScript error: resource://devtools/shared/base-loader.js -> resource://devtools/server/actors/highlighters/auto-refresh.js, line 202: TypeError: this.win is null
JavaScript error: resource://devtools/shared/base-loader.js -> resource://devtools/server/actors/highlighters/auto-refresh.js, line 202: TypeError: this.win is null
JavaScript error: resource://devtools/shared/base-loader.js -> resource://devtools/server/actors/highlighters/auto-refresh.js, line 202: TypeError: this.win is null
JavaScript error: resource://devtools/shared/base-loader.js -> resource://devtools/server/actors/highlighters/auto-refresh.js, line 202: TypeError: this.win is null
JavaScript error: resource://devtools/shared/base-loader.js -> resource://devtools/server/actors/highlighters/auto-refresh.js, line 202: TypeError: this.win is null
JavaScript error: resource://devtools/shared/base-loader.js -> resource://devtools/server/actors/highlighters/auto-refresh.js, line 202: TypeError: this.win is null
JavaScript error: resource://devtools/shared/base-loader.js -> resource://devtools/server/actors/highlighters/auto-refresh.js, line 202: TypeError: this.win is null
JavaScript error: resource://devtools/shared/base-loader.js -> resource://devtools/server/actors/highlighters/auto-refresh.js, line 202: TypeError: this.win is null
JavaScript error: resource://devtools/shared/base-loader.js -> resource://devtools/server/actors/highlighters/auto-refresh.js, line 202: TypeError: this.win is null
JavaScript error: resource://devtools/shared/base-loader.js -> resource://devtools/server/actors/highlighters/auto-refresh.js, line 202: TypeError: this.win is null
JavaScript error: resource://devtools/shared/base-loader.js -> resource://devtools/server/actors/highlighters/auto-refresh.js, line 202: TypeError: this.win is null
JavaScript error: resource://devtools/shared/base-loader.js -> resource://devtools/server/actors/highlighters/auto-refresh.js, line 202: TypeError: this.win is null
JavaScript error: resource://devtools/shared/base-loader.js -> resource://devtools/server/actors/highlighters/auto-refresh.js, line 202: TypeError: this.win is null
JavaScript error: resource://devtools/shared/base-loader.js -> resource://devtools/server/actors/highlighters/auto-refresh.js, line 202: TypeError: this.win is null
JavaScript error: resource://devtools/shared/base-loader.js -> resource://devtools/server/actors/highlighters/auto-refresh.js, line 202: TypeError: this.win is null
JavaScript error: resource://devtools/shared/base-loader.js -> resource://devtools/server/actors/highlighters/auto-refresh.js, line 202: TypeError: this.win is null
JavaScript error: resource://devtools/shared/base-loader.js -> resource://devtools/server/actors/highlighters/auto-refresh.js, line 202: TypeError: this.win is null
JavaScript error: resource://devtools/shared/base-loader.js -> resource://devtools/server/actors/highlighters/auto-refresh.js, line 202: TypeError: this.win is null
JavaScript error: resource://devtools/shared/base-loader.js -> resource://devtools/server/actors/highlighters/auto-refresh.js, line 202: TypeError: this.win is null
JavaScript error: resource://devtools/shared/base-loader.js -> resource://devtools/server/actors/highlighters/auto-refresh.js, line 202: TypeError: this.win is null
JavaScript error: resource://devtools/shared/base-loader.js -> resource://devtools/server/actors/highlighters/auto-refresh.js, line 202: TypeError: this.win is null
JavaScript error: resource://devtools/shared/base-loader.js -> resource://devtools/server/actors/highlighters/auto-refresh.js, line 202: TypeError: this.win is null
JavaScript error: resource://devtools/shared/base-loader.js -> resource://devtools/server/actors/highlighters/auto-refresh.js, line 202: TypeError: this.win is null
JavaScript error: resource://devtools/shared/base-loader.js -> resource://devtools/server/actors/highlighters/auto-refresh.js, line 202: TypeError: this.win is null
JavaScript error: resource://devtools/shared/base-loader.js -> resource://devtools/server/actors/highlighters/auto-refresh.js, line 202: TypeError: this.win is null
JavaScript error: resource://devtools/shared/base-loader.js -> resource://devtools/server/actors/highlighters/auto-refresh.js, line 202: TypeError: this.win is null
JavaScript error: resource://devtools/shared/base-loader.js -> resource://devtools/server/actors/highlighters/auto-refresh.js, line 202: TypeError: this.win is null
JavaScript error: resource://devtools/shared/base-loader.js -> resource://devtools/server/actors/highlighters/auto-refresh.js, line 202: TypeError: this.win is null
JavaScript error: resource://devtools/shared/base-loader.js -> resource://devtools/server/actors/highlighters/auto-refresh.js, line 202: TypeError: this.win is null
JavaScript error: resource://devtools/shared/base-loader.js -> resource://devtools/server/actors/highlighters/auto-refresh.js, line 202: TypeError: this.win is null
JavaScript error: resource://devtools/shared/base-loader.js -> resource://devtools/server/actors/highlighters/auto-refresh.js, line 202: TypeError: this.win is null
JavaScript error: resource://devtools/shared/base-loader.js -> resource://devtools/server/actors/highlighters/auto-refresh.js, line 202: TypeError: this.win is null
JavaScript error: resource://devtools/shared/base-loader.js -> resource://devtools/server/actors/highlighters/auto-refresh.js, line 202: TypeError: this.win is null
JavaScript error: resource://devtools/shared/base-loader.js -> resource://devtools/server/actors/highlighters/auto-refresh.js, line 202: TypeError: this.win is null
JavaScript error: resource://devtools/shared/base-loader.js -> resource://devtools/server/actors/highlighters/auto-refresh.js, line 202: TypeError: this.win is null
JavaScript error: resource://devtools/shared/base-loader.js -> resource://devtools/server/actors/highlighters/auto-refresh.js, line 202: TypeError: this.win is null
JavaScript error: resource://devtools/shared/base-loader.js -> resource://devtools/server/actors/highlighters/auto-refresh.js, line 202: TypeError: this.win is null
JavaScript error: resource://devtools/shared/base-loader.js -> resource://devtools/server/actors/highlighters/auto-refresh.js, line 202: TypeError: this.win is null
JavaScript error: resource://devtools/shared/base-loader.js -> resource://devtools/server/actors/highlighters/auto-refresh.js, line 202: TypeError: this.win is null
JavaScript error: resource://devtools/shared/base-loader.js -> resource://devtools/server/actors/highlighters/auto-refresh.js, line 202: TypeError: this.win is null
JavaScript error: resource://devtools/shared/base-loader.js -> resource://devtools/server/actors/highlighters/auto-refresh.js, line 202: TypeError: this.win is null
JavaScript error: resource://devtools/shared/base-loader.js -> resource://devtools/server/actors/highlighters/auto-refresh.js, line 202: TypeError: this.win is null
JavaScript error: resource://devtools/shared/base-loader.js -> resource://devtools/server/actors/highlighters/auto-refresh.js, line 202: TypeError: this.win is null
JavaScript error: resource://devtools/shared/base-loader.js -> resource://devtools/server/actors/highlighters/auto-refresh.js, line 202: TypeError: this.win is null
JavaScript error: resource://devtools/shared/base-loader.js -> resource://devtools/server/actors/highlighters/auto-refresh.js, line 202: TypeError: this.win is null
JavaScript error: resource://devtools/shared/base-loader.js -> resource://devtools/server/actors/highlighters/auto-refresh.js, line 202: TypeError: this.win is null
JavaScript error: resource://devtools/shared/base-loader.js -> resource://devtools/server/actors/highlighters/auto-refresh.js, line 202: TypeError: this.win is null
JavaScript error: resource://devtools/shared/base-loader.js -> resource://devtools/server/actors/highlighters/auto-refresh.js, line 202: TypeError: this.win is null
JavaScript error: resource://devtools/shared/base-loader.js -> resource://devtools/server/actors/highlighters/auto-refresh.js, line 202: TypeError: this.win is null
JavaScript error: resource://devtools/shared/base-loader.js -> resource://devtools/server/actors/highlighters/auto-refresh.js, line 202: TypeError: this.win is null
JavaScript error: resource://devtools/shared/base-loader.js -> resource://devtools/server/actors/highlighters/auto-refresh.js, line 202: TypeError: this.win is null
JavaScript error: resource://devtools/shared/base-loader.js -> resource://devtools/server/actors/highlighters/auto-refresh.js, line 202: TypeError: this.win is null
JavaScript error: resource://devtools/shared/base-loader.js -> resource://devtools/server/actors/highlighters/auto-refresh.js, line 202: TypeError: this.win is null
JavaScript error: resource://devtools/shared/base-loader.js -> resource://devtools/server/actors/highlighters/auto-refresh.js, line 202: TypeError: this.win is null
JavaScript error: resource://devtools/shared/base-loader.js -> resource://devtools/server/actors/highlighters/auto-refresh.js, line 202: TypeError: this.win is null
JavaScript error: resource://devtools/shared/base-loader.js -> resource://devtools/server/actors/highlighters/auto-refresh.js, line 202: TypeError: this.win is null
JavaScript error: resource://devtools/shared/base-loader.js -> resource://devtools/server/actors/highlighters/auto-refresh.js, line 202: TypeError: this.win is null
JavaScript error: resource://devtools/shared/base-loader.js -> resource://devtools/server/actors/highlighters/auto-refresh.js, line 202: TypeError: this.win is null
JavaScript error: resource://devtools/shared/base-loader.js -> resource://devtools/server/actors/highlighters/auto-refresh.js, line 202: TypeError: this.win is null
JavaScript error: resource://devtools/shared/base-loader.js -> resource://devtools/server/actors/highlighters/auto-refresh.js, line 202: TypeError: this.win is null
JavaScript error: resource://devtools/shared/base-loader.js -> resource://devtools/server/actors/highlighters/auto-refresh.js, line 202: TypeError: this.win is null
JavaScript error: resource://devtools/shared/base-loader.js -> resource://devtools/server/actors/highlighters/auto-refresh.js, line 202: TypeError: this.win is null
JavaScript error: resource://devtools/shared/base-loader.js -> resource://devtools/server/actors/highlighters/auto-refresh.js, line 202: TypeError: this.win is null
JavaScript error: resource://devtools/shared/base-loader.js -> resource://devtools/server/actors/highlighters/auto-refresh.js, line 202: TypeError: this.win is null
Unable to read VR Path Registry from C:\Users\chenya\AppData\Local\openvr\openvrpaths.vrpath
[Child 824, Chrome_ChildThread] WARNING: pipe error: 109: file z:/build/build/src/ipc/chromium/src/chrome/common/ipc_channel_win.cc, line 346
[Child 824, Chrome_ChildThread] WARNING: pipe error: 109: file z:/build/build/src/ipc/chromium/src/chrome/common/ipc_channel_win.cc, line 346
[Child 11996, Chrome_ChildThread] WARNING: pipe error: 109: file z:/build/build/src/ipc/chromium/src/chrome/common/ipc_channel_win.cc, line 346
[Child 11996, Chrome_ChildThread] WARNING: pipe error: 109: file z:/build/build/src/ipc/chromium/src/chrome/common/ipc_channel_win.cc, line 346
Unable to read VR Path Registry from C:\Users\chenya\AppData\Local\openvr\openvrpaths.vrpath
[Child 11908, Chrome_ChildThread] WARNING: pipe error: 109: file z:/build/build/src/ipc/chromium/src/chrome/common/ipc_channel_win.cc, line 346
Unable to read VR Path Registry from C:\Users\chenya\AppData\Local\openvr\openvrpaths.vrpath
t error: https://test-xiao.vdongtx.com/web/index.php?c=utility&a=visit&do=showjs&type=FRAME, line 1: SyntaxError: expected expression, got '<'
JavaScript error: https://test-xiao.vdongtx.com/addons/ewei_shopv2/static/js/require.js, line 5: Error: Script error for "../addons/ewei_shopv2/static/js/web/tip.js?v=1532587334391"
http://requirejs.org/docs/errors.html#scripterror
JavaScript error: https://test-xiao.vdongtx.com/addons/ewei_shopv2/static/js/require.js, line 5: Error: Script error for "../addons/ewei_shopv2/static/js/dist/jquery/jquery.gcjs.js?v=1532587334391"
http://requirejs.org/docs/errors.html#scripterror
JavaScript error: https://test-xiao.vdongtx.com/addons/ewei_shopv2/static/js/require.js, line 5: Error: Script error for "../addons/ewei_shopv2/static/js/dist/tooltipbox.js?v=1532587334391"
http://requirejs.org/docs/errors.html#scripterror
JavaScript error: https://test-xiao.vdongtx.com/addons/ewei_shopv2/static/js/require.js, line 5: Error: Script error for "../addons/ewei_shopv2/static/js/web/biz.js?v=1532587334391"
http://requirejs.org/docs/errors.html#scripterror
Unable to read VR Path Registry from C:\Users\chenya\AppData\Local\openvr\openvrpaths.vrpath
[Child 10828, Chrome_ChildThread] WARNING: pipe error: 109: file z:/build/build/src/ipc/chromium/src/chrome/common/ipc_channel_win.cc, line 346
[Child 10828, Chrome_ChildThread] WARNING: pipe error: 109: file z:/build/build/src/ipc/chromium/src/chrome/common/ipc_channel_win.cc, line 346
[Child 6744, Chrome_ChildThread] WARNING: pipe error: 109: file z:/build/build/src/ipc/chromium/src/chrome/common/ipc_channel_win.cc, line 346
[Child 6744, Chrome_ChildThread] WARNING: pipe error: 109: file z:/build/build/src/ipc/chromium/src/chrome/common/ipc_channel_win.cc, line 346
Unable to read VR Path Registry from C:\Users\chenya\AppData\Local\openvr\openvrpaths.vrpath
[Child 7244, Chrome_ChildThread] WARNING: pipe error: 109: file z:/build/build/src/ipc/chromium/src/chrome/common/ipc_channel_win.cc, line 346
[Child 7244, Chrome_ChildThread] WARNING: pipe error: 109: file z:/build/build/src/ipc/chromium/src/chrome/common/ipc_channel_win.cc, line 346
Unable to read VR Path Registry from C:\Users\chenya\AppData\Local\openvr\openvrpaths.vrpath
532589014907	addons.productaddons	WARN	Failed downloading via XHR, status: 0, reason: error
Unable to read VR Path Registry from C:\Users\chenya\AppData\Local\openvr\openvrpaths.vrpath
[Parent 9864, Gecko_IOThread] WARNING: pipe error: 109: file z:/build/build/src/ipc/chromium/src/chrome/common/ipc_channel_win.cc, line 346
[Parent 9864, Gecko_IOThread] WARNING: pipe error: 109: file z:/build/build/src/ipc/chromium/src/chrome/common/ipc_channel_win.cc, line 346
Unable to read VR Path Registry from C:\Users\chenya\AppData\Local\openvr\openvrpaths.vrpath
[Child 7904, Chrome_ChildThread] WARNING: pipe error: 109: file z:/build/build/src/ipc/chromium/src/chrome/common/ipc_channel_win.cc, line 346
[Child 7904, Chrome_ChildThread] WARNING: pipe error: 109: file z:/build/build/src/ipc/chromium/src/chrome/common/ipc_channel_win.cc, line 346
[Child 12096, Chrome_ChildThread] WARNING: pipe error: 109: file z:/build/build/src/ipc/chromium/src/chrome/common/ipc_channel_win.cc, line 346
[Child 12096, Chrome_ChildThread] WARNING: pipe error: 109: file z:/build/build/src/ipc/chromium/src/chrome/common/ipc_channel_win.cc, line 346
Unable to read VR Path Registry from C:\Users\chenya\AppData\Local\openvr\openvrpaths.vrpath
[Child 6856, Chrome_ChildThread] WARNING: pipe error: 109: file z:/build/build/src/ipc/chromium/src/chrome/common/ipc_channel_win.cc, line 346
[Child 6856, Chrome_ChildThread] WARNING: pipe error: 109: file z:/build/build/src/ipc/chromium/src/chrome/common/ipc_channel_win.cc, line 346
/addons/ewei_shopv2/static/js/require.js, line 5: Error: Script error for "../addons/ewei_shopv2/static/js/web/biz.js?v=1532590558974"
http://requirejs.org/docs/errors.html#scripterror
JavaScript error: https://test-xiao.vdongtx.com/addons/ewei_shopv2/static/js/require.js, line 5: Error: Script error for "../addons/ewei_shopv2/static/js/dist/jquery/jquery.gcjs.js?v=1532590558974"
http://requirejs.org/docs/errors.html#scripterror
JavaScript error: https://test-xiao.vdongtx.com/addons/ewei_shopv2/static/js/require.js, line 5: Error: Script error for "../addons/ewei_shopv2/static/js/dist/tooltipbox.js?v=1532590558974"
http://requirejs.org/docs/errors.html#scripterror
JavaScript error: https://test-xiao.vdongtx.com/addons/ewei_shopv2/static/js/require.js, line 5: Error: Script error for "../addons/ewei_shopv2/static/js/web/tip.js?v=1532590558974"
http://requirejs.org/docs/errors.html#scripterror
[Child 7724, Chrome_ChildThread] WARNING: pipe error: 109: file z:/build/build/src/ipc/chromium/src/chrome/common/ipc_channel_win.cc, line 346
[Child 7724, Chrome_ChildThread] WARNING: pipe error: 109: file z:/build/build/src/ipc/chromium/src/chrome/common/ipc_channel_win.cc, line 346
Unable to read VR Path Registry from C:\Users\chenya\AppData\Local\openvr\openvrpaths.vrpath
[Child 10400, Chrome_ChildThread] WARNING: pipe error: 109: file z:/build/build/src/ipc/chromium/src/chrome/common/ipc_channel_win.cc, line 346
[Child 10400, Chrome_ChildThread] WARNING: pipe error: 109: file z:/build/build/src/ipc/chromium/src/chrome/common/ipc_channel_win.cc, line 346
Unable to read VR Path Registry from C:\Users\chenya\AppData\Local\openvr\openvrpaths.vrpath
[Parent 11400, Gecko_IOThread] WARNING: pipe error: 109: file z:/build/build/src/ipc/chromium/src/chrome/common/ipc_channel_win.cc, line 346
Unable to read VR Path Registry from C:\Users\chenya\AppData\Local\openvr\openvrpaths.vrpath
[Child 10148, Chrome_ChildThread] WARNING: pipe error: 109: file z:/build/build/src/ipc/chromium/src/chrome/common/ipc_channel_win.cc, line 346
JavaScript error: https://test-xiao.vdongtx.com/addons/ewei_shopv2/static/js/require.js, line 5: Error: Script error for "../addons/ewei_shopv2/static/js/web/table.js?v=1532590662459"
http://requirejs.org/docs/errors.html#scripterror
JavaScript error: https://test-xiao.vdongtx.com/addons/ewei_shopv2/static/js/require.js, line 5: Error: Script error for "../addons/ewei_shopv2/static/js/dist/jquery/jquery.gcjs.js?v=1532590662459"
http://requirejs.org/docs/errors.html#scripterror
JavaScript error: https://test-xiao.vdongtx.com/addons/ewei_shopv2/static/js/require.js, line 5: Error: Script error for "../addons/ewei_shopv2/static/js/web/tip.js?v=1532590662459"
http://requirejs.org/docs/errors.html#scripterror
JavaScript error: https://test-xiao.vdongtx.com/addons/ewei_shopv2/static/js/require.js, line 5: Error: Script error for "../addons/ewei_shopv2/static/js/dist/tooltipbox.js?v=1532590662459"
http://requirejs.org/docs/errors.html#scripterror
JavaScript error: https://test-xiao.vdongtx.com/addons/ewei_shopv2/static/js/require.js, line 5: Error: Script error for "../addons/ewei_shopv2/static/js/web/biz.js?v=1532590662459"
http://requirejs.org/docs/errors.html#scripterror
Unable to read VR Path Registry from C:\Users\chenya\AppData\Local\openvr\openvrpaths.vrpath
[Child 11660, Chrome_ChildThread] WARNING: pipe error: 109: file z:/build/build/src/ipc/chromium/src/chrome/common/ipc_channel_win.cc, line 346
[Child 11660, Chrome_ChildThread] WARNING: pipe error: 109: file z:/build/build/src/ipc/chromium/src/chrome/common/ipc_channel_win.cc, line 346
Unable to read VR Path Registry from C:\Users\chenya\AppData\Local\openvr\openvrpaths.vrpath
[Parent 11416, Gecko_IOThread] WARNING: pipe error: 109: file z:/build/build/src/ipc/chromium/src/chrome/common/ipc_channel_win.cc, line 346
[Child 9436, Chrome_ChildThread] WARNING: pipe error: 109: file z:/build/build/src/ipc/chromium/src/chrome/common/ipc_channel_win.cc, line 346
[Parent 11416, Gecko_IOThread] WARNING: pipe error: 109: file z:/build/build/src/ipc/chromium/src/chrome/common/ipc_channel_win.cc, line 346
Unable to read VR Path Registry from C:\Users\chenya\AppData\Local\openvr\openvrpaths.vrpath
[Child 6384, Chrome_ChildThread] WARNING: pipe error: 109: file z:/build/build/src/ipc/chromium/src/chrome/common/ipc_channel_win.cc, line 346
1532591112684	geckodriver	INFO	geckodriver 0.21.0
1532591112695	geckodriver	INFO	Listening on 127.0.0.1:52058
1532591115725	mozrunner::runner	INFO	Running command: "F:\\火狐浏览器\\firefox.exe" "-marionette" "-foreground" "-no-remote" "-profile" "C:\\Users\\chenya\\AppData\\Local\\Temp\\rust_mozprofile.9pat3HtPrelz"
1532591117872	Marionette	INFO	Listening on port 52082
1532591117949	Marionette	WARN	TLS certificate errors will be ignored for this session
Unable to read VR Path Registry from C:\Users\chenya\AppData\Local\openvr\openvrpaths.vrpath
JavaScript error: https://test-xiao.vdongtx.com/web/index.php?c=utility&a=visit&do=showjs&type=system, line 1: SyntaxError: expected expression, got '<'
JavaScript error: https://test-xiao.vdongtx.com/web/index.php?c=user&a=login&, line 124: ReferenceError: cookie is not defined
JavaScript error: https://test-xiao.vdongtx.com/web/index.php?c=utility&a=visit&do=showjs&type=FRAME, line 1: SyntaxError: expected expression, got '<'
JavaScript error: https://test-xiao.vdongtx.com/web/index.php?c=utility&a=visit&do=showjs&type=FRAME, line 1: SyntaxError: expected expression, got '<'
Unable to read VR Path Registry from C:\Users\chenya\AppData\Local\openvr\openvrpaths.vrpath
[Child 8904, Chrome_ChildThread] WARNING: pipe error: 109: file z:/build/build/src/ipc/chromium/src/chrome/common/ipc_channel_win.cc, line 346
1532591332091	addons.productaddons	WARN	Failed downloading via XHR, status: 0, reason: error
1532591332092	addons.productaddons	WARN	Failed downloading via XHR, status: 0, reason: error
[Child 7052, Chrome_ChildThread] WARNING: pipe error: 109: file z:/build/build/src/ipc/chromium/src/chrome/common/ipc_channel_win.cc, line 346
[Child 7052, Chrome_ChildThread] WARNING: pipe error: 109: file z:/build/build/src/ipc/chromium/src/chrome/common/ipc_channel_win.cc, line 346
Unable to read VR Path Registry from C:\Users\chenya\AppData\Local\openvr\openvrpaths.vrpath
[Child 4860, Chrome_ChildThread] WARNING: pipe error: 109: file z:/build/build/src/ipc/chromium/src/chrome/common/ipc_channel_win.cc, line 346
[Child 4860, Chrome_ChildThread] WARNING: pipe error: 109: file z:/build/build/src/ipc/chromium/src/chrome/common/ipc_channel_win.cc, line 346
Unable to read VR Path Registry from C:\Users\chenya\AppData\Local\openvr\openvrpaths.vrpath
.com/addons/ewei_shopv2/static/js/require.js, line 5: Error: Script error for "../addons/ewei_shopv2/static/js/web/init.js?v=1532591331921"
http://requirejs.org/docs/errors.html#scripterror
JavaScript error: https://test-xiao.vdongtx.com/addons/ewei_shopv2/static/js/require.js, line 5: Error: Script error for "../addons/ewei_shopv2/static/js/dist/echarts/echarts-all.js?v=1532591331921"
http://requirejs.org/docs/errors.html#scripterror
JavaScript error: https://test-xiao.vdongtx.com/addons/ewei_shopv2/static/js/require.js, line 5: Error: Script error for "../addons/ewei_shopv2/static/js/web/init.js?v=1532591345992"
http://requirejs.org/docs/errors.html#scripterror
Unable to read VR Path Registry from C:\Users\chenya\AppData\Local\openvr\openvrpaths.vrpath
[Parent 11452, Gecko_IOThread] WARNING: pipe error: 109: file z:/build/build/src/ipc/chromium/src/chrome/common/ipc_channel_win.cc, line 346
Unable to read VR Path Registry from C:\Users\chenya\AppData\Local\openvr\openvrpaths.vrpath
[Child 8980, Chrome_ChildThread] WARNING: pipe error: 109: file z:/build/build/src/ipc/chromium/src/chrome/common/ipc_channel_win.cc, line 346
[Child 8980, Chrome_ChildThread] WARNING: pipe error: 109: file z:/build/build/src/ipc/chromium/src/chrome/common/ipc_channel_win.cc, line 346
Unable to read VR Path Registry from C:\Users\chenya\AppData\Local\openvr\openvrpaths.vrpath
[Child 6124, Chrome_ChildThread] WARNING: pipe error: 109: file z:/build/build/src/ipc/chromium/src/chrome/common/ipc_channel_win.cc, line 346
1533000621592	geckodriver	INFO	geckodriver 0.21.0
1533000621602	geckodriver	INFO	Listening on 127.0.0.1:50784
1533000624706	mozrunner::runner	INFO	Running command: "F:\\火狐浏览器\\firefox.exe" "-marionette" "-foreground" "-no-remote" "-profile" "C:\\Users\\chenya\\AppData\\Local\\Temp\\rust_mozprofile.0blIxiJMECyM"
IPDL protocol error: Handler returned error code!

###!!! [Parent][DispatchAsyncMessage] Error: PLayerTransaction::Msg_ReleaseLayer Processing error: message was deserialized, but the handler returned false (indicating failure)

1533000628451	Marionette	INFO	Listening on port 50792
1533000628594	Marionette	WARN	TLS certificate errors will be ignored for this session
Unable to read VR Path Registry from C:\Users\chenya\AppData\Local\openvr\openvrpaths.vrpath
JavaScript error: https://test-xiao.vdongtx.com/web/index.php?c=utility&a=visit&do=showjs&type=system, line 1: SyntaxError: expected expression, got '<'
JavaScript error: https://test-xiao.vdongtx.com/web/index.php?c=user&a=login&, line 124: ReferenceError: cookie is not defined
JavaScript error: https://test-xiao.vdongtx.com/web/index.php?c=utility&a=visit&do=showjs&type=FRAME, line 1: SyntaxError: expected expression, got '<'
JavaScript error: https://test-xiao.vdongtx.com/web/index.php?c=utility&a=visit&do=showjs&type=FRAME, line 1: SyntaxError: expected expression, got '<'
Unable to read VR Path Registry from C:\Users\chenya\AppData\Local\openvr\openvrpaths.vrpath
[Parent 8000, Gecko_IOThread] WARNING: pipe error: 109: file z:/build/build/src/ipc/chromium/src/chrome/common/ipc_channel_win.cc, line 346
Unable to read VR Path Registry from C:\Users\chenya\AppData\Local\openvr\openvrpaths.vrpath
[Child 7420, Chrome_ChildThread] WARNING: pipe error: 109: file z:/build/build/src/ipc/chromium/src/chrome/common/ipc_channel_win.cc, line 346
[Child 7420, Chrome_ChildThread] WARNING: pipe error: 109: file z:/build/build/src/ipc/chromium/src/chrome/common/ipc_channel_win.cc, line 346
[Child 7112, Chrome_ChildThread] WARNING: pipe error: 109: file z:/build/build/src/ipc/chromium/src/chrome/common/ipc_channel_win.cc, line 346
[Parent 8000, Gecko_IOThread] WARNING: pipe error: 109: file z:/build/build/src/ipc/chromium/src/chrome/common/ipc_channel_win.cc, line 346
Unable to read VR Path Registry from C:\Users\chenya\AppData\Local\openvr\openvrpaths.vrpath
[Child 7804, Chrome_ChildThread] WARNING: pipe error: 109: file z:/build/build/src/ipc/chromium/src/chrome/common/ipc_channel_win.cc, line 346
[Child 7804, Chrome_ChildThread] WARNING: pipe error: 109: file z:/build/build/src/ipc/chromium/src/chrome/common/ipc_channel_win.cc, line 346
1533002575748	geckodriver	INFO	geckodriver 0.21.0
1533002575759	geckodriver	INFO	Listening on 127.0.0.1:51775
1533002578789	mozrunner::runner	INFO	Running command: "F:\\火狐浏览器\\firefox.exe" "-marionette" "-foreground" "-no-remote" "-profile" "C:\\Users\\chenya\\AppData\\Local\\Temp\\rust_mozprofile.0BrXukDzgwma"
1533002581152	Marionette	INFO	Listening on port 51783
1533002581529	Marionette	WARN	TLS certificate errors will be ignored for this session
Unable to read VR Path Registry from C:\Users\chenya\AppData\Local\openvr\openvrpaths.vrpath
JavaScript error: https://test-xiao.vdongtx.com/web/index.php?c=utility&a=visit&do=showjs&type=system, line 1: SyntaxError: expected expression, got '<'
JavaScript error: https://test-xiao.vdongtx.com/web/index.php?c=user&a=login&, line 124: ReferenceError: cookie is not defined
JavaScript error: https://test-xiao.vdongtx.com/web/index.php?c=utility&a=visit&do=showjs&type=FRAME, line 1: SyntaxError: expected expression, got '<'
JavaScript error: https://test-xiao.vdongtx.com/web/index.php?c=utility&a=visit&do=showjs&type=FRAME, line 1: SyntaxError: expected expression, got '<'
Unable to read VR Path Registry from C:\Users\chenya\AppData\Local\openvr\openvrpaths.vrpath
[Parent 8756, Gecko_IOThread] WARNING: pipe error: 109: file z:/build/build/src/ipc/chromium/src/chrome/common/ipc_channel_win.cc, line 346
[Parent 8756, Gecko_IOThread] WARNING: pipe error: 109: file z:/build/build/src/ipc/chromium/src/chrome/common/ipc_channel_win.cc, line 346
[Child 8632, Chrome_ChildThread] WARNING: pipe error: 109: file z:/build/build/src/ipc/chromium/src/chrome/common/ipc_channel_win.cc, line 346
[Child 8632, Chrome_ChildThread] WARNING: pipe error: 109: file z:/build/build/src/ipc/chromium/src/chrome/common/ipc_channel_win.cc, line 346
Unable to read VR Path Registry from C:\Users\chenya\AppData\Local\openvr\openvrpaths.vrpath
[Child 7544, Chrome_ChildThread] WARNING: pipe error: 109: file z:/build/build/src/ipc/chromium/src/chrome/common/ipc_channel_win.cc, line 346
[Child 7544, Chrome_ChildThread] WARNING: pipe error: 109: file z:/build/build/src/ipc/chromium/src/chrome/common/ipc_channel_win.cc, line 346
