1542893352588	geckodriver	INFO	geckodriver 0.21.0
1542893352598	geckodriver	INFO	Listening on 127.0.0.1:63509
1542893355614	mozrunner::runner	INFO	Running command: "F:\\火狐浏览器\\firefox.exe" "-marionette" "-foreground" "-no-remote" "-profile" "C:\\Users\\chenya\\AppData\\Local\\Temp\\rust_mozprofile.QCVtxqhAdfE0"
1542893357918	Marionette	INFO	Listening on port 63532
1542893358326	Marionette	WARN	TLS certificate errors will be ignored for this session
Unable to read VR Path Registry from C:\Users\chenya\AppData\Local\openvr\openvrpaths.vrpath
[Parent 8992, Gecko_IOThread] WARNING: pipe error: 109: file z:/build/build/src/ipc/chromium/src/chrome/common/ipc_channel_win.cc, line 346
[Parent 8992, Gecko_IOThread] WARNING: pipe error: 109: file z:/build/build/src/ipc/chromium/src/chrome/common/ipc_channel_win.cc, line 346
Unable to read VR Path Registry from C:\Users\chenya\AppData\Local\openvr\openvrpaths.vrpath
[Child 11492, Chrome_ChildThread] WARNING: pipe error: 109: file z:/build/build/src/ipc/chromium/src/chrome/common/ipc_channel_win.cc, line 346
[Child 11492, Chrome_ChildThread] WARNING: pipe error: 109: file z:/build/build/src/ipc/chromium/src/chrome/common/ipc_channel_win.cc, line 346
Unable to read VR Path Registry from C:\Users\chenya\AppData\Local\openvr\openvrpaths.vrpath
[Child 12668, Chrome_ChildThread] WARNING: pipe error: 109: file z:/build/build/src/ipc/chromium/src/chrome/common/ipc_channel_win.cc, line 346
[Child 12668, Chrome_ChildThread] WARNING: pipe error: 109: file z:/build/build/src/ipc/chromium/src/chrome/common/ipc_channel_win.cc, line 346
Unable to read VR Path Registry from C:\Users\chenya\AppData\Local\openvr\openvrpaths.vrpath
[Child 10536, Chrome_ChildThread] WARNING: pipe error: 109: file z:/build/build/src/ipc/chromium/src/chrome/common/ipc_channel_win.cc, line 346
1545037701000	geckodriver	INFO	geckodriver 0.21.0
1545037701017	geckodriver	INFO	Listening on 127.0.0.1:34721
1545037704017	mozrunner::runner	INFO	Running command: "F:\\火狐浏览器\\firefox.exe" "-marionette" "-foreground" "-no-remote" "-profile" "C:\\Users\\chenya\\AppData\\Local\\Temp\\rust_mozprofile.1TR7cQmQrr2A"
1545037706274	Marionette	INFO	Listening on port 34739
1545037706732	Marionette	WARN	TLS certificate errors will be ignored for this session
Unable to read VR Path Registry from C:\Users\chenya\AppData\Local\openvr\openvrpaths.vrpath
[Child 6708, Chrome_ChildThread] WARNING: pipe error: 109: file z:/build/build/src/ipc/chromium/src/chrome/common/ipc_channel_win.cc, line 346
[Child 6708, Chrome_ChildThread] WARNING: pipe error: 109: file z:/build/build/src/ipc/chromium/src/chrome/common/ipc_channel_win.cc, line 346
Unable to read VR Path Registry from C:\Users\chenya\AppData\Local\openvr\openvrpaths.vrpath
[Child 9920, Chrome_ChildThread] WARNING: pipe error: 109: file z:/build/build/src/ipc/chromium/src/chrome/common/ipc_channel_win.cc, line 346
Unable to read VR Path Registry from C:\Users\chenya\AppData\Local\openvr\openvrpaths.vrpath
[Parent 6380, Gecko_IOThread] WARNING: pipe error: 109: file z:/build/build/src/ipc/chromium/src/chrome/common/ipc_channel_win.cc, line 346
Unable to read VR Path Registry from C:\Users\chenya\AppData\Local\openvr\openvrpaths.vrpath
[Child 11248, Chrome_ChildThread] WARNING: pipe error: 109: file z:/build/build/src/ipc/chromium/src/chrome/common/ipc_channel_win.cc, line 346
*** UTM:SVC TimerManager:registerTimer called after profile-before-change notification. Ignoring timer registration for id: telemetry_modules_ping
